#
# A fatal error has been detected by the Java Runtime Environment:
#
#  SIGSEGV (0xb) at pc=0x000000011bcd804e, pid=57108, tid=0x0000000000001803
#
# JRE version: Java(TM) SE Runtime Environment (8.0_121-b13) (build 1.8.0_121-b13)
# Java VM: Java HotSpot(TM) 64-Bit Server VM (25.121-b13 mixed mode bsd-amd64 compressed oops)
# Problematic frame:
# C  [libz3.dylib+0x3504e]  Z3_inc_ref+0x3e
#
# Failed to write core dump. Core dumps have been disabled. To enable core dumping, try "ulimit -c unlimited" before starting Java again
#
# If you would like to submit a bug report, please visit:
#   http://bugreport.java.com/bugreport/crash.jsp
# The crash happened outside the Java Virtual Machine in native code.
# See problematic frame for where to report the bug.
#

---------------  T H R E A D  ---------------

Current thread (0x00007fb866804800):  JavaThread "main" [_thread_in_native, id=6147, stack(0x0000700009c30000,0x0000700009d30000)]

siginfo: si_signo: 11 (SIGSEGV), si_code: 1 (SEGV_MAPERR), si_addr: 0x0000000000000012

Registers:
RAX=0x000000011bc7b5f0, RBX=0x000000000000000a, RCX=0x000000000000000a, RDX=0x00007fb866925008
RSP=0x0000700009d2e2a0, RBP=0x0000700009d2e300, RSI=0x000000000000000a, RDI=0x00007fb866925008
R8 =0x0000000000000003, R9 =0x0000000000000000, R10=0x00007fb86654a7d0, R11=0x000000011bcd8010
R12=0x000000011cdeace8, R13=0x0000000118cd2a90, R14=0x0000700009d2e368, R15=0x00007fb866925008
RIP=0x000000011bcd804e, EFLAGS=0x0000000000010206, ERR=0x0000000000000006
  TRAPNO=0x000000000000000e

Top of Stack: (sp=0x0000700009d2e2a0)
0x0000700009d2e2a0:   0000000118cd2a90 0000000000000000
0x0000700009d2e2b0:   0000700009d2e368 00007fb866804800
0x0000700009d2e2c0:   0000700009d2e330 00000001054309f4
0x0000700009d2e2d0:   0000700009d2e330 0000000105430779
0x0000700009d2e2e0:   000000010543c9a3 0000000105430742
0x0000700009d2e2f0:   0000700009d2e2f0 0000000118cd2a90
0x0000700009d2e300:   0000700009d2e368 0000000118d0f820
0x0000700009d2e310:   0000000000000000 0000000118cd2a90
0x0000700009d2e320:   0000000000000000 0000700009d2e350
0x0000700009d2e330:   0000700009d2e3b0 00000001054212bd
0x0000700009d2e340:   0000000795ade780 000000010542a538
0x0000700009d2e350:   000000000000000a 000000010542be39
0x0000700009d2e360:   00007fb866925008 000000010542be02
0x0000700009d2e370:   0000700009d2e370 0000000118ceba12
0x0000700009d2e380:   0000700009d2e3e0 0000000118d0f820
0x0000700009d2e390:   0000000000000000 0000000118ceba48
0x0000700009d2e3a0:   0000700009d2e350 0000700009d2e3c8
0x0000700009d2e3b0:   0000700009d2e428 00000001054212bd
0x0000700009d2e3c0:   0000000000000000 000000000000000a
0x0000700009d2e3d0:   0000000795b1d9c0 00007fb866925008
0x0000700009d2e3e0:   0000000795a99c88 0000700009d2e3e8
0x0000700009d2e3f0:   0000000118cab44b 0000700009d2e438
0x0000700009d2e400:   0000000118d1c858 0000000000000000
0x0000700009d2e410:   0000000118cab458 0000700009d2e3c8
0x0000700009d2e420:   0000700009d2e438 0000700009d2e480
0x0000700009d2e430:   00000001054212bd 0000000795b1d9c0
0x0000700009d2e440:   0000700009d2e440 0000000118ca76a4
0x0000700009d2e450:   0000700009d2e4a8 0000000118d18c40
0x0000700009d2e460:   0000000000000000 0000000118ca76b8
0x0000700009d2e470:   0000700009d2e438 0000700009d2e490
0x0000700009d2e480:   0000700009d2e4f0 00000001054212bd
0x0000700009d2e490:   000000000000000a 000000010542be39 

Instructions: (pc=0x000000011bcd804e)
0x000000011bcd802e:   40 84 ed 74 0b 4c 89 ff 48 89 de e8 62 dd 01 00
0x000000011bcd803e:   41 c7 87 08 06 00 00 00 00 00 00 48 85 db 74 03
0x000000011bcd804e:   ff 43 08 41 88 2c 24 5b 41 5c 41 5e 41 5f 5d c3
0x000000011bcd805e:   49 89 c6 41 88 2c 24 83 fa 01 75 28 4c 89 f7 e8 

Register to memory mapping:

RAX=0x000000011bc7b5f0: Java_com_microsoft_z3_Native_INTERNALincRef+0 in /Users/haowu/uran/lib/libz3java.dylib at 0x000000011bc7a000
RBX=0x000000000000000a is an unknown value
RCX=0x000000000000000a is an unknown value
RDX=0x00007fb866925008 is an unknown value
RSP=0x0000700009d2e2a0 is pointing into the stack for thread: 0x00007fb866804800
RBP=0x0000700009d2e300 is pointing into the stack for thread: 0x00007fb866804800
RSI=0x000000000000000a is an unknown value
RDI=0x00007fb866925008 is an unknown value
R8 =0x0000000000000003 is an unknown value
R9 =0x0000000000000000 is an unknown value
R10=0x00007fb86654a7d0 is an unknown value
R11=0x000000011bcd8010: Z3_inc_ref+0 in /usr/local/lib/libz3.dylib at 0x000000011bca3000
R12=0x000000011cdeace8: g_z3_log_enabled+0 in /usr/local/lib/libz3.dylib at 0x000000011bca3000
R13={method} {0x0000000118cd2a90} 'INTERNALincRef' '(JJ)V' in 'com/microsoft/z3/Native'
R14=0x0000700009d2e368 is pointing into the stack for thread: 0x00007fb866804800
R15=0x00007fb866925008 is an unknown value


Stack: [0x0000700009c30000,0x0000700009d30000],  sp=0x0000700009d2e2a0,  free space=1016k
Native frames: (J=compiled Java code, j=interpreted, Vv=VM code, C=native code)
C  [libz3.dylib+0x3504e]  Z3_inc_ref+0x3e
C  0x0000000118d0f820
C  0x0000700009d2e370

Java frames: (J=compiled Java code, j=interpreted, Vv=VM code)
j  com.microsoft.z3.Native.INTERNALincRef(JJ)V+0
j  com.microsoft.z3.Native.incRef(JJ)V+2
j  com.microsoft.z3.AST.incRef()V+11
j  com.microsoft.z3.Z3Object.<init>(Lcom/microsoft/z3/Context;J)V+20
j  com.microsoft.z3.AST.<init>(Lcom/microsoft/z3/Context;J)V+3
j  com.microsoft.z3.ASTVector.get(I)Lcom/microsoft/z3/AST;+23
j  com.microsoft.z3.ASTVector.ToBoolExprArray()[Lcom/microsoft/z3/BoolExpr;+25
j  com.microsoft.z3.Context.parseSMTLIB2File(Ljava/lang/String;[Lcom/microsoft/z3/Symbol;[Lcom/microsoft/z3/Sort;[Lcom/microsoft/z3/Symbol;[Lcom/microsoft/z3/FuncDecl;)[Lcom/microsoft/z3/BoolExpr;+98
j  uran.test.formula.testFormula.Case14()Lcom/microsoft/z3/Status;+54
j  uran.test.formula.testFormula.test1()V+12
v  ~StubRoutines::call_stub
j  sun.reflect.NativeMethodAccessorImpl.invoke0(Ljava/lang/reflect/Method;Ljava/lang/Object;[Ljava/lang/Object;)Ljava/lang/Object;+0
j  sun.reflect.NativeMethodAccessorImpl.invoke(Ljava/lang/Object;[Ljava/lang/Object;)Ljava/lang/Object;+100
j  sun.reflect.DelegatingMethodAccessorImpl.invoke(Ljava/lang/Object;[Ljava/lang/Object;)Ljava/lang/Object;+6
j  java.lang.reflect.Method.invoke(Ljava/lang/Object;[Ljava/lang/Object;)Ljava/lang/Object;+56
j  org.junit.runners.model.FrameworkMethod$1.runReflectiveCall()Ljava/lang/Object;+15
j  org.junit.internal.runners.model.ReflectiveCallable.run()Ljava/lang/Object;+1
j  org.junit.runners.model.FrameworkMethod.invokeExplosively(Ljava/lang/Object;[Ljava/lang/Object;)Ljava/lang/Object;+10
j  org.junit.internal.runners.statements.InvokeMethod.evaluate()V+12
j  org.junit.internal.runners.statements.RunBefores.evaluate()V+49
j  org.junit.internal.runners.statements.RunAfters.evaluate()V+18
j  org.junit.runners.BlockJUnit4ClassRunner.runChild(Lorg/junit/runners/model/FrameworkMethod;Lorg/junit/runner/notification/RunNotifier;)V+31
j  org.junit.runners.BlockJUnit4ClassRunner.runChild(Ljava/lang/Object;Lorg/junit/runner/notification/RunNotifier;)V+6
j  org.junit.runners.ParentRunner.runChildren(Lorg/junit/runner/notification/RunNotifier;)V+29
j  org.junit.runners.ParentRunner.access$000(Lorg/junit/runners/ParentRunner;Lorg/junit/runner/notification/RunNotifier;)V+2
j  org.junit.runners.ParentRunner$1.evaluate()V+8
j  org.junit.internal.runners.statements.RunBefores.evaluate()V+49
j  org.junit.internal.runners.statements.RunAfters.evaluate()V+18
j  org.junit.runners.ParentRunner.run(Lorg/junit/runner/notification/RunNotifier;)V+20
j  junit.framework.JUnit4TestAdapter.run(Ljunit/framework/TestResult;)V+13
j  org.apache.tools.ant.taskdefs.optional.junit.JUnitTestRunner.run()V+818
j  org.apache.tools.ant.taskdefs.optional.junit.JUnitTestRunner.launch(Lorg/apache/tools/ant/taskdefs/optional/junit/JUnitTest;[Ljava/lang/String;ZZZZZZ)I+41
j  org.apache.tools.ant.taskdefs.optional.junit.JUnitTestRunner.main([Ljava/lang/String;)V+1016
v  ~StubRoutines::call_stub

---------------  P R O C E S S  ---------------

Java Threads: ( => current thread )
  0x00007fb86785d000 JavaThread "Service Thread" daemon [_thread_blocked, id=14595, stack(0x000070000a854000,0x000070000a954000)]
  0x00007fb86785a000 JavaThread "C1 CompilerThread2" daemon [_thread_blocked, id=14083, stack(0x000070000a751000,0x000070000a851000)]
  0x00007fb867859800 JavaThread "C2 CompilerThread1" daemon [_thread_blocked, id=13571, stack(0x000070000a64e000,0x000070000a74e000)]
  0x00007fb867857800 JavaThread "C2 CompilerThread0" daemon [_thread_blocked, id=18179, stack(0x000070000a54b000,0x000070000a64b000)]
  0x00007fb867862800 JavaThread "Signal Dispatcher" daemon [_thread_blocked, id=13059, stack(0x000070000a448000,0x000070000a548000)]
  0x00007fb866823800 JavaThread "Finalizer" daemon [_thread_blocked, id=11523, stack(0x000070000a345000,0x000070000a445000)]
  0x00007fb866820800 JavaThread "Reference Handler" daemon [_thread_blocked, id=20227, stack(0x000070000a242000,0x000070000a342000)]
=>0x00007fb866804800 JavaThread "main" [_thread_in_native, id=6147, stack(0x0000700009c30000,0x0000700009d30000)]

Other Threads:
  0x00007fb86800d000 VMThread [stack: 0x000070000a13f000,0x000070000a23f000] [id=11267]
  0x00007fb867831800 WatcherThread [stack: 0x000070000a957000,0x000070000aa57000] [id=17667]

VM state:not at safepoint (normal execution)

VM Mutex/Monitor currently owned by a thread: None

Heap:
 PSYoungGen      total 38400K, used 6041K [0x0000000795580000, 0x0000000798000000, 0x00000007c0000000)
  eden space 33280K, 18% used [0x0000000795580000,0x0000000795b66708,0x0000000797600000)
  from space 5120K, 0% used [0x0000000797b00000,0x0000000797b00000,0x0000000798000000)
  to   space 5120K, 0% used [0x0000000797600000,0x0000000797600000,0x0000000797b00000)
 ParOldGen       total 87552K, used 0K [0x0000000740000000, 0x0000000745580000, 0x0000000795580000)
  object space 87552K, 0% used [0x0000000740000000,0x0000000740000000,0x0000000745580000)
 Metaspace       used 5129K, capacity 5812K, committed 6016K, reserved 1056768K
  class space    used 579K, capacity 624K, committed 640K, reserved 1048576K

Card table byte_map: [0x0000000103c35000,0x0000000104036000] byte_map_base: 0x0000000100235000

Marking Bits: (ParMarkBitMap*) 0x0000000104d67d30
 Begin Bits: [0x0000000114419000, 0x0000000116419000)
 End Bits:   [0x0000000116419000, 0x0000000118419000)

Polling page: 0x0000000102fe6000

CodeCache: size=245760Kb used=1739Kb max_used=1739Kb free=244020Kb
 bounds [0x0000000105419000, 0x0000000105689000, 0x0000000114419000]
 total_blobs=584 nmethods=260 adapters=238
 compilation: enabled

Compilation events (10 events):
Event: 0.207 Thread 0x00007fb86785a000  254       3       sun.misc.Launcher$AppClassLoader::loadClass (85 bytes)
Event: 0.208 Thread 0x00007fb86785a000 nmethod 254 0x00000001055c1650 code [0x00000001055c1880, 0x00000001055c25a8]
Event: 0.208 Thread 0x00007fb86785a000  258   !   3       java.util.WeakHashMap::expungeStaleEntries (139 bytes)
Event: 0.209 Thread 0x00007fb86785a000 nmethod 258 0x00000001055c2a50 code [0x00000001055c2c20, 0x00000001055c3748]
Event: 0.209 Thread 0x00007fb86785a000  257   !   3       java.lang.ref.Finalizer::add (41 bytes)
Event: 0.209 Thread 0x00007fb86785a000 nmethod 257 0x00000001055c3d90 code [0x00000001055c3f00, 0x00000001055c42b0]
Event: 0.211 Thread 0x00007fb86785a000  259   !   3       java.lang.ClassLoader::getPackage (118 bytes)
Event: 0.212 Thread 0x00007fb86785a000 nmethod 259 0x00000001055c43d0 code [0x00000001055c45e0, 0x00000001055c5338]
Event: 0.246 Thread 0x00007fb86785a000  260  s    1       java.util.Vector::size (5 bytes)
Event: 0.246 Thread 0x00007fb86785a000 nmethod 260 0x00000001055cbc90 code [0x00000001055cbde0, 0x00000001055cc050]

GC Heap History (0 events):
No events

Deoptimization events (0 events):
No events

Internal exceptions (6 events):
Event: 0.029 Thread 0x00007fb866804800 Exception <a 'java/lang/NoSuchMethodError': Method sun.misc.Unsafe.defineClass(Ljava/lang/String;[BII)Ljava/lang/Class; name or signature does not match> (0x0000000795587ca8) thrown at [/Users/java_re/workspace/8-2-build-macosx-x86_64/jdk8u121/8372/hotspo
Event: 0.029 Thread 0x00007fb866804800 Exception <a 'java/lang/NoSuchMethodError': Method sun.misc.Unsafe.prefetchRead(Ljava/lang/Object;J)V name or signature does not match> (0x0000000795587f90) thrown at [/Users/java_re/workspace/8-2-build-macosx-x86_64/jdk8u121/8372/hotspot/src/share/vm/pri
Event: 0.127 Thread 0x00007fb866804800 Exception <a 'java/security/PrivilegedActionException'> (0x0000000795834568) thrown at [/Users/java_re/workspace/8-2-build-macosx-x86_64/jdk8u121/8372/hotspot/src/share/vm/prims/jvm.cpp, line 1390]
Event: 0.127 Thread 0x00007fb866804800 Exception <a 'java/security/PrivilegedActionException'> (0x0000000795834960) thrown at [/Users/java_re/workspace/8-2-build-macosx-x86_64/jdk8u121/8372/hotspot/src/share/vm/prims/jvm.cpp, line 1390]
Event: 0.128 Thread 0x00007fb866804800 Exception <a 'java/security/PrivilegedActionException'> (0x0000000795838060) thrown at [/Users/java_re/workspace/8-2-build-macosx-x86_64/jdk8u121/8372/hotspot/src/share/vm/prims/jvm.cpp, line 1390]
Event: 0.128 Thread 0x00007fb866804800 Exception <a 'java/security/PrivilegedActionException'> (0x0000000795838458) thrown at [/Users/java_re/workspace/8-2-build-macosx-x86_64/jdk8u121/8372/hotspot/src/share/vm/prims/jvm.cpp, line 1390]

Events (10 events):
Event: 0.244 loading class com/microsoft/z3/enumerations/Z3_error_code
Event: 0.244 loading class com/microsoft/z3/enumerations/Z3_error_code done
Event: 0.245 loading class com/microsoft/z3/enumerations/Z3_error_code$Z3_error_code_MappingHolder
Event: 0.245 loading class com/microsoft/z3/enumerations/Z3_error_code$Z3_error_code_MappingHolder done
Event: 0.245 loading class com/microsoft/z3/Solver
Event: 0.245 loading class com/microsoft/z3/Solver done
Event: 0.246 loading class com/microsoft/z3/ASTVector
Event: 0.246 loading class com/microsoft/z3/ASTVector done
Event: 0.252 loading class com/microsoft/z3/Quantifier
Event: 0.252 loading class com/microsoft/z3/Quantifier done


Dynamic libraries:
0x000000000fcd6000 	/System/Library/Frameworks/Cocoa.framework/Versions/A/Cocoa
0x000000000fcd6000 	/System/Library/Frameworks/Security.framework/Versions/A/Security
0x000000000fcd6000 	/System/Library/Frameworks/ApplicationServices.framework/Versions/A/ApplicationServices
0x000000000fcd6000 	/usr/lib/libz.1.dylib
0x000000000fcd6000 	/usr/lib/libSystem.B.dylib
0x000000000fcd6000 	/usr/lib/libobjc.A.dylib
0x000000000fcd6000 	/System/Library/Frameworks/CoreFoundation.framework/Versions/A/CoreFoundation
0x000000000fcd6000 	/System/Library/Frameworks/Foundation.framework/Versions/C/Foundation
0x000000000fcd6000 	/System/Library/Frameworks/AppKit.framework/Versions/C/AppKit
0x000000000fcd6000 	/System/Library/Frameworks/CoreData.framework/Versions/A/CoreData
0x000000000fcd6000 	/System/Library/PrivateFrameworks/RemoteViewServices.framework/Versions/A/RemoteViewServices
0x000000000fcd6000 	/System/Library/PrivateFrameworks/UIFoundation.framework/Versions/A/UIFoundation
0x000000000fcd6000 	/System/Library/PrivateFrameworks/XCTTargetBootstrap.framework/Versions/A/XCTTargetBootstrap
0x000000000fcd6000 	/System/Library/PrivateFrameworks/IconServices.framework/Versions/A/IconServices
0x000000000fcd6000 	/System/Library/Frameworks/Metal.framework/Versions/A/Metal
0x000000000fcd6000 	/System/Library/PrivateFrameworks/DesktopServicesPriv.framework/Versions/A/DesktopServicesPriv
0x000000000fcd6000 	/usr/lib/libenergytrace.dylib
0x000000000fcd6000 	/System/Library/PrivateFrameworks/SkyLight.framework/Versions/A/SkyLight
0x000000000fcd6000 	/System/Library/Frameworks/CoreGraphics.framework/Versions/A/CoreGraphics
0x000000000fcd6000 	/System/Library/Frameworks/Accelerate.framework/Versions/A/Accelerate
0x000000000fcd6000 	/System/Library/Frameworks/IOSurface.framework/Versions/A/IOSurface
0x000000000fcd6000 	/System/Library/PrivateFrameworks/DFRFoundation.framework/Versions/A/DFRFoundation
0x000000000fcd6000 	/System/Library/Frameworks/AudioToolbox.framework/Versions/A/AudioToolbox
0x000000000fcd6000 	/System/Library/Frameworks/AudioUnit.framework/Versions/A/AudioUnit
0x000000000fcd6000 	/System/Library/PrivateFrameworks/DataDetectorsCore.framework/Versions/A/DataDetectorsCore
0x000000000fcd6000 	/System/Library/Frameworks/Carbon.framework/Versions/A/Frameworks/HIToolbox.framework/Versions/A/HIToolbox
0x000000000fcd6000 	/usr/lib/libicucore.A.dylib
0x000000000fcd6000 	/System/Library/Frameworks/QuartzCore.framework/Versions/A/QuartzCore
0x000000000fcd6000 	/System/Library/Frameworks/Carbon.framework/Versions/A/Frameworks/SpeechRecognition.framework/Versions/A/SpeechRecognition
0x000000000fcd6000 	/usr/lib/libauto.dylib
0x000000000fcd6000 	/usr/lib/libxml2.2.dylib
0x000000000fcd6000 	/System/Library/PrivateFrameworks/CoreUI.framework/Versions/A/CoreUI
0x000000000fcd6000 	/System/Library/Frameworks/CoreAudio.framework/Versions/A/CoreAudio
0x000000000fcd6000 	/System/Library/Frameworks/DiskArbitration.framework/Versions/A/DiskArbitration
0x000000000fcd6000 	/usr/lib/liblangid.dylib
0x000000000fcd6000 	/System/Library/PrivateFrameworks/MultitouchSupport.framework/Versions/A/MultitouchSupport
0x000000000fcd6000 	/System/Library/Frameworks/IOKit.framework/Versions/A/IOKit
0x000000000fcd6000 	/usr/lib/libDiagnosticMessagesClient.dylib
0x000000000fcd6000 	/System/Library/Frameworks/CoreServices.framework/Versions/A/CoreServices
0x000000000fcd6000 	/System/Library/PrivateFrameworks/PerformanceAnalysis.framework/Versions/A/PerformanceAnalysis
0x000000000fcd6000 	/System/Library/Frameworks/OpenGL.framework/Versions/A/OpenGL
0x000000000fcd6000 	/System/Library/Frameworks/ColorSync.framework/Versions/A/ColorSync
0x000000000fcd6000 	/System/Library/Frameworks/CoreImage.framework/Versions/A/CoreImage
0x000000000fcd6000 	/System/Library/Frameworks/CoreText.framework/Versions/A/CoreText
0x000000000fcd6000 	/System/Library/Frameworks/ImageIO.framework/Versions/A/ImageIO
0x000000000fcd6000 	/System/Library/PrivateFrameworks/Backup.framework/Versions/A/Backup
0x000000000fcd6000 	/usr/lib/libarchive.2.dylib
0x000000000fcd6000 	/System/Library/Frameworks/CFNetwork.framework/Versions/A/CFNetwork
0x000000000fcd6000 	/System/Library/Frameworks/SystemConfiguration.framework/Versions/A/SystemConfiguration
0x000000000fcd6000 	/usr/lib/libCRFSuite.dylib
0x000000000fcd6000 	/usr/lib/libc++.1.dylib
0x000000000fcd6000 	/usr/lib/libc++abi.dylib
0x000000000fcd6000 	/usr/lib/system/libcache.dylib
0x000000000fcd6000 	/usr/lib/system/libcommonCrypto.dylib
0x000000000fcd6000 	/usr/lib/system/libcompiler_rt.dylib
0x000000000fcd6000 	/usr/lib/system/libcopyfile.dylib
0x000000000fcd6000 	/usr/lib/system/libcorecrypto.dylib
0x000000000fcd6000 	/usr/lib/system/libdispatch.dylib
0x000000000fcd6000 	/usr/lib/system/libdyld.dylib
0x000000000fcd6000 	/usr/lib/system/libkeymgr.dylib
0x000000000fcd6000 	/usr/lib/system/liblaunch.dylib
0x000000000fcd6000 	/usr/lib/system/libmacho.dylib
0x000000000fcd6000 	/usr/lib/system/libquarantine.dylib
0x000000000fcd6000 	/usr/lib/system/libremovefile.dylib
0x000000000fcd6000 	/usr/lib/system/libsystem_asl.dylib
0x000000000fcd6000 	/usr/lib/system/libsystem_blocks.dylib
0x000000000fcd6000 	/usr/lib/system/libsystem_c.dylib
0x000000000fcd6000 	/usr/lib/system/libsystem_configuration.dylib
0x000000000fcd6000 	/usr/lib/system/libsystem_coreservices.dylib
0x000000000fcd6000 	/usr/lib/system/libsystem_darwin.dylib
0x000000000fcd6000 	/usr/lib/system/libsystem_dnssd.dylib
0x000000000fcd6000 	/usr/lib/system/libsystem_info.dylib
0x000000000fcd6000 	/usr/lib/system/libsystem_m.dylib
0x000000000fcd6000 	/usr/lib/system/libsystem_malloc.dylib
0x000000000fcd6000 	/usr/lib/system/libsystem_networkextension.dylib
0x000000000fcd6000 	/usr/lib/system/libsystem_notify.dylib
0x000000000fcd6000 	/usr/lib/system/libsystem_sandbox.dylib
0x000000000fcd6000 	/usr/lib/system/libsystem_secinit.dylib
0x000000000fcd6000 	/usr/lib/system/libsystem_kernel.dylib
0x000000000fcd6000 	/usr/lib/system/libsystem_platform.dylib
0x000000000fcd6000 	/usr/lib/system/libsystem_pthread.dylib
0x000000000fcd6000 	/usr/lib/system/libsystem_symptoms.dylib
0x000000000fcd6000 	/usr/lib/system/libsystem_trace.dylib
0x000000000fcd6000 	/usr/lib/system/libunwind.dylib
0x000000000fcd6000 	/usr/lib/system/libxpc.dylib
0x000000000fcd6000 	/usr/lib/libbsm.0.dylib
0x000000000fcd6000 	/usr/lib/system/libkxld.dylib
0x000000000fcd6000 	/System/Library/PrivateFrameworks/AppleFSCompression.framework/Versions/A/AppleFSCompression
0x000000000fcd6000 	/usr/lib/libOpenScriptingUtil.dylib
0x000000000fcd6000 	/usr/lib/libcoretls.dylib
0x000000000fcd6000 	/usr/lib/libcoretls_cfhelpers.dylib
0x000000000fcd6000 	/usr/lib/libpam.2.dylib
0x000000000fcd6000 	/usr/lib/libsqlite3.dylib
0x000000000fcd6000 	/usr/lib/libxar.1.dylib
0x000000000fcd6000 	/usr/lib/libbz2.1.0.dylib
0x000000000fcd6000 	/usr/lib/liblzma.5.dylib
0x000000000fcd6000 	/usr/lib/libnetwork.dylib
0x000000000fcd6000 	/usr/lib/libapple_nghttp2.dylib
0x000000000fcd6000 	/usr/lib/libpcap.A.dylib
0x000000000fcd6000 	/System/Library/Frameworks/CoreServices.framework/Versions/A/Frameworks/FSEvents.framework/Versions/A/FSEvents
0x000000000fcd6000 	/System/Library/Frameworks/CoreServices.framework/Versions/A/Frameworks/CarbonCore.framework/Versions/A/CarbonCore
0x000000000fcd6000 	/System/Library/Frameworks/CoreServices.framework/Versions/A/Frameworks/Metadata.framework/Versions/A/Metadata
0x000000000fcd6000 	/System/Library/Frameworks/CoreServices.framework/Versions/A/Frameworks/OSServices.framework/Versions/A/OSServices
0x000000000fcd6000 	/System/Library/Frameworks/CoreServices.framework/Versions/A/Frameworks/SearchKit.framework/Versions/A/SearchKit
0x000000000fcd6000 	/System/Library/Frameworks/CoreServices.framework/Versions/A/Frameworks/AE.framework/Versions/A/AE
0x000000000fcd6000 	/System/Library/Frameworks/CoreServices.framework/Versions/A/Frameworks/LaunchServices.framework/Versions/A/LaunchServices
0x000000000fcd6000 	/System/Library/Frameworks/CoreServices.framework/Versions/A/Frameworks/DictionaryServices.framework/Versions/A/DictionaryServices
0x000000000fcd6000 	/System/Library/Frameworks/CoreServices.framework/Versions/A/Frameworks/SharedFileList.framework/Versions/A/SharedFileList
0x000000000fcd6000 	/System/Library/Frameworks/NetFS.framework/Versions/A/NetFS
0x000000000fcd6000 	/System/Library/PrivateFrameworks/NetAuth.framework/Versions/A/NetAuth
0x000000000fcd6000 	/System/Library/PrivateFrameworks/login.framework/Versions/A/Frameworks/loginsupport.framework/Versions/A/loginsupport
0x000000000fcd6000 	/System/Library/PrivateFrameworks/TCC.framework/Versions/A/TCC
0x000000000fcd6000 	/System/Library/PrivateFrameworks/CoreNLP.framework/Versions/A/CoreNLP
0x000000000fcd6000 	/System/Library/PrivateFrameworks/MetadataUtilities.framework/Versions/A/MetadataUtilities
0x000000000fcd6000 	/usr/lib/libmecabra.dylib
0x000000000fcd6000 	/System/Library/Frameworks/ApplicationServices.framework/Versions/A/Frameworks/ATS.framework/Versions/A/ATS
0x000000000fcd6000 	/System/Library/Frameworks/ApplicationServices.framework/Versions/A/Frameworks/ColorSyncLegacy.framework/Versions/A/ColorSyncLegacy
0x000000000fcd6000 	/System/Library/Frameworks/ApplicationServices.framework/Versions/A/Frameworks/HIServices.framework/Versions/A/HIServices
0x000000000fcd6000 	/System/Library/Frameworks/ApplicationServices.framework/Versions/A/Frameworks/LangAnalysis.framework/Versions/A/LangAnalysis
0x000000000fcd6000 	/System/Library/Frameworks/ApplicationServices.framework/Versions/A/Frameworks/PrintCore.framework/Versions/A/PrintCore
0x000000000fcd6000 	/System/Library/Frameworks/ApplicationServices.framework/Versions/A/Frameworks/QD.framework/Versions/A/QD
0x000000000fcd6000 	/System/Library/Frameworks/ApplicationServices.framework/Versions/A/Frameworks/SpeechSynthesis.framework/Versions/A/SpeechSynthesis
0x000000000fcd6000 	/usr/lib/libcompression.dylib
0x000000000fcd6000 	/System/Library/Frameworks/CoreDisplay.framework/Versions/A/CoreDisplay
0x000000000fcd6000 	/System/Library/Frameworks/MetalPerformanceShaders.framework/Versions/A/MetalPerformanceShaders
0x000000000fcd6000 	/System/Library/Frameworks/Accelerate.framework/Versions/A/Frameworks/vImage.framework/Versions/A/vImage
0x000000000fcd6000 	/System/Library/Frameworks/Accelerate.framework/Versions/A/Frameworks/vecLib.framework/Versions/A/vecLib
0x000000000fcd6000 	/System/Library/Frameworks/Accelerate.framework/Versions/A/Frameworks/vecLib.framework/Versions/A/libvMisc.dylib
0x000000000fcd6000 	/System/Library/Frameworks/Accelerate.framework/Versions/A/Frameworks/vecLib.framework/Versions/A/libvDSP.dylib
0x000000000fcd6000 	/System/Library/Frameworks/Accelerate.framework/Versions/A/Frameworks/vecLib.framework/Versions/A/libBLAS.dylib
0x000000000fcd6000 	/System/Library/Frameworks/Accelerate.framework/Versions/A/Frameworks/vecLib.framework/Versions/A/libLAPACK.dylib
0x000000000fcd6000 	/System/Library/Frameworks/Accelerate.framework/Versions/A/Frameworks/vecLib.framework/Versions/A/libLinearAlgebra.dylib
0x000000000fcd6000 	/System/Library/Frameworks/Accelerate.framework/Versions/A/Frameworks/vecLib.framework/Versions/A/libSparseBLAS.dylib
0x000000000fcd6000 	/System/Library/Frameworks/Accelerate.framework/Versions/A/Frameworks/vecLib.framework/Versions/A/libQuadrature.dylib
0x000000000fcd6000 	/System/Library/Frameworks/Accelerate.framework/Versions/A/Frameworks/vecLib.framework/Versions/A/libBNNS.dylib
0x000000000fcd6000 	/System/Library/Frameworks/Accelerate.framework/Versions/A/Frameworks/vecLib.framework/Versions/A/libSparse.dylib
0x000000000fcd6000 	/System/Library/PrivateFrameworks/GPUWrangler.framework/Versions/A/GPUWrangler
0x000000000fcd6000 	/System/Library/PrivateFrameworks/IOAccelerator.framework/Versions/A/IOAccelerator
0x000000000fcd6000 	/System/Library/PrivateFrameworks/IOPresentment.framework/Versions/A/IOPresentment
0x000000000fcd6000 	/System/Library/PrivateFrameworks/DSExternalDisplay.framework/Versions/A/DSExternalDisplay
0x000000000fcd6000 	/System/Library/Frameworks/OpenGL.framework/Versions/A/Libraries/libCoreFSCache.dylib
0x000000000fcd6000 	/System/Library/Frameworks/MetalPerformanceShaders.framework/Frameworks/MPSCore.framework/Versions/A/MPSCore
0x000000000fcd6000 	/System/Library/Frameworks/MetalPerformanceShaders.framework/Frameworks/MPSImage.framework/Versions/A/MPSImage
0x000000000fcd6000 	/System/Library/Frameworks/MetalPerformanceShaders.framework/Frameworks/MPSNeuralNetwork.framework/Versions/A/MPSNeuralNetwork
0x000000000fcd6000 	/System/Library/Frameworks/MetalPerformanceShaders.framework/Frameworks/MPSMatrix.framework/Versions/A/MPSMatrix
0x000000000fcd6000 	/System/Library/Frameworks/MetalPerformanceShaders.framework/Frameworks/MPSRayIntersector.framework/Versions/A/MPSRayIntersector
0x000000000fcd6000 	/System/Library/PrivateFrameworks/MetalTools.framework/Versions/A/MetalTools
0x000000000fcd6000 	/System/Library/PrivateFrameworks/AggregateDictionary.framework/Versions/A/AggregateDictionary
0x000000000fcd6000 	/usr/lib/libMobileGestalt.dylib
0x000000000fcd6000 	/System/Library/Frameworks/CoreVideo.framework/Versions/A/CoreVideo
0x000000000fcd6000 	/System/Library/PrivateFrameworks/GraphVisualizer.framework/Versions/A/GraphVisualizer
0x000000000fcd6000 	/System/Library/PrivateFrameworks/FaceCore.framework/Versions/A/FaceCore
0x000000000fcd6000 	/System/Library/Frameworks/OpenCL.framework/Versions/A/OpenCL
0x000000000fcd6000 	/usr/lib/libFosl_dynamic.dylib
0x000000000fcd6000 	/System/Library/PrivateFrameworks/OTSVG.framework/Versions/A/OTSVG
0x000000000fcd6000 	/System/Library/Frameworks/ApplicationServices.framework/Versions/A/Frameworks/ATS.framework/Versions/A/Resources/libFontParser.dylib
0x000000000fcd6000 	/System/Library/Frameworks/ApplicationServices.framework/Versions/A/Frameworks/ATS.framework/Versions/A/Resources/libFontRegistry.dylib
0x000000000fcd6000 	/System/Library/Frameworks/ImageIO.framework/Versions/A/Resources/libJPEG.dylib
0x000000000fcd6000 	/System/Library/Frameworks/ImageIO.framework/Versions/A/Resources/libTIFF.dylib
0x000000000fcd6000 	/System/Library/Frameworks/ImageIO.framework/Versions/A/Resources/libPng.dylib
0x000000000fcd6000 	/System/Library/Frameworks/ImageIO.framework/Versions/A/Resources/libGIF.dylib
0x000000000fcd6000 	/System/Library/Frameworks/ImageIO.framework/Versions/A/Resources/libJP2.dylib
0x000000000fcd6000 	/System/Library/Frameworks/ImageIO.framework/Versions/A/Resources/libRadiance.dylib
0x000000000fcd6000 	/System/Library/PrivateFrameworks/AppleJPEG.framework/Versions/A/AppleJPEG
0x000000000fcd6000 	/System/Library/Frameworks/OpenGL.framework/Versions/A/Libraries/libGFXShared.dylib
0x000000000fcd6000 	/System/Library/Frameworks/OpenGL.framework/Versions/A/Libraries/libGLU.dylib
0x000000000fcd6000 	/System/Library/Frameworks/OpenGL.framework/Versions/A/Libraries/libGL.dylib
0x000000000fcd6000 	/System/Library/Frameworks/OpenGL.framework/Versions/A/Libraries/libGLImage.dylib
0x000000000fcd6000 	/System/Library/Frameworks/OpenGL.framework/Versions/A/Libraries/libCVMSPluginSupport.dylib
0x000000000fcd6000 	/System/Library/Frameworks/OpenGL.framework/Versions/A/Libraries/libCoreVMClient.dylib
0x000000000fcd6000 	/usr/lib/libcups.2.dylib
0x000000000fcd6000 	/System/Library/Frameworks/Kerberos.framework/Versions/A/Kerberos
0x000000000fcd6000 	/System/Library/Frameworks/GSS.framework/Versions/A/GSS
0x000000000fcd6000 	/usr/lib/libresolv.9.dylib
0x000000000fcd6000 	/usr/lib/libiconv.2.dylib
0x000000000fcd6000 	/System/Library/PrivateFrameworks/Heimdal.framework/Versions/A/Heimdal
0x000000000fcd6000 	/usr/lib/libheimdal-asn1.dylib
0x000000000fcd6000 	/System/Library/Frameworks/OpenDirectory.framework/Versions/A/OpenDirectory
0x000000000fcd6000 	/System/Library/PrivateFrameworks/CommonAuth.framework/Versions/A/CommonAuth
0x000000000fcd6000 	/System/Library/Frameworks/OpenDirectory.framework/Versions/A/Frameworks/CFOpenDirectory.framework/Versions/A/CFOpenDirectory
0x000000000fcd6000 	/System/Library/Frameworks/SecurityFoundation.framework/Versions/A/SecurityFoundation
0x000000000fcd6000 	/System/Library/PrivateFrameworks/APFS.framework/Versions/A/APFS
0x000000000fcd6000 	/usr/lib/libutil.dylib
0x000000000fcd6000 	/usr/lib/libcharset.1.dylib
0x000000000fcd6000 	/System/Library/PrivateFrameworks/AppleSauce.framework/Versions/A/AppleSauce
0x000000000fcd6000 	/System/Library/PrivateFrameworks/AssertionServices.framework/Versions/A/AssertionServices
0x000000000fcd6000 	/System/Library/PrivateFrameworks/BaseBoard.framework/Versions/A/BaseBoard
0x000000000fcd6000 	/usr/lib/libmecab.1.0.0.dylib
0x000000000fcd6000 	/usr/lib/libgermantok.dylib
0x000000000fcd6000 	/usr/lib/libThaiTokenizer.dylib
0x000000000fcd6000 	/usr/lib/libChineseTokenizer.dylib
0x000000000fcd6000 	/System/Library/PrivateFrameworks/LanguageModeling.framework/Versions/A/LanguageModeling
0x000000000fcd6000 	/System/Library/PrivateFrameworks/CoreEmoji.framework/Versions/A/CoreEmoji
0x000000000fcd6000 	/System/Library/PrivateFrameworks/Lexicon.framework/Versions/A/Lexicon
0x000000000fcd6000 	/System/Library/PrivateFrameworks/LinguisticData.framework/Versions/A/LinguisticData
0x000000000fcd6000 	/usr/lib/libcmph.dylib
0x000000000fcd6000 	/System/Library/Frameworks/ServiceManagement.framework/Versions/A/ServiceManagement
0x000000000fcd6000 	/System/Library/PrivateFrameworks/BackgroundTaskManagement.framework/Versions/A/BackgroundTaskManagement
0x000000000fcd6000 	/usr/lib/libxslt.1.dylib
0x000000000fcd6000 	/System/Library/Frameworks/Carbon.framework/Versions/A/Frameworks/Ink.framework/Versions/A/Ink
0x000000000fcd6000 	/System/Library/PrivateFrameworks/TextureIO.framework/Versions/A/TextureIO
0x000000000fcd6000 	/usr/lib/libate.dylib
0x000000000fcd6000 	/System/Library/PrivateFrameworks/CrashReporterSupport.framework/Versions/A/CrashReporterSupport
0x000000000fcd6000 	/System/Library/PrivateFrameworks/Sharing.framework/Versions/A/Sharing
0x000000000fcd6000 	/System/Library/PrivateFrameworks/AuthKit.framework/Versions/A/AuthKit
0x000000000fcd6000 	/System/Library/PrivateFrameworks/Apple80211.framework/Versions/A/Apple80211
0x000000000fcd6000 	/System/Library/PrivateFrameworks/CoreUtils.framework/Versions/A/CoreUtils
0x000000000fcd6000 	/System/Library/Frameworks/CoreWLAN.framework/Versions/A/CoreWLAN
0x000000000fcd6000 	/System/Library/Frameworks/IOBluetooth.framework/Versions/A/IOBluetooth
0x000000000fcd6000 	/System/Library/PrivateFrameworks/ProtocolBuffer.framework/Versions/A/ProtocolBuffer
0x000000000fcd6000 	/System/Library/PrivateFrameworks/MobileKeyBag.framework/Versions/A/MobileKeyBag
0x000000000fcd6000 	/System/Library/PrivateFrameworks/CorePhoneNumbers.framework/Versions/A/CorePhoneNumbers
0x000000000fcd6000 	/System/Library/PrivateFrameworks/AppleIDAuthSupport.framework/Versions/A/AppleIDAuthSupport
0x000000000fcd6000 	/System/Library/PrivateFrameworks/KeychainCircle.framework/Versions/A/KeychainCircle
0x000000000fcd6000 	/System/Library/PrivateFrameworks/ROCKit.framework/Versions/A/ROCKit
0x000000000fcd6000 	/System/Library/PrivateFrameworks/CoreWiFi.framework/Versions/A/CoreWiFi
0x000000000fcd6000 	/System/Library/Frameworks/CoreBluetooth.framework/Versions/A/CoreBluetooth
0x000000000fcd6000 	/System/Library/PrivateFrameworks/DebugSymbols.framework/Versions/A/DebugSymbols
0x000000000fcd6000 	/System/Library/PrivateFrameworks/CoreSymbolication.framework/Versions/A/CoreSymbolication
0x000000000fcd6000 	/System/Library/PrivateFrameworks/Symbolication.framework/Versions/A/Symbolication
0x000000000fcd6000 	/System/Library/PrivateFrameworks/SpeechRecognitionCore.framework/Versions/A/SpeechRecognitionCore
0x0000000104477000 	/Library/Java/JavaVirtualMachines/jdk1.8.0_121.jdk/Contents/Home/jre/lib/server/libjvm.dylib
0x000000000fcd6000 	/usr/lib/libstdc++.6.dylib
0x0000000102fd8000 	/Library/Java/JavaVirtualMachines/jdk1.8.0_121.jdk/Contents/Home/jre/lib/libverify.dylib
0x0000000103800000 	/Library/Java/JavaVirtualMachines/jdk1.8.0_121.jdk/Contents/Home/jre/lib/libjava.dylib
0x0000000102ff0000 	/Library/Java/JavaVirtualMachines/jdk1.8.0_121.jdk/Contents/Home/jre/lib/libzip.dylib
0x000000000fcd6000 	/System/Library/Frameworks/JavaVM.framework/Versions/A/Frameworks/JavaRuntimeSupport.framework/Versions/A/JavaRuntimeSupport
0x000000000fcd6000 	/System/Library/Frameworks/JavaVM.framework/Versions/A/Frameworks/JavaNativeFoundation.framework/Versions/A/JavaNativeFoundation
0x000000000fcd6000 	/System/Library/Frameworks/JavaVM.framework/Versions/A/JavaVM
0x000000000fcd6000 	/System/Library/Frameworks/Carbon.framework/Versions/A/Carbon
0x000000000fcd6000 	/System/Library/PrivateFrameworks/JavaLaunching.framework/Versions/A/JavaLaunching
0x000000000fcd6000 	/System/Library/Frameworks/Carbon.framework/Versions/A/Frameworks/CommonPanels.framework/Versions/A/CommonPanels
0x000000000fcd6000 	/System/Library/Frameworks/Carbon.framework/Versions/A/Frameworks/Help.framework/Versions/A/Help
0x000000000fcd6000 	/System/Library/Frameworks/Carbon.framework/Versions/A/Frameworks/ImageCapture.framework/Versions/A/ImageCapture
0x000000000fcd6000 	/System/Library/Frameworks/Carbon.framework/Versions/A/Frameworks/OpenScripting.framework/Versions/A/OpenScripting
0x000000000fcd6000 	/System/Library/Frameworks/Carbon.framework/Versions/A/Frameworks/Print.framework/Versions/A/Print
0x000000000fcd6000 	/System/Library/Frameworks/Carbon.framework/Versions/A/Frameworks/SecurityHI.framework/Versions/A/SecurityHI
0x000000011bc7a000 	/Users/haowu/uran/lib/libz3java.dylib
0x000000011bca3000 	/usr/local/lib/libz3.dylib

VM Arguments:
jvm_args: -Djava.library.path=/Users/haowu/uran/lib 
java_command: org.apache.tools.ant.taskdefs.optional.junit.JUnitTestRunner uran.test.formula.testFormula skipNonTests=false filtertrace=true haltOnError=false haltOnFailure=true formatter=org.apache.tools.ant.taskdefs.optional.junit.SummaryJUnitResultFormatter showoutput=false outputtoformatters=true logfailedtests=true threadid=0 logtestlistenerevents=false formatter=org.apache.tools.ant.taskdefs.optional.junit.BriefJUnitResultFormatter crashfile=/Users/haowu/uran/junitvmwatcher6532497596403935432.properties propsfile=/Users/haowu/uran/junit1019657400357184870.properties
java_class_path (initial): /Users/haowu/uran/lib/junit.jar:/Users/haowu/uran/build/classes:/Users/haowu/uran/lib/com.microsoft.z3.jar:/Users/haowu/uran/build/classes/test:/Users/haowu/uran:/Users/haowu/z3/build/com.microsoft.z3.jar:/opt/local/share/java/apache-ant/lib/ant-launcher.jar:/opt/local/share/java/apache-ant/lib/ant.jar:/opt/local/share/java/apache-ant/lib/ant-junit.jar:/opt/local/share/java/apache-ant/lib/ant-junit4.jar
Launcher Type: SUN_STANDARD

Environment Variables:
CLASSPATH=.:/Users/haowu/z3/build/com.microsoft.z3.jar:/Users/haowu/uran/build/classes
PATH=/opt/local/bin:/opt/local/sbin:/Users/haowu/llvm/clang+llvm-5.0.0-x86_64-apple-darwin/bin:/usr/local/bin:/usr/bin:/bin:/usr/sbin:/sbin:/Library/TeX/texbin:/opt/X11/bin
LD_LIBRARY_PATH=/Users/haowu/uran/lib
SHELL=/bin/bash
DISPLAY=/private/tmp/com.apple.launchd.85wWxgl2mD/org.macosforge.xquartz:0

Signal Handlers:
SIGSEGV: [libjvm.dylib+0x5b1141], sa_mask[0]=11111111011111110111111111111111, sa_flags=SA_ONSTACK|SA_RESTART|SA_SIGINFO
SIGBUS: [libjvm.dylib+0x5b1141], sa_mask[0]=11111111011111110111111111111111, sa_flags=SA_RESTART|SA_SIGINFO
SIGFPE: [libjvm.dylib+0x487bc4], sa_mask[0]=11111111011111110111111111111111, sa_flags=SA_RESTART|SA_SIGINFO
SIGPIPE: [libjvm.dylib+0x487bc4], sa_mask[0]=11111111011111110111111111111111, sa_flags=SA_RESTART|SA_SIGINFO
SIGXFSZ: [libjvm.dylib+0x487bc4], sa_mask[0]=11111111011111110111111111111111, sa_flags=SA_RESTART|SA_SIGINFO
SIGILL: [libjvm.dylib+0x487bc4], sa_mask[0]=11111111011111110111111111111111, sa_flags=SA_RESTART|SA_SIGINFO
SIGUSR1: SIG_DFL, sa_mask[0]=11011111011111100000000111000110, sa_flags=none
SIGUSR2: [libjvm.dylib+0x4876e2], sa_mask[0]=00100000000000000000000000000000, sa_flags=SA_RESTART|SA_SIGINFO
SIGHUP: [libjvm.dylib+0x485cb9], sa_mask[0]=11111111011111110111111111111111, sa_flags=SA_RESTART|SA_SIGINFO
SIGINT: [libjvm.dylib+0x485cb9], sa_mask[0]=11111111011111110111111111111111, sa_flags=SA_RESTART|SA_SIGINFO
SIGTERM: [libjvm.dylib+0x485cb9], sa_mask[0]=11111111011111110111111111111111, sa_flags=SA_RESTART|SA_SIGINFO
SIGQUIT: [libjvm.dylib+0x485cb9], sa_mask[0]=11111111011111110111111111111111, sa_flags=SA_RESTART|SA_SIGINFO


---------------  S Y S T E M  ---------------

OS:Bsduname:Darwin 18.2.0 Darwin Kernel Version 18.2.0: Mon Nov 12 20:24:46 PST 2018; root:xnu-4903.231.4~2/RELEASE_X86_64 x86_64
rlimit: STACK 8192k, CORE 0k, NPROC 709, NOFILE 10240, AS infinity
load average:1.58 1.32 1.36

CPU:total 4 (2 cores per cpu, 2 threads per core) family 6 model 61 stepping 4, cmov, cx8, fxsr, mmx, sse, sse2, sse3, ssse3, sse4.1, sse4.2, popcnt, avx, avx2, aes, clmul, erms, 3dnowpref, lzcnt, ht, tsc, tscinvbit, bmi1, bmi2, adx

Memory: 4k page, physical 8388608k(20308k free)

/proc/meminfo:


vm_info: Java HotSpot(TM) 64-Bit Server VM (25.121-b13) for bsd-amd64 JRE (1.8.0_121-b13), built on Dec 12 2016 20:39:32 by "java_re" with gcc 4.2.1 (Based on Apple Inc. build 5658) (LLVM build 2336.11.00)

time: Thu Jan 31 14:38:50 2019
elapsed time: 0 seconds (0d 0h 0m 0s)

