#
# A fatal error has been detected by the Java Runtime Environment:
#
#  SIGSEGV (0xb) at pc=0x00007fed4d48c653, pid=9641, tid=9643
#
# JRE version: OpenJDK Runtime Environment (10.0.2+13) (build 10.0.2+13-Ubuntu-1ubuntu0.18.04.4)
# Java VM: OpenJDK 64-Bit Server VM (10.0.2+13-Ubuntu-1ubuntu0.18.04.4, mixed mode, tiered, compressed oops, g1 gc, linux-amd64)
# Problematic frame:
# C  [libz3.so+0xd4653]  Z3_inc_ref+0x33
#
# Core dump will be written. Default location: Core dumps may be processed with "/usr/share/apport/apport %p %s %c %d %P" (or dumping to /home/haowu/uran/core.9641)
#
# If you would like to submit a bug report, please visit:
#   http://bugreport.java.com/bugreport/crash.jsp
# The crash happened outside the Java Virtual Machine in native code.
# See problematic frame for where to report the bug.
#

---------------  S U M M A R Y ------------

Command Line: -Djava.library.path=/home/haowu/uran/lib org.apache.tools.ant.taskdefs.optional.junit.JUnitTestRunner uran.test.formula.unsat.test skipNonTests=false filtertrace=true haltOnError=false haltOnFailure=true formatter=org.apache.tools.ant.taskdefs.optional.junit.SummaryJUnitResultFormatter showoutput=false outputtoformatters=true logfailedtests=true threadid=0 logtestlistenerevents=false formatter=org.apache.tools.ant.taskdefs.optional.junit.BriefJUnitResultFormatter crashfile=/home/haowu/uran/junitvmwatcher11313693180223303995.properties propsfile=/home/haowu/uran/junit9801861598495747578.properties

Host: Intel(R) Xeon(R) CPU E5-1660 v4 @ 3.20GHz, 16 cores, 15G, Ubuntu 18.04.1 LTS
Time: Tue Jan 22 12:56:20 2019 GMT elapsed time: 1 seconds (0d 0h 0m 1s)

---------------  T H R E A D  ---------------

Current thread (0x00007fee08012000):  JavaThread "main" [_thread_in_native, id=9643, stack(0x00007fee10667000,0x00007fee10768000)]

Stack: [0x00007fee10667000,0x00007fee10768000],  sp=0x00007fee107653b0,  free space=1016k
Native frames: (J=compiled Java code, A=aot compiled Java code, j=interpreted, Vv=VM code, C=native code)
C  [libz3.so+0xd4653]  Z3_inc_ref+0x33

Java frames: (J=compiled Java code, j=interpreted, Vv=VM code)
j  com.microsoft.z3.Native.INTERNALincRef(JJ)V+0
j  com.microsoft.z3.Native.incRef(JJ)V+2
j  com.microsoft.z3.AST.incRef()V+11
j  com.microsoft.z3.Z3Object.<init>(Lcom/microsoft/z3/Context;J)V+20
j  com.microsoft.z3.AST.<init>(Lcom/microsoft/z3/Context;J)V+3
j  com.microsoft.z3.ASTVector.get(I)Lcom/microsoft/z3/AST;+23
j  com.microsoft.z3.ASTVector.ToBoolExprArray()[Lcom/microsoft/z3/BoolExpr;+25
j  com.microsoft.z3.Context.parseSMTLIB2File(Ljava/lang/String;[Lcom/microsoft/z3/Symbol;[Lcom/microsoft/z3/Sort;[Lcom/microsoft/z3/Symbol;[Lcom/microsoft/z3/FuncDecl;)[Lcom/microsoft/z3/BoolExpr;+98
j  uran.solver.Z3SMT2Solver.solve()Luran/solver/Result;+59
j  uran.test.formula.unsat.test.Case1()Luran/solver/Result;+117
j  uran.test.formula.unsat.test.test1()V+12
v  ~StubRoutines::call_stub
j  jdk.internal.reflect.NativeMethodAccessorImpl.invoke0(Ljava/lang/reflect/Method;Ljava/lang/Object;[Ljava/lang/Object;)Ljava/lang/Object;+0 java.base@10.0.2
j  jdk.internal.reflect.NativeMethodAccessorImpl.invoke(Ljava/lang/Object;[Ljava/lang/Object;)Ljava/lang/Object;+100 java.base@10.0.2
j  jdk.internal.reflect.DelegatingMethodAccessorImpl.invoke(Ljava/lang/Object;[Ljava/lang/Object;)Ljava/lang/Object;+6 java.base@10.0.2
j  java.lang.reflect.Method.invoke(Ljava/lang/Object;[Ljava/lang/Object;)Ljava/lang/Object;+59 java.base@10.0.2
j  org.junit.runners.model.FrameworkMethod$1.runReflectiveCall()Ljava/lang/Object;+15
j  org.junit.internal.runners.model.ReflectiveCallable.run()Ljava/lang/Object;+1
j  org.junit.runners.model.FrameworkMethod.invokeExplosively(Ljava/lang/Object;[Ljava/lang/Object;)Ljava/lang/Object;+10
j  org.junit.internal.runners.statements.InvokeMethod.evaluate()V+12
j  org.junit.internal.runners.statements.RunBefores.evaluate()V+49
j  org.junit.internal.runners.statements.RunAfters.evaluate()V+18
j  org.junit.runners.BlockJUnit4ClassRunner.runChild(Lorg/junit/runners/model/FrameworkMethod;Lorg/junit/runner/notification/RunNotifier;)V+31
j  org.junit.runners.BlockJUnit4ClassRunner.runChild(Ljava/lang/Object;Lorg/junit/runner/notification/RunNotifier;)V+6
j  org.junit.runners.ParentRunner.runChildren(Lorg/junit/runner/notification/RunNotifier;)V+29
j  org.junit.runners.ParentRunner.access$000(Lorg/junit/runners/ParentRunner;Lorg/junit/runner/notification/RunNotifier;)V+2
j  org.junit.runners.ParentRunner$1.evaluate()V+8
j  org.junit.internal.runners.statements.RunBefores.evaluate()V+49
j  org.junit.internal.runners.statements.RunAfters.evaluate()V+18
j  org.junit.runners.ParentRunner.run(Lorg/junit/runner/notification/RunNotifier;)V+20
j  junit.framework.JUnit4TestAdapter.run(Ljunit/framework/TestResult;)V+13
j  org.apache.tools.ant.taskdefs.optional.junit.JUnitTestRunner.run()V+820
j  org.apache.tools.ant.taskdefs.optional.junit.JUnitTestRunner.launch(Lorg/apache/tools/ant/taskdefs/optional/junit/JUnitTest;[Ljava/lang/String;ZZZZZZ)I+41
j  org.apache.tools.ant.taskdefs.optional.junit.JUnitTestRunner.main([Ljava/lang/String;)V+1072
v  ~StubRoutines::call_stub

siginfo: si_signo: 11 (SIGSEGV), si_code: 1 (SEGV_MAPERR), si_addr: 0x000000000000000f

Register to memory mapping:

RAX=0x00007fed4e8b5af0: Java_com_microsoft_z3_Native_INTERNALincRef+0x0000000000000000 in /home/haowu/uran/lib/libz3java.so at 0x00007fed4e89a000
RBX=0x00007fed4e898950: <offset 0x00000000014e0950> in /home/haowu/uran/lib/libz3.so at 0x00007fed4d3b8000
RCX=0x0000000000000007 is an unknown value
RDX=0x00007fee0845df88 is an unknown value
RSP=0x00007fee107653b0 is pointing into the stack for thread: 0x00007fee08012000
RBP=0x0000000000000007 is an unknown value
RSI=0x0000000000000007 is an unknown value
RDI=0x00007fee0845df88 is an unknown value
R8 ={method} {0x00007fed4eae90a0} 'INTERNALincRef' '(JJ)V' in 'com/microsoft/z3/Native'
R9 =0x0000000000000004 is an unknown value
R10=0x000000000000000b is an unknown value
R11=0x00007fed4d48c620: Z3_inc_ref+0x0000000000000000 in /home/haowu/uran/lib/libz3.so at 0x00007fed4d3b8000
R12=0x0000000000000000 is an unknown value
R13=0x00007fee0845df88 is an unknown value
R14=0x00007fee10765488 is pointing into the stack for thread: 0x00007fee08012000
R15=0x00007fee08012000 is a thread


Registers:
RAX=0x00007fed4e8b5af0, RBX=0x00007fed4e898950, RCX=0x0000000000000007, RDX=0x00007fee0845df88
RSP=0x00007fee107653b0, RBP=0x0000000000000007, RSI=0x0000000000000007, RDI=0x00007fee0845df88
R8 =0x00007fed4eae90a0, R9 =0x0000000000000004, R10=0x000000000000000b, R11=0x00007fed4d48c620
R12=0x0000000000000000, R13=0x00007fee0845df88, R14=0x00007fee10765488, R15=0x00007fee08012000
RIP=0x00007fed4d48c653, EFLAGS=0x0000000000010202, CSGSFS=0x002b000000000033, ERR=0x0000000000000006
  TRAPNO=0x000000000000000e

Top of Stack: (sp=0x00007fee107653b0)
0x00007fee107653b0:   0000000000000000 00007fed4eae90a0
0x00007fee107653c0:   00007fee10765450 0000000000000000
0x00007fee107653d0:   00007fed4eae90a0 00007fedefb34850
0x00007fee107653e0:   00007fed4eae90a0 00007fee10765488 

Instructions: (pc=0x00007fed4d48c653)
0x00007fed4d48c633:   19 c3 40 01 44 0f b6 23 c6 03 00 45 84 e4 75 25
0x00007fed4d48c643:   48 85 ed 41 c7 85 f0 05 00 00 00 00 00 00 74 04
0x00007fed4d48c653:   83 45 08 01 44 88 23 48 83 c4 08 5b 5d 41 5c 41
0x00007fed4d48c663:   5d c3 0f 1f 00 e8 93 b7 02 00 eb d4 48 83 ea 01 


---------------  P R O C E S S  ---------------

Threads class SMR info:
_java_thread_list=0x00007fee082b1af0, length=19, elements={
0x00007fee08012000, 0x00007fee081f6000, 0x00007fee081f8000, 0x00007fee0820b800,
0x00007fee0820d800, 0x00007fee0820f800, 0x00007fee08211800, 0x00007fee08213800,
0x00007fee08215800, 0x00007fee08217000, 0x00007fee0821b000, 0x00007fee0821d000,
0x00007fee0821e800, 0x00007fee08220800, 0x00007fee08222000, 0x00007fee08224000,
0x00007fee08225800, 0x00007fee08299800, 0x00007fee082b2800
}

Java Threads: ( => current thread )
=>0x00007fee08012000 JavaThread "main" [_thread_in_native, id=9643, stack(0x00007fee10667000,0x00007fee10768000)]
  0x00007fee081f6000 JavaThread "Reference Handler" daemon [_thread_blocked, id=9678, stack(0x00007feda07e1000,0x00007feda08e2000)]
  0x00007fee081f8000 JavaThread "Finalizer" daemon [_thread_blocked, id=9679, stack(0x00007feda06e0000,0x00007feda07e1000)]
  0x00007fee0820b800 JavaThread "Signal Dispatcher" daemon [_thread_blocked, id=9680, stack(0x00007feda014b000,0x00007feda024c000)]
  0x00007fee0820d800 JavaThread "C2 CompilerThread0" daemon [_thread_blocked, id=9681, stack(0x00007feda004a000,0x00007feda014b000)]
  0x00007fee0820f800 JavaThread "C2 CompilerThread1" daemon [_thread_blocked, id=9682, stack(0x00007fed4feff000,0x00007fed50000000)]
  0x00007fee08211800 JavaThread "C2 CompilerThread2" daemon [_thread_blocked, id=9683, stack(0x00007fed4fdfe000,0x00007fed4feff000)]
  0x00007fee08213800 JavaThread "C2 CompilerThread3" daemon [_thread_blocked, id=9684, stack(0x00007fed4fcfd000,0x00007fed4fdfe000)]
  0x00007fee08215800 JavaThread "C2 CompilerThread4" daemon [_thread_blocked, id=9685, stack(0x00007fed4fbfc000,0x00007fed4fcfd000)]
  0x00007fee08217000 JavaThread "C2 CompilerThread5" daemon [_thread_blocked, id=9686, stack(0x00007fed4fafb000,0x00007fed4fbfc000)]
  0x00007fee0821b000 JavaThread "C2 CompilerThread6" daemon [_thread_blocked, id=9690, stack(0x00007fed4f9fa000,0x00007fed4fafb000)]
  0x00007fee0821d000 JavaThread "C2 CompilerThread7" daemon [_thread_blocked, id=9691, stack(0x00007fed4f8f9000,0x00007fed4f9fa000)]
  0x00007fee0821e800 JavaThread "C1 CompilerThread8" daemon [_thread_in_native, id=9692, stack(0x00007fed4f7f8000,0x00007fed4f8f9000)]
  0x00007fee08220800 JavaThread "C1 CompilerThread9" daemon [_thread_blocked, id=9693, stack(0x00007fed4f6f7000,0x00007fed4f7f8000)]
  0x00007fee08222000 JavaThread "C1 CompilerThread10" daemon [_thread_blocked, id=9694, stack(0x00007fed4f5f6000,0x00007fed4f6f7000)]
  0x00007fee08224000 JavaThread "C1 CompilerThread11" daemon [_thread_blocked, id=9695, stack(0x00007fed4f4f5000,0x00007fed4f5f6000)]
  0x00007fee08225800 JavaThread "Sweeper thread" daemon [_thread_blocked, id=9696, stack(0x00007fed4f3f4000,0x00007fed4f4f5000)]
  0x00007fee08299800 JavaThread "Service Thread" daemon [_thread_blocked, id=9701, stack(0x00007fed4f2f3000,0x00007fed4f3f4000)]
  0x00007fee082b2800 JavaThread "Common-Cleaner" daemon [_thread_blocked, id=9704, stack(0x00007fed4f0f0000,0x00007fed4f1f1000)]

Other Threads:
  0x00007fee081ec000 VMThread "VM Thread" [stack: 0x00007feda08e4000,0x00007feda09e4000] [id=9676]
  0x00007fee0829b800 WatcherThread [stack: 0x00007fed4f1f3000,0x00007fed4f2f3000] [id=9702]
  0x00007fee08029800 GCTaskThread "GC Thread#0" [stack: 0x00007fee0c598000,0x00007fee0c698000] [id=9645]
  0x00007fee0802b000 GCTaskThread "GC Thread#1" [stack: 0x00007fee0c496000,0x00007fee0c596000] [id=9646]
  0x00007fee0802c800 GCTaskThread "GC Thread#2" [stack: 0x00007fee0c394000,0x00007fee0c494000] [id=9647]
  0x00007fee0802e000 GCTaskThread "GC Thread#3" [stack: 0x00007fee0c292000,0x00007fee0c392000] [id=9648]
  0x00007fee08030000 GCTaskThread "GC Thread#4" [stack: 0x00007fee0c190000,0x00007fee0c290000] [id=9649]
  0x00007fee08031800 GCTaskThread "GC Thread#5" [stack: 0x00007fee0c08e000,0x00007fee0c18e000] [id=9650]
  0x00007fee08033800 GCTaskThread "GC Thread#6" [stack: 0x00007fedefa25000,0x00007fedefb25000] [id=9651]
  0x00007fee08035000 GCTaskThread "GC Thread#7" [stack: 0x00007fedef923000,0x00007fedefa23000] [id=9652]
  0x00007fee08036800 GCTaskThread "GC Thread#8" [stack: 0x00007fedef821000,0x00007fedef921000] [id=9653]
  0x00007fee08038800 GCTaskThread "GC Thread#9" [stack: 0x00007fedef71f000,0x00007fedef81f000] [id=9654]
  0x00007fee0803a000 GCTaskThread "GC Thread#10" [stack: 0x00007fedef61d000,0x00007fedef71d000] [id=9655]
  0x00007fee0803c000 GCTaskThread "GC Thread#11" [stack: 0x00007fedef51b000,0x00007fedef61b000] [id=9656]
  0x00007fee0803d800 GCTaskThread "GC Thread#12" [stack: 0x00007fedef419000,0x00007fedef519000] [id=9657]
  0x00007fee0808c800 ConcurrentGCThread "G1 Main Marker" [stack: 0x00007fedecdac000,0x00007fedeceac000] [id=9658]
  0x00007fee0808e000 ConcurrentGCThread "G1 Conc#0" [stack: 0x00007fedeccaa000,0x00007fedecdaa000] [id=9659]
  0x00007fee08090000 ConcurrentGCThread "G1 Conc#1" [stack: 0x00007fedecba8000,0x00007fedecca8000] [id=9660]
  0x00007fee08091800 ConcurrentGCThread "G1 Conc#2" [stack: 0x00007fedecaa6000,0x00007fedecba6000] [id=9661]
  0x00007fee08171800 ConcurrentGCThread "G1 Refine#0" [stack: 0x00007feda1f00000,0x00007feda2000000] [id=9662]
  0x00007fee08173000 ConcurrentGCThread "G1 Refine#1" [stack: 0x00007feda1dfe000,0x00007feda1efe000] [id=9663]
  0x00007fee08175000 ConcurrentGCThread "G1 Refine#2" [stack: 0x00007feda1cfc000,0x00007feda1dfc000] [id=9664]
  0x00007fee08176800 ConcurrentGCThread "G1 Refine#3" [stack: 0x00007feda1bfa000,0x00007feda1cfa000] [id=9665]
  0x00007fee08178800 ConcurrentGCThread "G1 Refine#4" [stack: 0x00007feda1af8000,0x00007feda1bf8000] [id=9666]
  0x00007fee0817a000 ConcurrentGCThread "G1 Refine#5" [stack: 0x00007feda19f6000,0x00007feda1af6000] [id=9667]
  0x00007fee0817c000 ConcurrentGCThread "G1 Refine#6" [stack: 0x00007feda18f4000,0x00007feda19f4000] [id=9668]
  0x00007fee0817d800 ConcurrentGCThread "G1 Refine#7" [stack: 0x00007feda17f2000,0x00007feda18f2000] [id=9669]
  0x00007fee0817f800 ConcurrentGCThread "G1 Refine#8" [stack: 0x00007feda16f0000,0x00007feda17f0000] [id=9670]
  0x00007fee08181000 ConcurrentGCThread "G1 Refine#9" [stack: 0x00007feda15ee000,0x00007feda16ee000] [id=9671]
  0x00007fee08183000 ConcurrentGCThread "G1 Refine#10" [stack: 0x00007feda14ec000,0x00007feda15ec000] [id=9672]
  0x00007fee08184800 ConcurrentGCThread "G1 Refine#11" [stack: 0x00007feda13ea000,0x00007feda14ea000] [id=9673]
  0x00007fee08186800 ConcurrentGCThread "G1 Refine#12" [stack: 0x00007feda12e8000,0x00007feda13e8000] [id=9674]
  0x00007fee08188000 ConcurrentGCThread "G1 Young RemSet Sampling" [stack: 0x00007feda11e6000,0x00007feda12e6000] [id=9675]

Threads with active compile tasks:
C1 CompilerThread8 474       3       java.net.URLStreamHandler::parseURL (1201 bytes)

VM state:not at safepoint (normal execution)

VM Mutex/Monitor currently owned by a thread: None

Heap address: 0x00000006c6800000, size: 3992 MB, Compressed Oops mode: Zero based, Oop shift amount: 3
Narrow klass base: 0x0000000000000000, Narrow klass shift: 3
Compressed class space size: 1073741824 Address: 0x00000007c0000000

Heap:
 garbage-first heap   total 256000K, used 7168K [0x00000006c6800000, 0x00000007c0000000)
  region size 1024K, 8 young (8192K), 0 survivors (0K)
 Metaspace       used 9410K, capacity 9515K, committed 9728K, reserved 1058816K
  class space    used 857K, capacity 897K, committed 1024K, reserved 1048576K
Heap Regions: E=young(eden), S=young(survivor), O=old, HS=humongous(starts), HC=humongous(continues), CS=collection set, F=free, A=archive, TS=gc time stamp, AC=allocation context, TAMS=top-at-mark-start (previous, next)
|   0|0x00000006c6800000, 0x00000006c6800000, 0x00000006c6900000|  0%| F|  |TS  0|AC  0|TAMS 0x00000006c6800000, 0x00000006c6800000|
|   1|0x00000006c6900000, 0x00000006c6900000, 0x00000006c6a00000|  0%| F|  |TS  0|AC  0|TAMS 0x00000006c6900000, 0x00000006c6900000|
|   2|0x00000006c6a00000, 0x00000006c6a00000, 0x00000006c6b00000|  0%| F|  |TS  0|AC  0|TAMS 0x00000006c6a00000, 0x00000006c6a00000|
|   3|0x00000006c6b00000, 0x00000006c6b00000, 0x00000006c6c00000|  0%| F|  |TS  0|AC  0|TAMS 0x00000006c6b00000, 0x00000006c6b00000|
|   4|0x00000006c6c00000, 0x00000006c6c00000, 0x00000006c6d00000|  0%| F|  |TS  0|AC  0|TAMS 0x00000006c6c00000, 0x00000006c6c00000|
|   5|0x00000006c6d00000, 0x00000006c6d00000, 0x00000006c6e00000|  0%| F|  |TS  0|AC  0|TAMS 0x00000006c6d00000, 0x00000006c6d00000|
|   6|0x00000006c6e00000, 0x00000006c6e00000, 0x00000006c6f00000|  0%| F|  |TS  0|AC  0|TAMS 0x00000006c6e00000, 0x00000006c6e00000|
|   7|0x00000006c6f00000, 0x00000006c6f00000, 0x00000006c7000000|  0%| F|  |TS  0|AC  0|TAMS 0x00000006c6f00000, 0x00000006c6f00000|
|   8|0x00000006c7000000, 0x00000006c7000000, 0x00000006c7100000|  0%| F|  |TS  0|AC  0|TAMS 0x00000006c7000000, 0x00000006c7000000|
|   9|0x00000006c7100000, 0x00000006c7100000, 0x00000006c7200000|  0%| F|  |TS  0|AC  0|TAMS 0x00000006c7100000, 0x00000006c7100000|
|  10|0x00000006c7200000, 0x00000006c7200000, 0x00000006c7300000|  0%| F|  |TS  0|AC  0|TAMS 0x00000006c7200000, 0x00000006c7200000|
|  11|0x00000006c7300000, 0x00000006c7300000, 0x00000006c7400000|  0%| F|  |TS  0|AC  0|TAMS 0x00000006c7300000, 0x00000006c7300000|
|  12|0x00000006c7400000, 0x00000006c7400000, 0x00000006c7500000|  0%| F|  |TS  0|AC  0|TAMS 0x00000006c7400000, 0x00000006c7400000|
|  13|0x00000006c7500000, 0x00000006c7500000, 0x00000006c7600000|  0%| F|  |TS  0|AC  0|TAMS 0x00000006c7500000, 0x00000006c7500000|
|  14|0x00000006c7600000, 0x00000006c7600000, 0x00000006c7700000|  0%| F|  |TS  0|AC  0|TAMS 0x00000006c7600000, 0x00000006c7600000|
|  15|0x00000006c7700000, 0x00000006c7700000, 0x00000006c7800000|  0%| F|  |TS  0|AC  0|TAMS 0x00000006c7700000, 0x00000006c7700000|
|  16|0x00000006c7800000, 0x00000006c7800000, 0x00000006c7900000|  0%| F|  |TS  0|AC  0|TAMS 0x00000006c7800000, 0x00000006c7800000|
|  17|0x00000006c7900000, 0x00000006c7900000, 0x00000006c7a00000|  0%| F|  |TS  0|AC  0|TAMS 0x00000006c7900000, 0x00000006c7900000|
|  18|0x00000006c7a00000, 0x00000006c7a00000, 0x00000006c7b00000|  0%| F|  |TS  0|AC  0|TAMS 0x00000006c7a00000, 0x00000006c7a00000|
|  19|0x00000006c7b00000, 0x00000006c7b00000, 0x00000006c7c00000|  0%| F|  |TS  0|AC  0|TAMS 0x00000006c7b00000, 0x00000006c7b00000|
|  20|0x00000006c7c00000, 0x00000006c7c00000, 0x00000006c7d00000|  0%| F|  |TS  0|AC  0|TAMS 0x00000006c7c00000, 0x00000006c7c00000|
|  21|0x00000006c7d00000, 0x00000006c7d00000, 0x00000006c7e00000|  0%| F|  |TS  0|AC  0|TAMS 0x00000006c7d00000, 0x00000006c7d00000|
|  22|0x00000006c7e00000, 0x00000006c7e00000, 0x00000006c7f00000|  0%| F|  |TS  0|AC  0|TAMS 0x00000006c7e00000, 0x00000006c7e00000|
|  23|0x00000006c7f00000, 0x00000006c7f00000, 0x00000006c8000000|  0%| F|  |TS  0|AC  0|TAMS 0x00000006c7f00000, 0x00000006c7f00000|
|  24|0x00000006c8000000, 0x00000006c8000000, 0x00000006c8100000|  0%| F|  |TS  0|AC  0|TAMS 0x00000006c8000000, 0x00000006c8000000|
|  25|0x00000006c8100000, 0x00000006c8100000, 0x00000006c8200000|  0%| F|  |TS  0|AC  0|TAMS 0x00000006c8100000, 0x00000006c8100000|
|  26|0x00000006c8200000, 0x00000006c8200000, 0x00000006c8300000|  0%| F|  |TS  0|AC  0|TAMS 0x00000006c8200000, 0x00000006c8200000|
|  27|0x00000006c8300000, 0x00000006c8300000, 0x00000006c8400000|  0%| F|  |TS  0|AC  0|TAMS 0x00000006c8300000, 0x00000006c8300000|
|  28|0x00000006c8400000, 0x00000006c8400000, 0x00000006c8500000|  0%| F|  |TS  0|AC  0|TAMS 0x00000006c8400000, 0x00000006c8400000|
|  29|0x00000006c8500000, 0x00000006c8500000, 0x00000006c8600000|  0%| F|  |TS  0|AC  0|TAMS 0x00000006c8500000, 0x00000006c8500000|
|  30|0x00000006c8600000, 0x00000006c8600000, 0x00000006c8700000|  0%| F|  |TS  0|AC  0|TAMS 0x00000006c8600000, 0x00000006c8600000|
|  31|0x00000006c8700000, 0x00000006c8700000, 0x00000006c8800000|  0%| F|  |TS  0|AC  0|TAMS 0x00000006c8700000, 0x00000006c8700000|
|  32|0x00000006c8800000, 0x00000006c8800000, 0x00000006c8900000|  0%| F|  |TS  0|AC  0|TAMS 0x00000006c8800000, 0x00000006c8800000|
|  33|0x00000006c8900000, 0x00000006c8900000, 0x00000006c8a00000|  0%| F|  |TS  0|AC  0|TAMS 0x00000006c8900000, 0x00000006c8900000|
|  34|0x00000006c8a00000, 0x00000006c8a00000, 0x00000006c8b00000|  0%| F|  |TS  0|AC  0|TAMS 0x00000006c8a00000, 0x00000006c8a00000|
|  35|0x00000006c8b00000, 0x00000006c8b00000, 0x00000006c8c00000|  0%| F|  |TS  0|AC  0|TAMS 0x00000006c8b00000, 0x00000006c8b00000|
|  36|0x00000006c8c00000, 0x00000006c8c00000, 0x00000006c8d00000|  0%| F|  |TS  0|AC  0|TAMS 0x00000006c8c00000, 0x00000006c8c00000|
|  37|0x00000006c8d00000, 0x00000006c8d00000, 0x00000006c8e00000|  0%| F|  |TS  0|AC  0|TAMS 0x00000006c8d00000, 0x00000006c8d00000|
|  38|0x00000006c8e00000, 0x00000006c8e00000, 0x00000006c8f00000|  0%| F|  |TS  0|AC  0|TAMS 0x00000006c8e00000, 0x00000006c8e00000|
|  39|0x00000006c8f00000, 0x00000006c8f00000, 0x00000006c9000000|  0%| F|  |TS  0|AC  0|TAMS 0x00000006c8f00000, 0x00000006c8f00000|
|  40|0x00000006c9000000, 0x00000006c9000000, 0x00000006c9100000|  0%| F|  |TS  0|AC  0|TAMS 0x00000006c9000000, 0x00000006c9000000|
|  41|0x00000006c9100000, 0x00000006c9100000, 0x00000006c9200000|  0%| F|  |TS  0|AC  0|TAMS 0x00000006c9100000, 0x00000006c9100000|
|  42|0x00000006c9200000, 0x00000006c9200000, 0x00000006c9300000|  0%| F|  |TS  0|AC  0|TAMS 0x00000006c9200000, 0x00000006c9200000|
|  43|0x00000006c9300000, 0x00000006c9300000, 0x00000006c9400000|  0%| F|  |TS  0|AC  0|TAMS 0x00000006c9300000, 0x00000006c9300000|
|  44|0x00000006c9400000, 0x00000006c9400000, 0x00000006c9500000|  0%| F|  |TS  0|AC  0|TAMS 0x00000006c9400000, 0x00000006c9400000|
|  45|0x00000006c9500000, 0x00000006c9500000, 0x00000006c9600000|  0%| F|  |TS  0|AC  0|TAMS 0x00000006c9500000, 0x00000006c9500000|
|  46|0x00000006c9600000, 0x00000006c9600000, 0x00000006c9700000|  0%| F|  |TS  0|AC  0|TAMS 0x00000006c9600000, 0x00000006c9600000|
|  47|0x00000006c9700000, 0x00000006c9700000, 0x00000006c9800000|  0%| F|  |TS  0|AC  0|TAMS 0x00000006c9700000, 0x00000006c9700000|
|  48|0x00000006c9800000, 0x00000006c9800000, 0x00000006c9900000|  0%| F|  |TS  0|AC  0|TAMS 0x00000006c9800000, 0x00000006c9800000|
|  49|0x00000006c9900000, 0x00000006c9900000, 0x00000006c9a00000|  0%| F|  |TS  0|AC  0|TAMS 0x00000006c9900000, 0x00000006c9900000|
|  50|0x00000006c9a00000, 0x00000006c9a00000, 0x00000006c9b00000|  0%| F|  |TS  0|AC  0|TAMS 0x00000006c9a00000, 0x00000006c9a00000|
|  51|0x00000006c9b00000, 0x00000006c9b00000, 0x00000006c9c00000|  0%| F|  |TS  0|AC  0|TAMS 0x00000006c9b00000, 0x00000006c9b00000|
|  52|0x00000006c9c00000, 0x00000006c9c00000, 0x00000006c9d00000|  0%| F|  |TS  0|AC  0|TAMS 0x00000006c9c00000, 0x00000006c9c00000|
|  53|0x00000006c9d00000, 0x00000006c9d00000, 0x00000006c9e00000|  0%| F|  |TS  0|AC  0|TAMS 0x00000006c9d00000, 0x00000006c9d00000|
|  54|0x00000006c9e00000, 0x00000006c9e00000, 0x00000006c9f00000|  0%| F|  |TS  0|AC  0|TAMS 0x00000006c9e00000, 0x00000006c9e00000|
|  55|0x00000006c9f00000, 0x00000006c9f00000, 0x00000006ca000000|  0%| F|  |TS  0|AC  0|TAMS 0x00000006c9f00000, 0x00000006c9f00000|
|  56|0x00000006ca000000, 0x00000006ca000000, 0x00000006ca100000|  0%| F|  |TS  0|AC  0|TAMS 0x00000006ca000000, 0x00000006ca000000|
|  57|0x00000006ca100000, 0x00000006ca100000, 0x00000006ca200000|  0%| F|  |TS  0|AC  0|TAMS 0x00000006ca100000, 0x00000006ca100000|
|  58|0x00000006ca200000, 0x00000006ca200000, 0x00000006ca300000|  0%| F|  |TS  0|AC  0|TAMS 0x00000006ca200000, 0x00000006ca200000|
|  59|0x00000006ca300000, 0x00000006ca300000, 0x00000006ca400000|  0%| F|  |TS  0|AC  0|TAMS 0x00000006ca300000, 0x00000006ca300000|
|  60|0x00000006ca400000, 0x00000006ca400000, 0x00000006ca500000|  0%| F|  |TS  0|AC  0|TAMS 0x00000006ca400000, 0x00000006ca400000|
|  61|0x00000006ca500000, 0x00000006ca500000, 0x00000006ca600000|  0%| F|  |TS  0|AC  0|TAMS 0x00000006ca500000, 0x00000006ca500000|
|  62|0x00000006ca600000, 0x00000006ca600000, 0x00000006ca700000|  0%| F|  |TS  0|AC  0|TAMS 0x00000006ca600000, 0x00000006ca600000|
|  63|0x00000006ca700000, 0x00000006ca700000, 0x00000006ca800000|  0%| F|  |TS  0|AC  0|TAMS 0x00000006ca700000, 0x00000006ca700000|
|  64|0x00000006ca800000, 0x00000006ca800000, 0x00000006ca900000|  0%| F|  |TS  0|AC  0|TAMS 0x00000006ca800000, 0x00000006ca800000|
|  65|0x00000006ca900000, 0x00000006ca900000, 0x00000006caa00000|  0%| F|  |TS  0|AC  0|TAMS 0x00000006ca900000, 0x00000006ca900000|
|  66|0x00000006caa00000, 0x00000006caa00000, 0x00000006cab00000|  0%| F|  |TS  0|AC  0|TAMS 0x00000006caa00000, 0x00000006caa00000|
|  67|0x00000006cab00000, 0x00000006cab00000, 0x00000006cac00000|  0%| F|  |TS  0|AC  0|TAMS 0x00000006cab00000, 0x00000006cab00000|
|  68|0x00000006cac00000, 0x00000006cac00000, 0x00000006cad00000|  0%| F|  |TS  0|AC  0|TAMS 0x00000006cac00000, 0x00000006cac00000|
|  69|0x00000006cad00000, 0x00000006cad00000, 0x00000006cae00000|  0%| F|  |TS  0|AC  0|TAMS 0x00000006cad00000, 0x00000006cad00000|
|  70|0x00000006cae00000, 0x00000006cae00000, 0x00000006caf00000|  0%| F|  |TS  0|AC  0|TAMS 0x00000006cae00000, 0x00000006cae00000|
|  71|0x00000006caf00000, 0x00000006caf00000, 0x00000006cb000000|  0%| F|  |TS  0|AC  0|TAMS 0x00000006caf00000, 0x00000006caf00000|
|  72|0x00000006cb000000, 0x00000006cb000000, 0x00000006cb100000|  0%| F|  |TS  0|AC  0|TAMS 0x00000006cb000000, 0x00000006cb000000|
|  73|0x00000006cb100000, 0x00000006cb100000, 0x00000006cb200000|  0%| F|  |TS  0|AC  0|TAMS 0x00000006cb100000, 0x00000006cb100000|
|  74|0x00000006cb200000, 0x00000006cb200000, 0x00000006cb300000|  0%| F|  |TS  0|AC  0|TAMS 0x00000006cb200000, 0x00000006cb200000|
|  75|0x00000006cb300000, 0x00000006cb300000, 0x00000006cb400000|  0%| F|  |TS  0|AC  0|TAMS 0x00000006cb300000, 0x00000006cb300000|
|  76|0x00000006cb400000, 0x00000006cb400000, 0x00000006cb500000|  0%| F|  |TS  0|AC  0|TAMS 0x00000006cb400000, 0x00000006cb400000|
|  77|0x00000006cb500000, 0x00000006cb500000, 0x00000006cb600000|  0%| F|  |TS  0|AC  0|TAMS 0x00000006cb500000, 0x00000006cb500000|
|  78|0x00000006cb600000, 0x00000006cb600000, 0x00000006cb700000|  0%| F|  |TS  0|AC  0|TAMS 0x00000006cb600000, 0x00000006cb600000|
|  79|0x00000006cb700000, 0x00000006cb700000, 0x00000006cb800000|  0%| F|  |TS  0|AC  0|TAMS 0x00000006cb700000, 0x00000006cb700000|
|  80|0x00000006cb800000, 0x00000006cb800000, 0x00000006cb900000|  0%| F|  |TS  0|AC  0|TAMS 0x00000006cb800000, 0x00000006cb800000|
|  81|0x00000006cb900000, 0x00000006cb900000, 0x00000006cba00000|  0%| F|  |TS  0|AC  0|TAMS 0x00000006cb900000, 0x00000006cb900000|
|  82|0x00000006cba00000, 0x00000006cba00000, 0x00000006cbb00000|  0%| F|  |TS  0|AC  0|TAMS 0x00000006cba00000, 0x00000006cba00000|
|  83|0x00000006cbb00000, 0x00000006cbb00000, 0x00000006cbc00000|  0%| F|  |TS  0|AC  0|TAMS 0x00000006cbb00000, 0x00000006cbb00000|
|  84|0x00000006cbc00000, 0x00000006cbc00000, 0x00000006cbd00000|  0%| F|  |TS  0|AC  0|TAMS 0x00000006cbc00000, 0x00000006cbc00000|
|  85|0x00000006cbd00000, 0x00000006cbd00000, 0x00000006cbe00000|  0%| F|  |TS  0|AC  0|TAMS 0x00000006cbd00000, 0x00000006cbd00000|
|  86|0x00000006cbe00000, 0x00000006cbe00000, 0x00000006cbf00000|  0%| F|  |TS  0|AC  0|TAMS 0x00000006cbe00000, 0x00000006cbe00000|
|  87|0x00000006cbf00000, 0x00000006cbf00000, 0x00000006cc000000|  0%| F|  |TS  0|AC  0|TAMS 0x00000006cbf00000, 0x00000006cbf00000|
|  88|0x00000006cc000000, 0x00000006cc000000, 0x00000006cc100000|  0%| F|  |TS  0|AC  0|TAMS 0x00000006cc000000, 0x00000006cc000000|
|  89|0x00000006cc100000, 0x00000006cc100000, 0x00000006cc200000|  0%| F|  |TS  0|AC  0|TAMS 0x00000006cc100000, 0x00000006cc100000|
|  90|0x00000006cc200000, 0x00000006cc200000, 0x00000006cc300000|  0%| F|  |TS  0|AC  0|TAMS 0x00000006cc200000, 0x00000006cc200000|
|  91|0x00000006cc300000, 0x00000006cc300000, 0x00000006cc400000|  0%| F|  |TS  0|AC  0|TAMS 0x00000006cc300000, 0x00000006cc300000|
|  92|0x00000006cc400000, 0x00000006cc400000, 0x00000006cc500000|  0%| F|  |TS  0|AC  0|TAMS 0x00000006cc400000, 0x00000006cc400000|
|  93|0x00000006cc500000, 0x00000006cc500000, 0x00000006cc600000|  0%| F|  |TS  0|AC  0|TAMS 0x00000006cc500000, 0x00000006cc500000|
|  94|0x00000006cc600000, 0x00000006cc600000, 0x00000006cc700000|  0%| F|  |TS  0|AC  0|TAMS 0x00000006cc600000, 0x00000006cc600000|
|  95|0x00000006cc700000, 0x00000006cc700000, 0x00000006cc800000|  0%| F|  |TS  0|AC  0|TAMS 0x00000006cc700000, 0x00000006cc700000|
|  96|0x00000006cc800000, 0x00000006cc800000, 0x00000006cc900000|  0%| F|  |TS  0|AC  0|TAMS 0x00000006cc800000, 0x00000006cc800000|
|  97|0x00000006cc900000, 0x00000006cc900000, 0x00000006cca00000|  0%| F|  |TS  0|AC  0|TAMS 0x00000006cc900000, 0x00000006cc900000|
|  98|0x00000006cca00000, 0x00000006cca00000, 0x00000006ccb00000|  0%| F|  |TS  0|AC  0|TAMS 0x00000006cca00000, 0x00000006cca00000|
|  99|0x00000006ccb00000, 0x00000006ccb00000, 0x00000006ccc00000|  0%| F|  |TS  0|AC  0|TAMS 0x00000006ccb00000, 0x00000006ccb00000|
| 100|0x00000006ccc00000, 0x00000006ccc00000, 0x00000006ccd00000|  0%| F|  |TS  0|AC  0|TAMS 0x00000006ccc00000, 0x00000006ccc00000|
| 101|0x00000006ccd00000, 0x00000006ccd00000, 0x00000006cce00000|  0%| F|  |TS  0|AC  0|TAMS 0x00000006ccd00000, 0x00000006ccd00000|
| 102|0x00000006cce00000, 0x00000006cce00000, 0x00000006ccf00000|  0%| F|  |TS  0|AC  0|TAMS 0x00000006cce00000, 0x00000006cce00000|
| 103|0x00000006ccf00000, 0x00000006ccf00000, 0x00000006cd000000|  0%| F|  |TS  0|AC  0|TAMS 0x00000006ccf00000, 0x00000006ccf00000|
| 104|0x00000006cd000000, 0x00000006cd000000, 0x00000006cd100000|  0%| F|  |TS  0|AC  0|TAMS 0x00000006cd000000, 0x00000006cd000000|
| 105|0x00000006cd100000, 0x00000006cd100000, 0x00000006cd200000|  0%| F|  |TS  0|AC  0|TAMS 0x00000006cd100000, 0x00000006cd100000|
| 106|0x00000006cd200000, 0x00000006cd200000, 0x00000006cd300000|  0%| F|  |TS  0|AC  0|TAMS 0x00000006cd200000, 0x00000006cd200000|
| 107|0x00000006cd300000, 0x00000006cd300000, 0x00000006cd400000|  0%| F|  |TS  0|AC  0|TAMS 0x00000006cd300000, 0x00000006cd300000|
| 108|0x00000006cd400000, 0x00000006cd400000, 0x00000006cd500000|  0%| F|  |TS  0|AC  0|TAMS 0x00000006cd400000, 0x00000006cd400000|
| 109|0x00000006cd500000, 0x00000006cd500000, 0x00000006cd600000|  0%| F|  |TS  0|AC  0|TAMS 0x00000006cd500000, 0x00000006cd500000|
| 110|0x00000006cd600000, 0x00000006cd600000, 0x00000006cd700000|  0%| F|  |TS  0|AC  0|TAMS 0x00000006cd600000, 0x00000006cd600000|
| 111|0x00000006cd700000, 0x00000006cd700000, 0x00000006cd800000|  0%| F|  |TS  0|AC  0|TAMS 0x00000006cd700000, 0x00000006cd700000|
| 112|0x00000006cd800000, 0x00000006cd800000, 0x00000006cd900000|  0%| F|  |TS  0|AC  0|TAMS 0x00000006cd800000, 0x00000006cd800000|
| 113|0x00000006cd900000, 0x00000006cd900000, 0x00000006cda00000|  0%| F|  |TS  0|AC  0|TAMS 0x00000006cd900000, 0x00000006cd900000|
| 114|0x00000006cda00000, 0x00000006cda00000, 0x00000006cdb00000|  0%| F|  |TS  0|AC  0|TAMS 0x00000006cda00000, 0x00000006cda00000|
| 115|0x00000006cdb00000, 0x00000006cdb00000, 0x00000006cdc00000|  0%| F|  |TS  0|AC  0|TAMS 0x00000006cdb00000, 0x00000006cdb00000|
| 116|0x00000006cdc00000, 0x00000006cdc00000, 0x00000006cdd00000|  0%| F|  |TS  0|AC  0|TAMS 0x00000006cdc00000, 0x00000006cdc00000|
| 117|0x00000006cdd00000, 0x00000006cdd00000, 0x00000006cde00000|  0%| F|  |TS  0|AC  0|TAMS 0x00000006cdd00000, 0x00000006cdd00000|
| 118|0x00000006cde00000, 0x00000006cde00000, 0x00000006cdf00000|  0%| F|  |TS  0|AC  0|TAMS 0x00000006cde00000, 0x00000006cde00000|
| 119|0x00000006cdf00000, 0x00000006cdf00000, 0x00000006ce000000|  0%| F|  |TS  0|AC  0|TAMS 0x00000006cdf00000, 0x00000006cdf00000|
| 120|0x00000006ce000000, 0x00000006ce000000, 0x00000006ce100000|  0%| F|  |TS  0|AC  0|TAMS 0x00000006ce000000, 0x00000006ce000000|
| 121|0x00000006ce100000, 0x00000006ce100000, 0x00000006ce200000|  0%| F|  |TS  0|AC  0|TAMS 0x00000006ce100000, 0x00000006ce100000|
| 122|0x00000006ce200000, 0x00000006ce200000, 0x00000006ce300000|  0%| F|  |TS  0|AC  0|TAMS 0x00000006ce200000, 0x00000006ce200000|
| 123|0x00000006ce300000, 0x00000006ce300000, 0x00000006ce400000|  0%| F|  |TS  0|AC  0|TAMS 0x00000006ce300000, 0x00000006ce300000|
| 124|0x00000006ce400000, 0x00000006ce400000, 0x00000006ce500000|  0%| F|  |TS  0|AC  0|TAMS 0x00000006ce400000, 0x00000006ce400000|
| 125|0x00000006ce500000, 0x00000006ce500000, 0x00000006ce600000|  0%| F|  |TS  0|AC  0|TAMS 0x00000006ce500000, 0x00000006ce500000|
| 126|0x00000006ce600000, 0x00000006ce600000, 0x00000006ce700000|  0%| F|  |TS  0|AC  0|TAMS 0x00000006ce600000, 0x00000006ce600000|
| 127|0x00000006ce700000, 0x00000006ce700000, 0x00000006ce800000|  0%| F|  |TS  0|AC  0|TAMS 0x00000006ce700000, 0x00000006ce700000|
| 128|0x00000006ce800000, 0x00000006ce800000, 0x00000006ce900000|  0%| F|  |TS  0|AC  0|TAMS 0x00000006ce800000, 0x00000006ce800000|
| 129|0x00000006ce900000, 0x00000006ce900000, 0x00000006cea00000|  0%| F|  |TS  0|AC  0|TAMS 0x00000006ce900000, 0x00000006ce900000|
| 130|0x00000006cea00000, 0x00000006cea00000, 0x00000006ceb00000|  0%| F|  |TS  0|AC  0|TAMS 0x00000006cea00000, 0x00000006cea00000|
| 131|0x00000006ceb00000, 0x00000006ceb00000, 0x00000006cec00000|  0%| F|  |TS  0|AC  0|TAMS 0x00000006ceb00000, 0x00000006ceb00000|
| 132|0x00000006cec00000, 0x00000006cec00000, 0x00000006ced00000|  0%| F|  |TS  0|AC  0|TAMS 0x00000006cec00000, 0x00000006cec00000|
| 133|0x00000006ced00000, 0x00000006ced00000, 0x00000006cee00000|  0%| F|  |TS  0|AC  0|TAMS 0x00000006ced00000, 0x00000006ced00000|
| 134|0x00000006cee00000, 0x00000006cee00000, 0x00000006cef00000|  0%| F|  |TS  0|AC  0|TAMS 0x00000006cee00000, 0x00000006cee00000|
| 135|0x00000006cef00000, 0x00000006cef00000, 0x00000006cf000000|  0%| F|  |TS  0|AC  0|TAMS 0x00000006cef00000, 0x00000006cef00000|
| 136|0x00000006cf000000, 0x00000006cf000000, 0x00000006cf100000|  0%| F|  |TS  0|AC  0|TAMS 0x00000006cf000000, 0x00000006cf000000|
| 137|0x00000006cf100000, 0x00000006cf100000, 0x00000006cf200000|  0%| F|  |TS  0|AC  0|TAMS 0x00000006cf100000, 0x00000006cf100000|
| 138|0x00000006cf200000, 0x00000006cf200000, 0x00000006cf300000|  0%| F|  |TS  0|AC  0|TAMS 0x00000006cf200000, 0x00000006cf200000|
| 139|0x00000006cf300000, 0x00000006cf300000, 0x00000006cf400000|  0%| F|  |TS  0|AC  0|TAMS 0x00000006cf300000, 0x00000006cf300000|
| 140|0x00000006cf400000, 0x00000006cf400000, 0x00000006cf500000|  0%| F|  |TS  0|AC  0|TAMS 0x00000006cf400000, 0x00000006cf400000|
| 141|0x00000006cf500000, 0x00000006cf500000, 0x00000006cf600000|  0%| F|  |TS  0|AC  0|TAMS 0x00000006cf500000, 0x00000006cf500000|
| 142|0x00000006cf600000, 0x00000006cf600000, 0x00000006cf700000|  0%| F|  |TS  0|AC  0|TAMS 0x00000006cf600000, 0x00000006cf600000|
| 143|0x00000006cf700000, 0x00000006cf700000, 0x00000006cf800000|  0%| F|  |TS  0|AC  0|TAMS 0x00000006cf700000, 0x00000006cf700000|
| 144|0x00000006cf800000, 0x00000006cf800000, 0x00000006cf900000|  0%| F|  |TS  0|AC  0|TAMS 0x00000006cf800000, 0x00000006cf800000|
| 145|0x00000006cf900000, 0x00000006cf900000, 0x00000006cfa00000|  0%| F|  |TS  0|AC  0|TAMS 0x00000006cf900000, 0x00000006cf900000|
| 146|0x00000006cfa00000, 0x00000006cfa00000, 0x00000006cfb00000|  0%| F|  |TS  0|AC  0|TAMS 0x00000006cfa00000, 0x00000006cfa00000|
| 147|0x00000006cfb00000, 0x00000006cfb00000, 0x00000006cfc00000|  0%| F|  |TS  0|AC  0|TAMS 0x00000006cfb00000, 0x00000006cfb00000|
| 148|0x00000006cfc00000, 0x00000006cfc00000, 0x00000006cfd00000|  0%| F|  |TS  0|AC  0|TAMS 0x00000006cfc00000, 0x00000006cfc00000|
| 149|0x00000006cfd00000, 0x00000006cfd00000, 0x00000006cfe00000|  0%| F|  |TS  0|AC  0|TAMS 0x00000006cfd00000, 0x00000006cfd00000|
| 150|0x00000006cfe00000, 0x00000006cfe00000, 0x00000006cff00000|  0%| F|  |TS  0|AC  0|TAMS 0x00000006cfe00000, 0x00000006cfe00000|
| 151|0x00000006cff00000, 0x00000006cff00000, 0x00000006d0000000|  0%| F|  |TS  0|AC  0|TAMS 0x00000006cff00000, 0x00000006cff00000|
| 152|0x00000006d0000000, 0x00000006d0000000, 0x00000006d0100000|  0%| F|  |TS  0|AC  0|TAMS 0x00000006d0000000, 0x00000006d0000000|
| 153|0x00000006d0100000, 0x00000006d0100000, 0x00000006d0200000|  0%| F|  |TS  0|AC  0|TAMS 0x00000006d0100000, 0x00000006d0100000|
| 154|0x00000006d0200000, 0x00000006d0200000, 0x00000006d0300000|  0%| F|  |TS  0|AC  0|TAMS 0x00000006d0200000, 0x00000006d0200000|
| 155|0x00000006d0300000, 0x00000006d0300000, 0x00000006d0400000|  0%| F|  |TS  0|AC  0|TAMS 0x00000006d0300000, 0x00000006d0300000|
| 156|0x00000006d0400000, 0x00000006d0400000, 0x00000006d0500000|  0%| F|  |TS  0|AC  0|TAMS 0x00000006d0400000, 0x00000006d0400000|
| 157|0x00000006d0500000, 0x00000006d0500000, 0x00000006d0600000|  0%| F|  |TS  0|AC  0|TAMS 0x00000006d0500000, 0x00000006d0500000|
| 158|0x00000006d0600000, 0x00000006d0600000, 0x00000006d0700000|  0%| F|  |TS  0|AC  0|TAMS 0x00000006d0600000, 0x00000006d0600000|
| 159|0x00000006d0700000, 0x00000006d0700000, 0x00000006d0800000|  0%| F|  |TS  0|AC  0|TAMS 0x00000006d0700000, 0x00000006d0700000|
| 160|0x00000006d0800000, 0x00000006d0800000, 0x00000006d0900000|  0%| F|  |TS  0|AC  0|TAMS 0x00000006d0800000, 0x00000006d0800000|
| 161|0x00000006d0900000, 0x00000006d0900000, 0x00000006d0a00000|  0%| F|  |TS  0|AC  0|TAMS 0x00000006d0900000, 0x00000006d0900000|
| 162|0x00000006d0a00000, 0x00000006d0a00000, 0x00000006d0b00000|  0%| F|  |TS  0|AC  0|TAMS 0x00000006d0a00000, 0x00000006d0a00000|
| 163|0x00000006d0b00000, 0x00000006d0b00000, 0x00000006d0c00000|  0%| F|  |TS  0|AC  0|TAMS 0x00000006d0b00000, 0x00000006d0b00000|
| 164|0x00000006d0c00000, 0x00000006d0c00000, 0x00000006d0d00000|  0%| F|  |TS  0|AC  0|TAMS 0x00000006d0c00000, 0x00000006d0c00000|
| 165|0x00000006d0d00000, 0x00000006d0d00000, 0x00000006d0e00000|  0%| F|  |TS  0|AC  0|TAMS 0x00000006d0d00000, 0x00000006d0d00000|
| 166|0x00000006d0e00000, 0x00000006d0e00000, 0x00000006d0f00000|  0%| F|  |TS  0|AC  0|TAMS 0x00000006d0e00000, 0x00000006d0e00000|
| 167|0x00000006d0f00000, 0x00000006d0f00000, 0x00000006d1000000|  0%| F|  |TS  0|AC  0|TAMS 0x00000006d0f00000, 0x00000006d0f00000|
| 168|0x00000006d1000000, 0x00000006d1000000, 0x00000006d1100000|  0%| F|  |TS  0|AC  0|TAMS 0x00000006d1000000, 0x00000006d1000000|
| 169|0x00000006d1100000, 0x00000006d1100000, 0x00000006d1200000|  0%| F|  |TS  0|AC  0|TAMS 0x00000006d1100000, 0x00000006d1100000|
| 170|0x00000006d1200000, 0x00000006d1200000, 0x00000006d1300000|  0%| F|  |TS  0|AC  0|TAMS 0x00000006d1200000, 0x00000006d1200000|
| 171|0x00000006d1300000, 0x00000006d1300000, 0x00000006d1400000|  0%| F|  |TS  0|AC  0|TAMS 0x00000006d1300000, 0x00000006d1300000|
| 172|0x00000006d1400000, 0x00000006d1400000, 0x00000006d1500000|  0%| F|  |TS  0|AC  0|TAMS 0x00000006d1400000, 0x00000006d1400000|
| 173|0x00000006d1500000, 0x00000006d1500000, 0x00000006d1600000|  0%| F|  |TS  0|AC  0|TAMS 0x00000006d1500000, 0x00000006d1500000|
| 174|0x00000006d1600000, 0x00000006d1600000, 0x00000006d1700000|  0%| F|  |TS  0|AC  0|TAMS 0x00000006d1600000, 0x00000006d1600000|
| 175|0x00000006d1700000, 0x00000006d1700000, 0x00000006d1800000|  0%| F|  |TS  0|AC  0|TAMS 0x00000006d1700000, 0x00000006d1700000|
| 176|0x00000006d1800000, 0x00000006d1800000, 0x00000006d1900000|  0%| F|  |TS  0|AC  0|TAMS 0x00000006d1800000, 0x00000006d1800000|
| 177|0x00000006d1900000, 0x00000006d1900000, 0x00000006d1a00000|  0%| F|  |TS  0|AC  0|TAMS 0x00000006d1900000, 0x00000006d1900000|
| 178|0x00000006d1a00000, 0x00000006d1a00000, 0x00000006d1b00000|  0%| F|  |TS  0|AC  0|TAMS 0x00000006d1a00000, 0x00000006d1a00000|
| 179|0x00000006d1b00000, 0x00000006d1b00000, 0x00000006d1c00000|  0%| F|  |TS  0|AC  0|TAMS 0x00000006d1b00000, 0x00000006d1b00000|
| 180|0x00000006d1c00000, 0x00000006d1c00000, 0x00000006d1d00000|  0%| F|  |TS  0|AC  0|TAMS 0x00000006d1c00000, 0x00000006d1c00000|
| 181|0x00000006d1d00000, 0x00000006d1d00000, 0x00000006d1e00000|  0%| F|  |TS  0|AC  0|TAMS 0x00000006d1d00000, 0x00000006d1d00000|
| 182|0x00000006d1e00000, 0x00000006d1e00000, 0x00000006d1f00000|  0%| F|  |TS  0|AC  0|TAMS 0x00000006d1e00000, 0x00000006d1e00000|
| 183|0x00000006d1f00000, 0x00000006d1f00000, 0x00000006d2000000|  0%| F|  |TS  0|AC  0|TAMS 0x00000006d1f00000, 0x00000006d1f00000|
| 184|0x00000006d2000000, 0x00000006d2000000, 0x00000006d2100000|  0%| F|  |TS  0|AC  0|TAMS 0x00000006d2000000, 0x00000006d2000000|
| 185|0x00000006d2100000, 0x00000006d2100000, 0x00000006d2200000|  0%| F|  |TS  0|AC  0|TAMS 0x00000006d2100000, 0x00000006d2100000|
| 186|0x00000006d2200000, 0x00000006d2200000, 0x00000006d2300000|  0%| F|  |TS  0|AC  0|TAMS 0x00000006d2200000, 0x00000006d2200000|
| 187|0x00000006d2300000, 0x00000006d2300000, 0x00000006d2400000|  0%| F|  |TS  0|AC  0|TAMS 0x00000006d2300000, 0x00000006d2300000|
| 188|0x00000006d2400000, 0x00000006d2400000, 0x00000006d2500000|  0%| F|  |TS  0|AC  0|TAMS 0x00000006d2400000, 0x00000006d2400000|
| 189|0x00000006d2500000, 0x00000006d2500000, 0x00000006d2600000|  0%| F|  |TS  0|AC  0|TAMS 0x00000006d2500000, 0x00000006d2500000|
| 190|0x00000006d2600000, 0x00000006d2600000, 0x00000006d2700000|  0%| F|  |TS  0|AC  0|TAMS 0x00000006d2600000, 0x00000006d2600000|
| 191|0x00000006d2700000, 0x00000006d2700000, 0x00000006d2800000|  0%| F|  |TS  0|AC  0|TAMS 0x00000006d2700000, 0x00000006d2700000|
| 192|0x00000006d2800000, 0x00000006d2800000, 0x00000006d2900000|  0%| F|  |TS  0|AC  0|TAMS 0x00000006d2800000, 0x00000006d2800000|
| 193|0x00000006d2900000, 0x00000006d2900000, 0x00000006d2a00000|  0%| F|  |TS  0|AC  0|TAMS 0x00000006d2900000, 0x00000006d2900000|
| 194|0x00000006d2a00000, 0x00000006d2a00000, 0x00000006d2b00000|  0%| F|  |TS  0|AC  0|TAMS 0x00000006d2a00000, 0x00000006d2a00000|
| 195|0x00000006d2b00000, 0x00000006d2b00000, 0x00000006d2c00000|  0%| F|  |TS  0|AC  0|TAMS 0x00000006d2b00000, 0x00000006d2b00000|
| 196|0x00000006d2c00000, 0x00000006d2c00000, 0x00000006d2d00000|  0%| F|  |TS  0|AC  0|TAMS 0x00000006d2c00000, 0x00000006d2c00000|
| 197|0x00000006d2d00000, 0x00000006d2d00000, 0x00000006d2e00000|  0%| F|  |TS  0|AC  0|TAMS 0x00000006d2d00000, 0x00000006d2d00000|
| 198|0x00000006d2e00000, 0x00000006d2e00000, 0x00000006d2f00000|  0%| F|  |TS  0|AC  0|TAMS 0x00000006d2e00000, 0x00000006d2e00000|
| 199|0x00000006d2f00000, 0x00000006d2f00000, 0x00000006d3000000|  0%| F|  |TS  0|AC  0|TAMS 0x00000006d2f00000, 0x00000006d2f00000|
| 200|0x00000006d3000000, 0x00000006d3000000, 0x00000006d3100000|  0%| F|  |TS  0|AC  0|TAMS 0x00000006d3000000, 0x00000006d3000000|
| 201|0x00000006d3100000, 0x00000006d3100000, 0x00000006d3200000|  0%| F|  |TS  0|AC  0|TAMS 0x00000006d3100000, 0x00000006d3100000|
| 202|0x00000006d3200000, 0x00000006d3200000, 0x00000006d3300000|  0%| F|  |TS  0|AC  0|TAMS 0x00000006d3200000, 0x00000006d3200000|
| 203|0x00000006d3300000, 0x00000006d3300000, 0x00000006d3400000|  0%| F|  |TS  0|AC  0|TAMS 0x00000006d3300000, 0x00000006d3300000|
| 204|0x00000006d3400000, 0x00000006d3400000, 0x00000006d3500000|  0%| F|  |TS  0|AC  0|TAMS 0x00000006d3400000, 0x00000006d3400000|
| 205|0x00000006d3500000, 0x00000006d3500000, 0x00000006d3600000|  0%| F|  |TS  0|AC  0|TAMS 0x00000006d3500000, 0x00000006d3500000|
| 206|0x00000006d3600000, 0x00000006d3600000, 0x00000006d3700000|  0%| F|  |TS  0|AC  0|TAMS 0x00000006d3600000, 0x00000006d3600000|
| 207|0x00000006d3700000, 0x00000006d3700000, 0x00000006d3800000|  0%| F|  |TS  0|AC  0|TAMS 0x00000006d3700000, 0x00000006d3700000|
| 208|0x00000006d3800000, 0x00000006d3800000, 0x00000006d3900000|  0%| F|  |TS  0|AC  0|TAMS 0x00000006d3800000, 0x00000006d3800000|
| 209|0x00000006d3900000, 0x00000006d3900000, 0x00000006d3a00000|  0%| F|  |TS  0|AC  0|TAMS 0x00000006d3900000, 0x00000006d3900000|
| 210|0x00000006d3a00000, 0x00000006d3a00000, 0x00000006d3b00000|  0%| F|  |TS  0|AC  0|TAMS 0x00000006d3a00000, 0x00000006d3a00000|
| 211|0x00000006d3b00000, 0x00000006d3b00000, 0x00000006d3c00000|  0%| F|  |TS  0|AC  0|TAMS 0x00000006d3b00000, 0x00000006d3b00000|
| 212|0x00000006d3c00000, 0x00000006d3c00000, 0x00000006d3d00000|  0%| F|  |TS  0|AC  0|TAMS 0x00000006d3c00000, 0x00000006d3c00000|
| 213|0x00000006d3d00000, 0x00000006d3d00000, 0x00000006d3e00000|  0%| F|  |TS  0|AC  0|TAMS 0x00000006d3d00000, 0x00000006d3d00000|
| 214|0x00000006d3e00000, 0x00000006d3e00000, 0x00000006d3f00000|  0%| F|  |TS  0|AC  0|TAMS 0x00000006d3e00000, 0x00000006d3e00000|
| 215|0x00000006d3f00000, 0x00000006d3f00000, 0x00000006d4000000|  0%| F|  |TS  0|AC  0|TAMS 0x00000006d3f00000, 0x00000006d3f00000|
| 216|0x00000006d4000000, 0x00000006d4000000, 0x00000006d4100000|  0%| F|  |TS  0|AC  0|TAMS 0x00000006d4000000, 0x00000006d4000000|
| 217|0x00000006d4100000, 0x00000006d4100000, 0x00000006d4200000|  0%| F|  |TS  0|AC  0|TAMS 0x00000006d4100000, 0x00000006d4100000|
| 218|0x00000006d4200000, 0x00000006d4200000, 0x00000006d4300000|  0%| F|  |TS  0|AC  0|TAMS 0x00000006d4200000, 0x00000006d4200000|
| 219|0x00000006d4300000, 0x00000006d4300000, 0x00000006d4400000|  0%| F|  |TS  0|AC  0|TAMS 0x00000006d4300000, 0x00000006d4300000|
| 220|0x00000006d4400000, 0x00000006d4400000, 0x00000006d4500000|  0%| F|  |TS  0|AC  0|TAMS 0x00000006d4400000, 0x00000006d4400000|
| 221|0x00000006d4500000, 0x00000006d4500000, 0x00000006d4600000|  0%| F|  |TS  0|AC  0|TAMS 0x00000006d4500000, 0x00000006d4500000|
| 222|0x00000006d4600000, 0x00000006d4600000, 0x00000006d4700000|  0%| F|  |TS  0|AC  0|TAMS 0x00000006d4600000, 0x00000006d4600000|
| 223|0x00000006d4700000, 0x00000006d4700000, 0x00000006d4800000|  0%| F|  |TS  0|AC  0|TAMS 0x00000006d4700000, 0x00000006d4700000|
| 224|0x00000006d4800000, 0x00000006d4800000, 0x00000006d4900000|  0%| F|  |TS  0|AC  0|TAMS 0x00000006d4800000, 0x00000006d4800000|
| 225|0x00000006d4900000, 0x00000006d4900000, 0x00000006d4a00000|  0%| F|  |TS  0|AC  0|TAMS 0x00000006d4900000, 0x00000006d4900000|
| 226|0x00000006d4a00000, 0x00000006d4a00000, 0x00000006d4b00000|  0%| F|  |TS  0|AC  0|TAMS 0x00000006d4a00000, 0x00000006d4a00000|
| 227|0x00000006d4b00000, 0x00000006d4b00000, 0x00000006d4c00000|  0%| F|  |TS  0|AC  0|TAMS 0x00000006d4b00000, 0x00000006d4b00000|
| 228|0x00000006d4c00000, 0x00000006d4c00000, 0x00000006d4d00000|  0%| F|  |TS  0|AC  0|TAMS 0x00000006d4c00000, 0x00000006d4c00000|
| 229|0x00000006d4d00000, 0x00000006d4d00000, 0x00000006d4e00000|  0%| F|  |TS  0|AC  0|TAMS 0x00000006d4d00000, 0x00000006d4d00000|
| 230|0x00000006d4e00000, 0x00000006d4e00000, 0x00000006d4f00000|  0%| F|  |TS  0|AC  0|TAMS 0x00000006d4e00000, 0x00000006d4e00000|
| 231|0x00000006d4f00000, 0x00000006d4f00000, 0x00000006d5000000|  0%| F|  |TS  0|AC  0|TAMS 0x00000006d4f00000, 0x00000006d4f00000|
| 232|0x00000006d5000000, 0x00000006d5000000, 0x00000006d5100000|  0%| F|  |TS  0|AC  0|TAMS 0x00000006d5000000, 0x00000006d5000000|
| 233|0x00000006d5100000, 0x00000006d5100000, 0x00000006d5200000|  0%| F|  |TS  0|AC  0|TAMS 0x00000006d5100000, 0x00000006d5100000|
| 234|0x00000006d5200000, 0x00000006d5200000, 0x00000006d5300000|  0%| F|  |TS  0|AC  0|TAMS 0x00000006d5200000, 0x00000006d5200000|
| 235|0x00000006d5300000, 0x00000006d5300000, 0x00000006d5400000|  0%| F|  |TS  0|AC  0|TAMS 0x00000006d5300000, 0x00000006d5300000|
| 236|0x00000006d5400000, 0x00000006d5400000, 0x00000006d5500000|  0%| F|  |TS  0|AC  0|TAMS 0x00000006d5400000, 0x00000006d5400000|
| 237|0x00000006d5500000, 0x00000006d5500000, 0x00000006d5600000|  0%| F|  |TS  0|AC  0|TAMS 0x00000006d5500000, 0x00000006d5500000|
| 238|0x00000006d5600000, 0x00000006d5600000, 0x00000006d5700000|  0%| F|  |TS  0|AC  0|TAMS 0x00000006d5600000, 0x00000006d5600000|
| 239|0x00000006d5700000, 0x00000006d5700000, 0x00000006d5800000|  0%| F|  |TS  0|AC  0|TAMS 0x00000006d5700000, 0x00000006d5700000|
| 240|0x00000006d5800000, 0x00000006d5800000, 0x00000006d5900000|  0%| F|  |TS  0|AC  0|TAMS 0x00000006d5800000, 0x00000006d5800000|
| 241|0x00000006d5900000, 0x00000006d5900000, 0x00000006d5a00000|  0%| F|  |TS  0|AC  0|TAMS 0x00000006d5900000, 0x00000006d5900000|
| 242|0x00000006d5a00000, 0x00000006d5b00000, 0x00000006d5b00000|100%| E|  |TS  0|AC  0|TAMS 0x00000006d5a00000, 0x00000006d5a00000|
| 243|0x00000006d5b00000, 0x00000006d5c00000, 0x00000006d5c00000|100%| E|CS|TS  0|AC  0|TAMS 0x00000006d5b00000, 0x00000006d5b00000|
| 244|0x00000006d5c00000, 0x00000006d5d00000, 0x00000006d5d00000|100%| E|CS|TS  0|AC  0|TAMS 0x00000006d5c00000, 0x00000006d5c00000|
| 245|0x00000006d5d00000, 0x00000006d5e00000, 0x00000006d5e00000|100%| E|CS|TS  0|AC  0|TAMS 0x00000006d5d00000, 0x00000006d5d00000|
| 246|0x00000006d5e00000, 0x00000006d5f00000, 0x00000006d5f00000|100%| E|CS|TS  0|AC  0|TAMS 0x00000006d5e00000, 0x00000006d5e00000|
| 247|0x00000006d5f00000, 0x00000006d6000000, 0x00000006d6000000|100%| E|CS|TS  0|AC  0|TAMS 0x00000006d5f00000, 0x00000006d5f00000|
| 248|0x00000006d6000000, 0x00000006d6100000, 0x00000006d6100000|100%| E|CS|TS  0|AC  0|TAMS 0x00000006d6000000, 0x00000006d6000000|
| 249|0x00000006d6100000, 0x00000006d6200000, 0x00000006d6200000|100%| E|CS|TS  0|AC  0|TAMS 0x00000006d6100000, 0x00000006d6100000|

Card table byte_map: [0x00007feded772000,0x00007fededf3e000] byte_map_base: 0x00007fedea13e000

Marking Bits (Prev, Next): (CMBitMap*) 0x00007fee0808b890, (CMBitMap*) 0x00007fee0808b8c8
 Prev Bits: [0x00007fedb41a0000, 0x00007fedb8000000)
 Next Bits: [0x00007fedb0340000, 0x00007fedb41a0000)

Polling page: 0x00007fee1078b000

CodeHeap 'non-profiled nmethods': size=119172Kb used=121Kb max_used=121Kb free=119050Kb
 bounds [0x00007fedf76c4000, 0x00007fedf7934000, 0x00007fedfeb25000]
CodeHeap 'profiled nmethods': size=119172Kb used=726Kb max_used=726Kb free=118445Kb
 bounds [0x00007fedf0263000, 0x00007fedf04d3000, 0x00007fedf76c4000]
CodeHeap 'non-nmethods': size=7416Kb used=2775Kb max_used=2788Kb free=4640Kb
 bounds [0x00007fedefb25000, 0x00007fedefde5000, 0x00007fedf0263000]
 total_blobs=989 nmethods=464 adapters=331
 compilation: enabled

Compilation events (10 events):
Event: 1.032 Thread 0x00007fee08220800  478   !   3       java.util.concurrent.ConcurrentHashMap::computeIfAbsent (576 bytes)
Event: 1.032 Thread 0x00007fee08222000  471       3       java.io.RandomAccessFile::seek (22 bytes)
Event: 1.032 Thread 0x00007fee08224000  469       3       java.lang.ref.WeakReference::<init> (7 bytes)
Event: 1.056 Thread 0x00007fee08222000 nmethod 471 0x00007fedf0311790 code [0x00007fedf0311960, 0x00007fedf0311bf8]
Event: 1.056 Thread 0x00007fee08222000  468       3       java.lang.String::isEmpty (14 bytes)
Event: 1.060 Thread 0x00007fee08222000 nmethod 468 0x00007fedf0311d10 code [0x00007fedf0311ec0, 0x00007fedf0312090]
Event: 1.060 Thread 0x00007fee08222000  481       3       java.lang.String::equalsIgnoreCase (45 bytes)
Event: 1.068 Thread 0x00007fee08224000 nmethod 469 0x00007fedf0312190 code [0x00007fedf0312360, 0x00007fedf03126b0]
Event: 1.069 Thread 0x00007fee08222000 nmethod 481 0x00007fedf0312790 code [0x00007fedf03129a0, 0x00007fedf0312f48]
Event: 1.069 Thread 0x00007fee08222000  482       3       java.util.Vector::add (23 bytes)

GC Heap History (0 events):
No events

Deoptimization events (3 events):
Event: 0.595 Thread 0x00007fee08012000 Uncommon trap: reason=unstable_if action=reinterpret pc=0x00007fedf76c6a60 method=java.lang.String.hashCode()I @ 14 c2
Event: 0.787 Thread 0x00007fee08012000 Uncommon trap: reason=unstable_if action=reinterpret pc=0x00007fedf76c9f90 method=java.lang.String.isLatin1()Z @ 10 c2
Event: 0.994 Thread 0x00007fee08012000 Uncommon trap: reason=unstable_if action=reinterpret pc=0x00007fedf76d4230 method=java.lang.String.equals(Ljava/lang/Object;)Z @ 27 c2

Classes redefined (0 events):
No events

Internal exceptions (5 events):
Event: 0.750 Thread 0x00007fee08012000 Exception <a 'java/lang/NoSuchMethodError'{0x00000006d5e20f20}: java.lang.invoke.DirectMethodHandle$Holder.invokeVirtual(Ljava/lang/Object;Ljava/lang/Object;Ljava/lang/Object;Ljava/lang/Object;)Ljava/lang/Object;> (0x00000006d5e20f20) thrown at [/build/op
Event: 0.863 Thread 0x00007fee08012000 Exception <a 'java/lang/NoSuchMethodError'{0x00000006d5c5a128}: method resolution failed> (0x00000006d5c5a128) thrown at [/build/openjdk-lts-Ae5PRQ/openjdk-lts-10.0.2+13/src/hotspot/share/prims/methodHandles.cpp, line 1226]
Event: 0.873 Thread 0x00007fee08012000 Exception <a 'java/lang/NoSuchMethodError'{0x00000006d5c664c0}: java.lang.invoke.DirectMethodHandle$Holder.invokeStatic(Ljava/lang/Object;Ljava/lang/Object;)I> (0x00000006d5c664c0) thrown at [/build/openjdk-lts-Ae5PRQ/openjdk-lts-10.0.2+13/src/hotspot/sha
Event: 0.875 Thread 0x00007fee08012000 Exception <a 'java/lang/NoSuchMethodError'{0x00000006d5c73910}: java.lang.Object.of([Ljava/lang/Object;)Ljava/util/stream/Stream;> (0x00000006d5c73910) thrown at [/build/openjdk-lts-Ae5PRQ/openjdk-lts-10.0.2+13/src/hotspot/share/interpreter/linkResolver.c
Event: 0.913 Thread 0x00007fee08012000 Exception <a 'java/lang/NoSuchMethodError'{0x00000006d5cf8c90}: java.lang.Object.lambda$union$2(Ljava/util/regex/Pattern$CharPredicate;I)Z> (0x00000006d5cf8c90) thrown at [/build/openjdk-lts-Ae5PRQ/openjdk-lts-10.0.2+13/src/hotspot/share/interpreter/linkR

Events (10 events):
Event: 1.030 loading class com/microsoft/z3/enumerations/Z3_error_code
Event: 1.030 loading class com/microsoft/z3/enumerations/Z3_error_code done
Event: 1.031 loading class com/microsoft/z3/enumerations/Z3_error_code$Z3_error_code_MappingHolder
Event: 1.031 loading class com/microsoft/z3/enumerations/Z3_error_code$Z3_error_code_MappingHolder done
Event: 1.031 loading class com/microsoft/z3/Solver
Event: 1.031 loading class com/microsoft/z3/Solver done
Event: 1.032 loading class com/microsoft/z3/ASTVector
Event: 1.032 loading class com/microsoft/z3/ASTVector done
Event: 1.060 loading class com/microsoft/z3/Quantifier
Event: 1.060 loading class com/microsoft/z3/Quantifier done


Dynamic libraries:
6c6800000-6d6200000 rw-p 00000000 00:00 0 
6d6200000-7c0000000 ---p 00000000 00:00 0 
7c0000000-7c0100000 rw-p 00000000 00:00 0 
7c0100000-800000000 ---p 00000000 00:00 0 
557e1397d000-557e1397e000 r-xp 00000000 fd:00 917705                     /usr/lib/jvm/java-11-openjdk-amd64/bin/java
557e13b7e000-557e13b7f000 r--p 00001000 fd:00 917705                     /usr/lib/jvm/java-11-openjdk-amd64/bin/java
557e13b7f000-557e13b80000 rw-p 00002000 fd:00 917705                     /usr/lib/jvm/java-11-openjdk-amd64/bin/java
557e1575f000-557e15780000 rw-p 00000000 00:00 0                          [heap]
7fed10000000-7fed10021000 rw-p 00000000 00:00 0 
7fed10021000-7fed14000000 ---p 00000000 00:00 0 
7fed14000000-7fed14021000 rw-p 00000000 00:00 0 
7fed14021000-7fed18000000 ---p 00000000 00:00 0 
7fed18000000-7fed18021000 rw-p 00000000 00:00 0 
7fed18021000-7fed1c000000 ---p 00000000 00:00 0 
7fed1c000000-7fed1c021000 rw-p 00000000 00:00 0 
7fed1c021000-7fed20000000 ---p 00000000 00:00 0 
7fed20000000-7fed2012e000 rw-p 00000000 00:00 0 
7fed2012e000-7fed24000000 ---p 00000000 00:00 0 
7fed24000000-7fed24095000 rw-p 00000000 00:00 0 
7fed24095000-7fed28000000 ---p 00000000 00:00 0 
7fed28000000-7fed281fb000 rw-p 00000000 00:00 0 
7fed281fb000-7fed2c000000 ---p 00000000 00:00 0 
7fed2c000000-7fed2c100000 rw-p 00000000 00:00 0 
7fed2c100000-7fed30000000 ---p 00000000 00:00 0 
7fed30000000-7fed3002b000 rw-p 00000000 00:00 0 
7fed3002b000-7fed34000000 ---p 00000000 00:00 0 
7fed34000000-7fed34021000 rw-p 00000000 00:00 0 
7fed34021000-7fed38000000 ---p 00000000 00:00 0 
7fed38000000-7fed3805c000 rw-p 00000000 00:00 0 
7fed3805c000-7fed3c000000 ---p 00000000 00:00 0 
7fed3c000000-7fed3c098000 rw-p 00000000 00:00 0 
7fed3c098000-7fed40000000 ---p 00000000 00:00 0 
7fed40000000-7fed40051000 rw-p 00000000 00:00 0 
7fed40051000-7fed44000000 ---p 00000000 00:00 0 
7fed44000000-7fed4405a000 rw-p 00000000 00:00 0 
7fed4405a000-7fed48000000 ---p 00000000 00:00 0 
7fed48000000-7fed48021000 rw-p 00000000 00:00 0 
7fed48021000-7fed4c000000 ---p 00000000 00:00 0 
7fed4d189000-7fed4d1b7000 r-xp 00000000 fd:00 655868                     /usr/lib/x86_64-linux-gnu/libgomp.so.1.0.0
7fed4d1b7000-7fed4d3b6000 ---p 0002e000 fd:00 655868                     /usr/lib/x86_64-linux-gnu/libgomp.so.1.0.0
7fed4d3b6000-7fed4d3b7000 r--p 0002d000 fd:00 655868                     /usr/lib/x86_64-linux-gnu/libgomp.so.1.0.0
7fed4d3b7000-7fed4d3b8000 rw-p 0002e000 fd:00 655868                     /usr/lib/x86_64-linux-gnu/libgomp.so.1.0.0
7fed4d3b8000-7fed4e674000 r-xp 00000000 fd:00 5374072                    /home/haowu/uran/lib/libz3.so
7fed4e674000-7fed4e873000 ---p 012bc000 fd:00 5374072                    /home/haowu/uran/lib/libz3.so
7fed4e873000-7fed4e896000 r--p 012bb000 fd:00 5374072                    /home/haowu/uran/lib/libz3.so
7fed4e896000-7fed4e899000 rw-p 012de000 fd:00 5374072                    /home/haowu/uran/lib/libz3.so
7fed4e899000-7fed4e89a000 rw-p 00000000 00:00 0 
7fed4e89a000-7fed4e8c4000 r-xp 00000000 fd:00 5374074                    /home/haowu/uran/lib/libz3java.so
7fed4e8c4000-7fed4eac3000 ---p 0002a000 fd:00 5374074                    /home/haowu/uran/lib/libz3java.so
7fed4eac3000-7fed4eac4000 r--p 00029000 fd:00 5374074                    /home/haowu/uran/lib/libz3java.so
7fed4eac4000-7fed4eac6000 rw-p 0002a000 fd:00 5374074                    /home/haowu/uran/lib/libz3java.so
7fed4eac6000-7fed4eb46000 rw-p 00000000 00:00 0 
7fed4eb46000-7fed4ecc6000 ---p 00000000 00:00 0 
7fed4ecc6000-7fed4ecdd000 r-xp 00000000 fd:00 1313580                    /usr/lib/jvm/java-11-openjdk-amd64/lib/libnet.so
7fed4ecdd000-7fed4eedc000 ---p 00017000 fd:00 1313580                    /usr/lib/jvm/java-11-openjdk-amd64/lib/libnet.so
7fed4eedc000-7fed4eedd000 r--p 00016000 fd:00 1313580                    /usr/lib/jvm/java-11-openjdk-amd64/lib/libnet.so
7fed4eedd000-7fed4eede000 rw-p 00017000 fd:00 1313580                    /usr/lib/jvm/java-11-openjdk-amd64/lib/libnet.so
7fed4eede000-7fed4eeef000 r-xp 00000000 fd:00 1313584                    /usr/lib/jvm/java-11-openjdk-amd64/lib/libnio.so
7fed4eeef000-7fed4f0ee000 ---p 00011000 fd:00 1313584                    /usr/lib/jvm/java-11-openjdk-amd64/lib/libnio.so
7fed4f0ee000-7fed4f0ef000 r--p 00010000 fd:00 1313584                    /usr/lib/jvm/java-11-openjdk-amd64/lib/libnio.so
7fed4f0ef000-7fed4f0f0000 rw-p 00011000 fd:00 1313584                    /usr/lib/jvm/java-11-openjdk-amd64/lib/libnio.so
7fed4f0f0000-7fed4f0f4000 ---p 00000000 00:00 0 
7fed4f0f4000-7fed4f1f1000 rw-p 00000000 00:00 0 
7fed4f1f1000-7fed4f1f2000 ---p 00000000 00:00 0 
7fed4f1f2000-7fed4f2f3000 rw-p 00000000 00:00 0 
7fed4f2f3000-7fed4f2f7000 ---p 00000000 00:00 0 
7fed4f2f7000-7fed4f3f4000 rw-p 00000000 00:00 0 
7fed4f3f4000-7fed4f3f8000 ---p 00000000 00:00 0 
7fed4f3f8000-7fed4f4f5000 rw-p 00000000 00:00 0 
7fed4f4f5000-7fed4f4f9000 ---p 00000000 00:00 0 
7fed4f4f9000-7fed4f5f6000 rw-p 00000000 00:00 0 
7fed4f5f6000-7fed4f5fa000 ---p 00000000 00:00 0 
7fed4f5fa000-7fed4f6f7000 rw-p 00000000 00:00 0 
7fed4f6f7000-7fed4f6fb000 ---p 00000000 00:00 0 
7fed4f6fb000-7fed4f7f8000 rw-p 00000000 00:00 0 
7fed4f7f8000-7fed4f7fc000 ---p 00000000 00:00 0 
7fed4f7fc000-7fed4f8f9000 rw-p 00000000 00:00 0 
7fed4f8f9000-7fed4f8fd000 ---p 00000000 00:00 0 
7fed4f8fd000-7fed4f9fa000 rw-p 00000000 00:00 0 
7fed4f9fa000-7fed4f9fe000 ---p 00000000 00:00 0 
7fed4f9fe000-7fed4fafb000 rw-p 00000000 00:00 0 
7fed4fafb000-7fed4faff000 ---p 00000000 00:00 0 
7fed4faff000-7fed4fbfc000 rw-p 00000000 00:00 0 
7fed4fbfc000-7fed4fc00000 ---p 00000000 00:00 0 
7fed4fc00000-7fed4fcfd000 rw-p 00000000 00:00 0 
7fed4fcfd000-7fed4fd01000 ---p 00000000 00:00 0 
7fed4fd01000-7fed4fdfe000 rw-p 00000000 00:00 0 
7fed4fdfe000-7fed4fe02000 ---p 00000000 00:00 0 
7fed4fe02000-7fed4feff000 rw-p 00000000 00:00 0 
7fed4feff000-7fed4ff03000 ---p 00000000 00:00 0 
7fed4ff03000-7fed50000000 rw-p 00000000 00:00 0 
7fed50000000-7fed50021000 rw-p 00000000 00:00 0 
7fed50021000-7fed54000000 ---p 00000000 00:00 0 
7fed54000000-7fed54074000 rw-p 00000000 00:00 0 
7fed54074000-7fed58000000 ---p 00000000 00:00 0 
7fed58000000-7fed58021000 rw-p 00000000 00:00 0 
7fed58021000-7fed5c000000 ---p 00000000 00:00 0 
7fed5c000000-7fed5c021000 rw-p 00000000 00:00 0 
7fed5c021000-7fed60000000 ---p 00000000 00:00 0 
7fed60000000-7fed60021000 rw-p 00000000 00:00 0 
7fed60021000-7fed64000000 ---p 00000000 00:00 0 
7fed64000000-7fed64021000 rw-p 00000000 00:00 0 
7fed64021000-7fed68000000 ---p 00000000 00:00 0 
7fed68000000-7fed68021000 rw-p 00000000 00:00 0 
7fed68021000-7fed6c000000 ---p 00000000 00:00 0 
7fed6c000000-7fed6c021000 rw-p 00000000 00:00 0 
7fed6c021000-7fed70000000 ---p 00000000 00:00 0 
7fed70000000-7fed70021000 rw-p 00000000 00:00 0 
7fed70021000-7fed74000000 ---p 00000000 00:00 0 
7fed74000000-7fed74021000 rw-p 00000000 00:00 0 
7fed74021000-7fed78000000 ---p 00000000 00:00 0 
7fed78000000-7fed78021000 rw-p 00000000 00:00 0 
7fed78021000-7fed7c000000 ---p 00000000 00:00 0 
7fed7c000000-7fed7c021000 rw-p 00000000 00:00 0 
7fed7c021000-7fed80000000 ---p 00000000 00:00 0 
7fed80000000-7fed80021000 rw-p 00000000 00:00 0 
7fed80021000-7fed84000000 ---p 00000000 00:00 0 
7fed84000000-7fed84021000 rw-p 00000000 00:00 0 
7fed84021000-7fed88000000 ---p 00000000 00:00 0 
7fed88000000-7fed88021000 rw-p 00000000 00:00 0 
7fed88021000-7fed8c000000 ---p 00000000 00:00 0 
7fed8c000000-7fed8c021000 rw-p 00000000 00:00 0 
7fed8c021000-7fed90000000 ---p 00000000 00:00 0 
7fed90000000-7fed90021000 rw-p 00000000 00:00 0 
7fed90021000-7fed94000000 ---p 00000000 00:00 0 
7fed94000000-7fed94021000 rw-p 00000000 00:00 0 
7fed94021000-7fed98000000 ---p 00000000 00:00 0 
7fed98000000-7fed98021000 rw-p 00000000 00:00 0 
7fed98021000-7fed9c000000 ---p 00000000 00:00 0 
7fed9c000000-7fed9c021000 rw-p 00000000 00:00 0 
7fed9c021000-7feda0000000 ---p 00000000 00:00 0 
7feda004a000-7feda004e000 ---p 00000000 00:00 0 
7feda004e000-7feda014b000 rw-p 00000000 00:00 0 
7feda014b000-7feda014f000 ---p 00000000 00:00 0 
7feda014f000-7feda024c000 rw-p 00000000 00:00 0 
7feda024c000-7feda06e0000 r--p 00000000 fd:00 660691                     /usr/lib/locale/locale-archive
7feda06e0000-7feda06e4000 ---p 00000000 00:00 0 
7feda06e4000-7feda07e1000 rw-p 00000000 00:00 0 
7feda07e1000-7feda07e5000 ---p 00000000 00:00 0 
7feda07e5000-7feda08e2000 rw-p 00000000 00:00 0 
7feda08e2000-7feda08e3000 ---p 00000000 00:00 0 
7feda08e3000-7feda11e4000 rw-p 00000000 00:00 0 
7feda11e4000-7feda11e5000 ---p 00000000 00:00 0 
7feda11e5000-7feda12e6000 rw-p 00000000 00:00 0 
7feda12e6000-7feda12e7000 ---p 00000000 00:00 0 
7feda12e7000-7feda13e8000 rw-p 00000000 00:00 0 
7feda13e8000-7feda13e9000 ---p 00000000 00:00 0 
7feda13e9000-7feda14ea000 rw-p 00000000 00:00 0 
7feda14ea000-7feda14eb000 ---p 00000000 00:00 0 
7feda14eb000-7feda15ec000 rw-p 00000000 00:00 0 
7feda15ec000-7feda15ed000 ---p 00000000 00:00 0 
7feda15ed000-7feda16ee000 rw-p 00000000 00:00 0 
7feda16ee000-7feda16ef000 ---p 00000000 00:00 0 
7feda16ef000-7feda17f0000 rw-p 00000000 00:00 0 
7feda17f0000-7feda17f1000 ---p 00000000 00:00 0 
7feda17f1000-7feda18f2000 rw-p 00000000 00:00 0 
7feda18f2000-7feda18f3000 ---p 00000000 00:00 0 
7feda18f3000-7feda19f4000 rw-p 00000000 00:00 0 
7feda19f4000-7feda19f5000 ---p 00000000 00:00 0 
7feda19f5000-7feda1af6000 rw-p 00000000 00:00 0 
7feda1af6000-7feda1af7000 ---p 00000000 00:00 0 
7feda1af7000-7feda1bf8000 rw-p 00000000 00:00 0 
7feda1bf8000-7feda1bf9000 ---p 00000000 00:00 0 
7feda1bf9000-7feda1cfa000 rw-p 00000000 00:00 0 
7feda1cfa000-7feda1cfb000 ---p 00000000 00:00 0 
7feda1cfb000-7feda1dfc000 rw-p 00000000 00:00 0 
7feda1dfc000-7feda1dfd000 ---p 00000000 00:00 0 
7feda1dfd000-7feda1efe000 rw-p 00000000 00:00 0 
7feda1efe000-7feda1eff000 ---p 00000000 00:00 0 
7feda1eff000-7feda4000000 rw-p 00000000 00:00 0 
7feda4000000-7feda4021000 rw-p 00000000 00:00 0 
7feda4021000-7feda8000000 ---p 00000000 00:00 0 
7feda8000000-7feda8021000 rw-p 00000000 00:00 0 
7feda8021000-7fedac000000 ---p 00000000 00:00 0 
7fedac000000-7fedac021000 rw-p 00000000 00:00 0 
7fedac021000-7fedb0000000 ---p 00000000 00:00 0 
7fedb003d000-7fedb0728000 rw-p 00000000 00:00 0 
7fedb0728000-7fedb41a0000 ---p 00000000 00:00 0 
7fedb41a0000-7fedb4588000 rw-p 00000000 00:00 0 
7fedb4588000-7fedb8000000 ---p 00000000 00:00 0 
7fedb8000000-7fedb8021000 rw-p 00000000 00:00 0 
7fedb8021000-7fedbc000000 ---p 00000000 00:00 0 
7fedbc000000-7fedbc021000 rw-p 00000000 00:00 0 
7fedbc021000-7fedc0000000 ---p 00000000 00:00 0 
7fedc0000000-7fedc0021000 rw-p 00000000 00:00 0 
7fedc0021000-7fedc4000000 ---p 00000000 00:00 0 
7fedc4000000-7fedc4021000 rw-p 00000000 00:00 0 
7fedc4021000-7fedc8000000 ---p 00000000 00:00 0 
7fedc8000000-7fedc8021000 rw-p 00000000 00:00 0 
7fedc8021000-7fedcc000000 ---p 00000000 00:00 0 
7fedcc000000-7fedcc021000 rw-p 00000000 00:00 0 
7fedcc021000-7fedd0000000 ---p 00000000 00:00 0 
7fedd0000000-7fedd0021000 rw-p 00000000 00:00 0 
7fedd0021000-7fedd4000000 ---p 00000000 00:00 0 
7fedd4000000-7fedd4021000 rw-p 00000000 00:00 0 
7fedd4021000-7fedd8000000 ---p 00000000 00:00 0 
7fedd8000000-7fedd8021000 rw-p 00000000 00:00 0 
7fedd8021000-7feddc000000 ---p 00000000 00:00 0 
7feddc000000-7feddc021000 rw-p 00000000 00:00 0 
7feddc021000-7fede0000000 ---p 00000000 00:00 0 
7fede0000000-7fede0021000 rw-p 00000000 00:00 0 
7fede0021000-7fede4000000 ---p 00000000 00:00 0 
7fede4000000-7fede4021000 rw-p 00000000 00:00 0 
7fede4021000-7fede8000000 ---p 00000000 00:00 0 
7fede8000000-7fede8021000 rw-p 00000000 00:00 0 
7fede8021000-7fedec000000 ---p 00000000 00:00 0 
7fedec024000-7fedecaa4000 rw-p 00000000 00:00 0 
7fedecaa4000-7fedecaa5000 ---p 00000000 00:00 0 
7fedecaa5000-7fedecba6000 rw-p 00000000 00:00 0 
7fedecba6000-7fedecba7000 ---p 00000000 00:00 0 
7fedecba7000-7fedecca8000 rw-p 00000000 00:00 0 
7fedecca8000-7fedecca9000 ---p 00000000 00:00 0 
7fedecca9000-7fedecdaa000 rw-p 00000000 00:00 0 
7fedecdaa000-7fedecdab000 ---p 00000000 00:00 0 
7fedecdab000-7feded023000 rw-p 00000000 00:00 0 
7feded023000-7feded772000 ---p 00000000 00:00 0 
7feded772000-7feded7ef000 rw-p 00000000 00:00 0 
7feded7ef000-7fededf3e000 ---p 00000000 00:00 0 
7fededf3e000-7fededfbb000 rw-p 00000000 00:00 0 
7fededfbb000-7fedee70a000 ---p 00000000 00:00 0 
7fedee70a000-7fedef417000 rw-p 00000000 00:00 0 
7fedef417000-7fedef418000 ---p 00000000 00:00 0 
7fedef418000-7fedef519000 rw-p 00000000 00:00 0 
7fedef519000-7fedef51a000 ---p 00000000 00:00 0 
7fedef51a000-7fedef61b000 rw-p 00000000 00:00 0 
7fedef61b000-7fedef61c000 ---p 00000000 00:00 0 
7fedef61c000-7fedef71d000 rw-p 00000000 00:00 0 
7fedef71d000-7fedef71e000 ---p 00000000 00:00 0 
7fedef71e000-7fedef81f000 rw-p 00000000 00:00 0 
7fedef81f000-7fedef820000 ---p 00000000 00:00 0 
7fedef820000-7fedef921000 rw-p 00000000 00:00 0 
7fedef921000-7fedef922000 ---p 00000000 00:00 0 
7fedef922000-7fedefa23000 rw-p 00000000 00:00 0 
7fedefa23000-7fedefa24000 ---p 00000000 00:00 0 
7fedefa24000-7fedefb25000 rw-p 00000000 00:00 0 
7fedefb25000-7fedefde5000 rwxp 00000000 00:00 0 
7fedefde5000-7fedf0263000 ---p 00000000 00:00 0 
7fedf0263000-7fedf04d3000 rwxp 00000000 00:00 0 
7fedf04d3000-7fedf76c4000 ---p 00000000 00:00 0 
7fedf76c4000-7fedf7934000 rwxp 00000000 00:00 0 
7fedf7934000-7fedfeb25000 ---p 00000000 00:00 0 
7fedfeb25000-7fee08000000 r--s 00000000 fd:00 1313621                    /usr/lib/jvm/java-11-openjdk-amd64/lib/modules
7fee08000000-7fee084cc000 rw-p 00000000 00:00 0 
7fee084cc000-7fee0c000000 ---p 00000000 00:00 0 
7fee0c000000-7fee0c08c000 rw-p 00000000 00:00 0 
7fee0c08c000-7fee0c08d000 ---p 00000000 00:00 0 
7fee0c08d000-7fee0c18e000 rw-p 00000000 00:00 0 
7fee0c18e000-7fee0c18f000 ---p 00000000 00:00 0 
7fee0c18f000-7fee0c290000 rw-p 00000000 00:00 0 
7fee0c290000-7fee0c291000 ---p 00000000 00:00 0 
7fee0c291000-7fee0c392000 rw-p 00000000 00:00 0 
7fee0c392000-7fee0c393000 ---p 00000000 00:00 0 
7fee0c393000-7fee0c494000 rw-p 00000000 00:00 0 
7fee0c494000-7fee0c495000 ---p 00000000 00:00 0 
7fee0c495000-7fee0c596000 rw-p 00000000 00:00 0 
7fee0c596000-7fee0c597000 ---p 00000000 00:00 0 
7fee0c597000-7fee0c69d000 rw-p 00000000 00:00 0 
7fee0c69d000-7fee0c781000 ---p 00000000 00:00 0 
7fee0c781000-7fee0c786000 rw-p 00000000 00:00 0 
7fee0c786000-7fee0c86a000 ---p 00000000 00:00 0 
7fee0c86a000-7fee0c86f000 r-xp 00000000 fd:00 1313479                    /usr/lib/jvm/java-11-openjdk-amd64/lib/libjimage.so
7fee0c86f000-7fee0ca6e000 ---p 00005000 fd:00 1313479                    /usr/lib/jvm/java-11-openjdk-amd64/lib/libjimage.so
7fee0ca6e000-7fee0ca6f000 r--p 00004000 fd:00 1313479                    /usr/lib/jvm/java-11-openjdk-amd64/lib/libjimage.so
7fee0ca6f000-7fee0ca70000 rw-p 00005000 fd:00 1313479                    /usr/lib/jvm/java-11-openjdk-amd64/lib/libjimage.so
7fee0ca70000-7fee0ca77000 r-xp 00000000 fd:00 1313611                    /usr/lib/jvm/java-11-openjdk-amd64/lib/libzip.so
7fee0ca77000-7fee0cc76000 ---p 00007000 fd:00 1313611                    /usr/lib/jvm/java-11-openjdk-amd64/lib/libzip.so
7fee0cc76000-7fee0cc77000 r--p 00006000 fd:00 1313611                    /usr/lib/jvm/java-11-openjdk-amd64/lib/libzip.so
7fee0cc77000-7fee0cc78000 rw-p 00007000 fd:00 1313611                    /usr/lib/jvm/java-11-openjdk-amd64/lib/libzip.so
7fee0cc78000-7fee0cc83000 r-xp 00000000 fd:00 11010322                   /lib/x86_64-linux-gnu/libnss_files-2.27.so
7fee0cc83000-7fee0ce82000 ---p 0000b000 fd:00 11010322                   /lib/x86_64-linux-gnu/libnss_files-2.27.so
7fee0ce82000-7fee0ce83000 r--p 0000a000 fd:00 11010322                   /lib/x86_64-linux-gnu/libnss_files-2.27.so
7fee0ce83000-7fee0ce84000 rw-p 0000b000 fd:00 11010322                   /lib/x86_64-linux-gnu/libnss_files-2.27.so
7fee0ce84000-7fee0ce8a000 rw-p 00000000 00:00 0 
7fee0ce8a000-7fee0cea1000 r-xp 00000000 fd:00 11010318                   /lib/x86_64-linux-gnu/libnsl-2.27.so
7fee0cea1000-7fee0d0a0000 ---p 00017000 fd:00 11010318                   /lib/x86_64-linux-gnu/libnsl-2.27.so
7fee0d0a0000-7fee0d0a1000 r--p 00016000 fd:00 11010318                   /lib/x86_64-linux-gnu/libnsl-2.27.so
7fee0d0a1000-7fee0d0a2000 rw-p 00017000 fd:00 11010318                   /lib/x86_64-linux-gnu/libnsl-2.27.so
7fee0d0a2000-7fee0d0a4000 rw-p 00000000 00:00 0 
7fee0d0a4000-7fee0d0af000 r-xp 00000000 fd:00 11010327                   /lib/x86_64-linux-gnu/libnss_nis-2.27.so
7fee0d0af000-7fee0d2ae000 ---p 0000b000 fd:00 11010327                   /lib/x86_64-linux-gnu/libnss_nis-2.27.so
7fee0d2ae000-7fee0d2af000 r--p 0000a000 fd:00 11010327                   /lib/x86_64-linux-gnu/libnss_nis-2.27.so
7fee0d2af000-7fee0d2b0000 rw-p 0000b000 fd:00 11010327                   /lib/x86_64-linux-gnu/libnss_nis-2.27.so
7fee0d2b0000-7fee0d2b8000 r-xp 00000000 fd:00 11010319                   /lib/x86_64-linux-gnu/libnss_compat-2.27.so
7fee0d2b8000-7fee0d4b8000 ---p 00008000 fd:00 11010319                   /lib/x86_64-linux-gnu/libnss_compat-2.27.so
7fee0d4b8000-7fee0d4b9000 r--p 00008000 fd:00 11010319                   /lib/x86_64-linux-gnu/libnss_compat-2.27.so
7fee0d4b9000-7fee0d4ba000 rw-p 00009000 fd:00 11010319                   /lib/x86_64-linux-gnu/libnss_compat-2.27.so
7fee0d4ba000-7fee0d4e6000 r-xp 00000000 fd:00 1313420                    /usr/lib/jvm/java-11-openjdk-amd64/lib/libjava.so
7fee0d4e6000-7fee0d6e5000 ---p 0002c000 fd:00 1313420                    /usr/lib/jvm/java-11-openjdk-amd64/lib/libjava.so
7fee0d6e5000-7fee0d6e6000 r--p 0002b000 fd:00 1313420                    /usr/lib/jvm/java-11-openjdk-amd64/lib/libjava.so
7fee0d6e6000-7fee0d6e8000 rw-p 0002c000 fd:00 1313420                    /usr/lib/jvm/java-11-openjdk-amd64/lib/libjava.so
7fee0d6e8000-7fee0d6f5000 r-xp 00000000 fd:00 1313608                    /usr/lib/jvm/java-11-openjdk-amd64/lib/libverify.so
7fee0d6f5000-7fee0d8f4000 ---p 0000d000 fd:00 1313608                    /usr/lib/jvm/java-11-openjdk-amd64/lib/libverify.so
7fee0d8f4000-7fee0d8f6000 r--p 0000c000 fd:00 1313608                    /usr/lib/jvm/java-11-openjdk-amd64/lib/libverify.so
7fee0d8f6000-7fee0d8f7000 rw-p 0000e000 fd:00 1313608                    /usr/lib/jvm/java-11-openjdk-amd64/lib/libverify.so
7fee0d8f7000-7fee0d8fe000 r-xp 00000000 fd:00 11010337                   /lib/x86_64-linux-gnu/librt-2.27.so
7fee0d8fe000-7fee0dafd000 ---p 00007000 fd:00 11010337                   /lib/x86_64-linux-gnu/librt-2.27.so
7fee0dafd000-7fee0dafe000 r--p 00006000 fd:00 11010337                   /lib/x86_64-linux-gnu/librt-2.27.so
7fee0dafe000-7fee0daff000 rw-p 00007000 fd:00 11010337                   /lib/x86_64-linux-gnu/librt-2.27.so
7fee0daff000-7fee0db16000 r-xp 00000000 fd:00 11010236                   /lib/x86_64-linux-gnu/libgcc_s.so.1
7fee0db16000-7fee0dd15000 ---p 00017000 fd:00 11010236                   /lib/x86_64-linux-gnu/libgcc_s.so.1
7fee0dd15000-7fee0dd16000 r--p 00016000 fd:00 11010236                   /lib/x86_64-linux-gnu/libgcc_s.so.1
7fee0dd16000-7fee0dd17000 rw-p 00017000 fd:00 11010236                   /lib/x86_64-linux-gnu/libgcc_s.so.1
7fee0dd17000-7fee0deb4000 r-xp 00000000 fd:00 11010313                   /lib/x86_64-linux-gnu/libm-2.27.so
7fee0deb4000-7fee0e0b3000 ---p 0019d000 fd:00 11010313                   /lib/x86_64-linux-gnu/libm-2.27.so
7fee0e0b3000-7fee0e0b4000 r--p 0019c000 fd:00 11010313                   /lib/x86_64-linux-gnu/libm-2.27.so
7fee0e0b4000-7fee0e0b5000 rw-p 0019d000 fd:00 11010313                   /lib/x86_64-linux-gnu/libm-2.27.so
7fee0e0b5000-7fee0e22e000 r-xp 00000000 fd:00 656275                     /usr/lib/x86_64-linux-gnu/libstdc++.so.6.0.25
7fee0e22e000-7fee0e42e000 ---p 00179000 fd:00 656275                     /usr/lib/x86_64-linux-gnu/libstdc++.so.6.0.25
7fee0e42e000-7fee0e438000 r--p 00179000 fd:00 656275                     /usr/lib/x86_64-linux-gnu/libstdc++.so.6.0.25
7fee0e438000-7fee0e43a000 rw-p 00183000 fd:00 656275                     /usr/lib/x86_64-linux-gnu/libstdc++.so.6.0.25
7fee0e43a000-7fee0e43e000 rw-p 00000000 00:00 0 
7fee0e43e000-7fee0f3db000 r-xp 00000000 fd:00 1966113                    /usr/lib/jvm/java-11-openjdk-amd64/lib/server/libjvm.so
7fee0f3db000-7fee0f5db000 ---p 00f9d000 fd:00 1966113                    /usr/lib/jvm/java-11-openjdk-amd64/lib/server/libjvm.so
7fee0f5db000-7fee0f69f000 r--p 00f9d000 fd:00 1966113                    /usr/lib/jvm/java-11-openjdk-amd64/lib/server/libjvm.so
7fee0f69f000-7fee0f6d7000 rw-p 01061000 fd:00 1966113                    /usr/lib/jvm/java-11-openjdk-amd64/lib/server/libjvm.so
7fee0f6d7000-7fee0f720000 rw-p 00000000 00:00 0 
7fee0f720000-7fee0f73c000 r-xp 00000000 fd:00 11010131                   /lib/x86_64-linux-gnu/libz.so.1.2.11
7fee0f73c000-7fee0f93b000 ---p 0001c000 fd:00 11010131                   /lib/x86_64-linux-gnu/libz.so.1.2.11
7fee0f93b000-7fee0f93c000 r--p 0001b000 fd:00 11010131                   /lib/x86_64-linux-gnu/libz.so.1.2.11
7fee0f93c000-7fee0f93d000 rw-p 0001c000 fd:00 11010131                   /lib/x86_64-linux-gnu/libz.so.1.2.11
7fee0f93d000-7fee0f957000 r-xp 00000000 fd:00 11010333                   /lib/x86_64-linux-gnu/libpthread-2.27.so
7fee0f957000-7fee0fb56000 ---p 0001a000 fd:00 11010333                   /lib/x86_64-linux-gnu/libpthread-2.27.so
7fee0fb56000-7fee0fb57000 r--p 00019000 fd:00 11010333                   /lib/x86_64-linux-gnu/libpthread-2.27.so
7fee0fb57000-7fee0fb58000 rw-p 0001a000 fd:00 11010333                   /lib/x86_64-linux-gnu/libpthread-2.27.so
7fee0fb58000-7fee0fb5c000 rw-p 00000000 00:00 0 
7fee0fb5c000-7fee0fb5f000 r-xp 00000000 fd:00 11010311                   /lib/x86_64-linux-gnu/libdl-2.27.so
7fee0fb5f000-7fee0fd5e000 ---p 00003000 fd:00 11010311                   /lib/x86_64-linux-gnu/libdl-2.27.so
7fee0fd5e000-7fee0fd5f000 r--p 00002000 fd:00 11010311                   /lib/x86_64-linux-gnu/libdl-2.27.so
7fee0fd5f000-7fee0fd60000 rw-p 00003000 fd:00 11010311                   /lib/x86_64-linux-gnu/libdl-2.27.so
7fee0fd60000-7fee0ff47000 r-xp 00000000 fd:00 11010303                   /lib/x86_64-linux-gnu/libc-2.27.so
7fee0ff47000-7fee10147000 ---p 001e7000 fd:00 11010303                   /lib/x86_64-linux-gnu/libc-2.27.so
7fee10147000-7fee1014b000 r--p 001e7000 fd:00 11010303                   /lib/x86_64-linux-gnu/libc-2.27.so
7fee1014b000-7fee1014d000 rw-p 001eb000 fd:00 11010303                   /lib/x86_64-linux-gnu/libc-2.27.so
7fee1014d000-7fee10151000 rw-p 00000000 00:00 0 
7fee10151000-7fee10160000 r-xp 00000000 fd:00 1443380                    /usr/lib/jvm/java-11-openjdk-amd64/lib/jli/libjli.so
7fee10160000-7fee1035f000 ---p 0000f000 fd:00 1443380                    /usr/lib/jvm/java-11-openjdk-amd64/lib/jli/libjli.so
7fee1035f000-7fee10360000 r--p 0000e000 fd:00 1443380                    /usr/lib/jvm/java-11-openjdk-amd64/lib/jli/libjli.so
7fee10360000-7fee10361000 rw-p 0000f000 fd:00 1443380                    /usr/lib/jvm/java-11-openjdk-amd64/lib/jli/libjli.so
7fee10361000-7fee10367000 r-xp 00000000 fd:00 656253                     /usr/lib/x86_64-linux-gnu/libgtk3-nocsd.so.0
7fee10367000-7fee10566000 ---p 00006000 fd:00 656253                     /usr/lib/x86_64-linux-gnu/libgtk3-nocsd.so.0
7fee10566000-7fee10567000 r--p 00005000 fd:00 656253                     /usr/lib/x86_64-linux-gnu/libgtk3-nocsd.so.0
7fee10567000-7fee10568000 rw-p 00006000 fd:00 656253                     /usr/lib/x86_64-linux-gnu/libgtk3-nocsd.so.0
7fee10568000-7fee1058f000 r-xp 00000000 fd:00 11010273                   /lib/x86_64-linux-gnu/ld-2.27.so
7fee105ba000-7fee10667000 rw-p 00000000 00:00 0 
7fee10667000-7fee1066b000 ---p 00000000 00:00 0 
7fee1066b000-7fee1076d000 rw-p 00000000 00:00 0 
7fee10773000-7fee1077a000 rw-p 00000000 00:00 0 
7fee1077a000-7fee10783000 ---p 00000000 00:00 0 
7fee10783000-7fee1078b000 rw-s 00000000 fd:00 8279183                    /tmp/hsperfdata_haowu/9641
7fee1078b000-7fee1078c000 ---p 00000000 00:00 0 
7fee1078c000-7fee1078d000 r--p 00000000 00:00 0 
7fee1078d000-7fee1078f000 rw-p 00000000 00:00 0 
7fee1078f000-7fee10790000 r--p 00027000 fd:00 11010273                   /lib/x86_64-linux-gnu/ld-2.27.so
7fee10790000-7fee10791000 rw-p 00028000 fd:00 11010273                   /lib/x86_64-linux-gnu/ld-2.27.so
7fee10791000-7fee10792000 rw-p 00000000 00:00 0 
7ffc392c8000-7ffc392ea000 rw-p 00000000 00:00 0                          [stack]
7ffc393d2000-7ffc393d5000 r--p 00000000 00:00 0                          [vvar]
7ffc393d5000-7ffc393d7000 r-xp 00000000 00:00 0                          [vdso]
ffffffffff600000-ffffffffff601000 r-xp 00000000 00:00 0                  [vsyscall]


VM Arguments:
jvm_args: -Djava.library.path=/home/haowu/uran/lib 
java_command: org.apache.tools.ant.taskdefs.optional.junit.JUnitTestRunner uran.test.formula.unsat.test skipNonTests=false filtertrace=true haltOnError=false haltOnFailure=true formatter=org.apache.tools.ant.taskdefs.optional.junit.SummaryJUnitResultFormatter showoutput=false outputtoformatters=true logfailedtests=true threadid=0 logtestlistenerevents=false formatter=org.apache.tools.ant.taskdefs.optional.junit.BriefJUnitResultFormatter crashfile=/home/haowu/uran/junitvmwatcher11313693180223303995.properties propsfile=/home/haowu/uran/junit9801861598495747578.properties
java_class_path (initial): /home/haowu/uran/lib/junit.jar:/home/haowu/uran/build/classes:/home/haowu/uran/lib/com.microsoft.z3.jar:/home/haowu/uran/build/classes/test:/home/haowu/lib/com.microsoft.z3.jar:/usr/share/java/ant-launcher-1.10.3.jar:/usr/share/ant/lib/ant.jar:/usr/share/ant/lib/ant-junit.jar:/usr/share/ant/lib/ant-junit4.jar
Launcher Type: SUN_STANDARD

Logging:
Log output configuration:
#0: stdout all=warning uptime,level,tags
#1: stderr all=off uptime,level,tags

Environment Variables:
CLASSPATH=:/home/haowu/lib/com.microsoft.z3.jar:/home/haowu/uran/build/classes
PATH=/home/haowu/bin:/home/haowu/.local/bin:/usr/local/sbin:/usr/local/bin:/usr/sbin:/usr/bin:/sbin:/bin:/usr/games:/usr/local/games:/snap/bin
USERNAME=haowu
LD_LIBRARY_PATH=/home/haowu/uran/lib
LD_PRELOAD=libgtk3-nocsd.so.0
SHELL=/bin/bash
DISPLAY=:1

Signal Handlers:
SIGSEGV: [libjvm.so+0xd28b70], sa_mask[0]=11111111011111111101111111111110, sa_flags=SA_RESTART|SA_SIGINFO
SIGBUS: [libjvm.so+0xd28b70], sa_mask[0]=11111111011111111101111111111110, sa_flags=SA_RESTART|SA_SIGINFO
SIGFPE: [libjvm.so+0xd28b70], sa_mask[0]=11111111011111111101111111111110, sa_flags=SA_RESTART|SA_SIGINFO
SIGPIPE: [libjvm.so+0xb2a1f0], sa_mask[0]=11111111011111111101111111111110, sa_flags=SA_RESTART|SA_SIGINFO
SIGXFSZ: [libjvm.so+0xb2a1f0], sa_mask[0]=11111111011111111101111111111110, sa_flags=SA_RESTART|SA_SIGINFO
SIGILL: [libjvm.so+0xd28b70], sa_mask[0]=11111111011111111101111111111110, sa_flags=SA_RESTART|SA_SIGINFO
SIGUSR2: [libjvm.so+0xb2a030], sa_mask[0]=00100000000000000000000000000000, sa_flags=SA_RESTART|SA_SIGINFO
SIGHUP: [libjvm.so+0xb2a180], sa_mask[0]=11111111011111111101111111111110, sa_flags=SA_RESTART|SA_SIGINFO
SIGINT: [libjvm.so+0xb2a180], sa_mask[0]=11111111011111111101111111111110, sa_flags=SA_RESTART|SA_SIGINFO
SIGTERM: [libjvm.so+0xb2a180], sa_mask[0]=11111111011111111101111111111110, sa_flags=SA_RESTART|SA_SIGINFO
SIGQUIT: [libjvm.so+0xb2a180], sa_mask[0]=11111111011111111101111111111110, sa_flags=SA_RESTART|SA_SIGINFO


---------------  S Y S T E M  ---------------

OS:DISTRIB_ID=Ubuntu
DISTRIB_RELEASE=18.04
DISTRIB_CODENAME=bionic
DISTRIB_DESCRIPTION="Ubuntu 18.04.1 LTS"
uname:Linux 4.15.0-39-generic #42-Ubuntu SMP Tue Oct 23 15:48:01 UTC 2018 x86_64
libc:glibc 2.27 NPTL 2.27 
rlimit: STACK infinity, CORE 0k, NPROC 62987, NOFILE 4096, AS infinity, DATA infinity, FSIZE infinity
load average:6.89 3.70 2.31

/proc/meminfo:
MemTotal:       16343460 kB
MemFree:         1497776 kB
MemAvailable:    2532948 kB
Buffers:          164640 kB
Cached:           784220 kB
SwapCached:          888 kB
Active:         12139692 kB
Inactive:        1601176 kB
Active(anon):   11688468 kB
Inactive(anon):  1227416 kB
Active(file):     451224 kB
Inactive(file):   373760 kB
Unevictable:          16 kB
Mlocked:              16 kB
SwapTotal:      16695292 kB
SwapFree:       16645628 kB
Dirty:              7728 kB
Writeback:             0 kB
AnonPages:      12784116 kB
Mapped:           595064 kB
Shmem:            123972 kB
Slab:             675120 kB
SReclaimable:     547368 kB
SUnreclaim:       127752 kB
KernelStack:       24784 kB
PageTables:        98048 kB
NFS_Unstable:          0 kB
Bounce:                0 kB
WritebackTmp:          0 kB
CommitLimit:    24867020 kB
Committed_AS:   23786976 kB
VmallocTotal:   34359738367 kB
VmallocUsed:           0 kB
VmallocChunk:          0 kB
HardwareCorrupted:     0 kB
AnonHugePages:         0 kB
ShmemHugePages:        0 kB
ShmemPmdMapped:        0 kB
CmaTotal:              0 kB
CmaFree:               0 kB
HugePages_Total:       0
HugePages_Free:        0
HugePages_Rsvd:        0
HugePages_Surp:        0
Hugepagesize:       2048 kB
DirectMap4k:      746036 kB
DirectMap2M:    15951872 kB
DirectMap1G:           0 kB

container (cgroup) information:
container_type: cgroupv1
cpu_cpuset_cpus: 0-15
cpu_memory_nodes: 0
active_processor_count: 16
cpu_quota: -1
cpu_period: 100000
cpu_shares: -1
memory_limit_in_bytes: -1
memory_and_swap_limit_in_bytes: -2
memory_soft_limit_in_bytes: -1
memory_usage_in_bytes: 14073561088
memory_max_usage_in_bytes: 5017600


CPU:total 16 (initial active 16) (8 cores per cpu, 2 threads per core) family 6 model 79 stepping 1, cmov, cx8, fxsr, mmx, sse, sse2, sse3, ssse3, sse4.1, sse4.2, popcnt, avx, avx2, aes, clmul, erms, rtm, 3dnowpref, lzcnt, ht, tsc, tscinvbit, bmi1, bmi2, adx, fma
CPU Model and flags from /proc/cpuinfo:
model name	: Intel(R) Xeon(R) CPU E5-1660 v4 @ 3.20GHz
flags		: fpu vme de pse tsc msr pae mce cx8 apic sep mtrr pge mca cmov pat pse36 clflush dts acpi mmx fxsr sse sse2 ss ht tm pbe syscall nx pdpe1gb rdtscp lm constant_tsc arch_perfmon pebs bts rep_good nopl xtopology nonstop_tsc cpuid aperfmperf pni pclmulqdq dtes64 monitor ds_cpl vmx smx est tm2 ssse3 sdbg fma cx16 xtpr pdcm pcid dca sse4_1 sse4_2 x2apic movbe popcnt tsc_deadline_timer aes xsave avx f16c rdrand lahf_lm abm 3dnowprefetch cpuid_fault epb cat_l3 cdp_l3 invpcid_single pti intel_ppin ssbd ibrs ibpb stibp tpr_shadow vnmi flexpriority ept vpid fsgsbase tsc_adjust bmi1 hle avx2 smep bmi2 erms invpcid rtm cqm rdt_a rdseed adx smap intel_pt xsaveopt cqm_llc cqm_occup_llc cqm_mbm_total cqm_mbm_local dtherm ida arat pln pts flush_l1d

Memory: 4k page, physical 16343460k(1497404k free), swap 16695292k(16645628k free)

vm_info: OpenJDK 64-Bit Server VM (10.0.2+13-Ubuntu-1ubuntu0.18.04.4) for linux-amd64 JRE (10.0.2+13-Ubuntu-1ubuntu0.18.04.4), built on Nov 13 2018 12:53:39 by "buildd" with gcc 7.3.0

END.
