#
# A fatal error has been detected by the Java Runtime Environment:
#
#  SIGSEGV (0xb) at pc=0x00000001240ab04e, pid=11725, tid=0x0000000000001903
#
# JRE version: Java(TM) SE Runtime Environment (8.0_121-b13) (build 1.8.0_121-b13)
# Java VM: Java HotSpot(TM) 64-Bit Server VM (25.121-b13 mixed mode bsd-amd64 compressed oops)
# Problematic frame:
# C  [libz3.dylib+0x3504e]  Z3_inc_ref+0x3e
#
# Failed to write core dump. Core dumps have been disabled. To enable core dumping, try "ulimit -c unlimited" before starting Java again
#
# If you would like to submit a bug report, please visit:
#   http://bugreport.java.com/bugreport/crash.jsp
# The crash happened outside the Java Virtual Machine in native code.
# See problematic frame for where to report the bug.
#

---------------  T H R E A D  ---------------

Current thread (0x00007fbb5b802000):  JavaThread "main" [_thread_in_native, id=6403, stack(0x0000700005ea8000,0x0000700005fa8000)]

siginfo: si_signo: 11 (SIGSEGV), si_code: 1 (SEGV_MAPERR), si_addr: 0x0000000000000012

Registers:
RAX=0x000000011256bb40, RBX=0x000000000000000a, RCX=0x000000000000000a, RDX=0x00007fbb5b8d4c08
RSP=0x0000700005fa6280, RBP=0x0000700005fa6300, RSI=0x000000000000000a, RDI=0x00007fbb5b8d4c08
R8 =0x0000000000000005, R9 =0x0000000000000000, R10=0x00007fbb59c52490, R11=0x00000001240ab010
R12=0x00000001251bdce8, R13=0x0000000110efa038, R14=0x0000700005fa6348, R15=0x00007fbb5b8d4c08
RIP=0x00000001240ab04e, EFLAGS=0x0000000000010206, ERR=0x0000000000000006
  TRAPNO=0x000000000000000e

Top of Stack: (sp=0x0000700005fa6280)
0x0000700005fa6280:   0000000110efa038 0000000000000000
0x0000700005fa6290:   0000700005fa6348 00007fbb5b802000
0x0000700005fa62a0:   0000700005fa6310 00000001137059f4
0x0000700005fa62b0:   0000700005fa6310 0000000113705779
0x0000700005fa62c0:   00000001137119a3 0000000113705742
0x0000700005fa62d0:   0000700005fa62d0 0000000110efa038
0x0000700005fa62e0:   0000700005fa6348 0000000110f37028
0x0000700005fa62f0:   0000000000000000 0000000110efa038
0x0000700005fa6300:   0000000000000000 0000700005fa6330
0x0000700005fa6310:   0000700005fa6390 00000001136f62bd
0x0000700005fa6320:   0000000795b526a8 00000001136ff538
0x0000700005fa6330:   000000000000000a 0000000113700e39
0x0000700005fa6340:   00007fbb5b8d4c08 0000000113700e02
0x0000700005fa6350:   0000700005fa6350 0000000110f128ca
0x0000700005fa6360:   0000700005fa63c0 0000000110f37028
0x0000700005fa6370:   0000000000000000 0000000110f12900
0x0000700005fa6380:   0000700005fa6330 0000700005fa63a8
0x0000700005fa6390:   0000700005fa6408 00000001136f62bd
0x0000700005fa63a0:   0000000000000000 000000000000000a
0x0000700005fa63b0:   0000000795b91910 00007fbb5b8d4c08
0x0000700005fa63c0:   0000000795b109b0 0000700005fa63c8
0x0000700005fa63d0:   0000000110ed8143 0000700005fa6418
0x0000700005fa63e0:   0000000110f43e98 0000000000000000
0x0000700005fa63f0:   0000000110ed8150 0000700005fa63a8
0x0000700005fa6400:   0000700005fa6418 0000700005fa6460
0x0000700005fa6410:   00000001136f62bd 0000000795b91910
0x0000700005fa6420:   0000700005fa6420 0000000110ed4294
0x0000700005fa6430:   0000700005fa6488 0000000110f402e8
0x0000700005fa6440:   0000000000000000 0000000110ed42a8
0x0000700005fa6450:   0000700005fa6418 0000700005fa6470
0x0000700005fa6460:   0000700005fa64d0 00000001136f62bd
0x0000700005fa6470:   000000000000000a 0000000113700e39 

Instructions: (pc=0x00000001240ab04e)
0x00000001240ab02e:   40 84 ed 74 0b 4c 89 ff 48 89 de e8 62 dd 01 00
0x00000001240ab03e:   41 c7 87 08 06 00 00 00 00 00 00 48 85 db 74 03
0x00000001240ab04e:   ff 43 08 41 88 2c 24 5b 41 5c 41 5e 41 5f 5d c3
0x00000001240ab05e:   49 89 c6 41 88 2c 24 83 fa 01 75 28 4c 89 f7 e8 

Register to memory mapping:

RAX=0x000000011256bb40: Java_com_microsoft_z3_Native_INTERNALincRef+0 in /Users/haowu/uran/lib/libz3java.dylib at 0x000000011256b000
RBX=0x000000000000000a is an unknown value
RCX=0x000000000000000a is an unknown value
RDX=0x00007fbb5b8d4c08 is an unknown value
RSP=0x0000700005fa6280 is pointing into the stack for thread: 0x00007fbb5b802000
RBP=0x0000700005fa6300 is pointing into the stack for thread: 0x00007fbb5b802000
RSI=0x000000000000000a is an unknown value
RDI=0x00007fbb5b8d4c08 is an unknown value
R8 =0x0000000000000005 is an unknown value
R9 =0x0000000000000000 is an unknown value
R10=0x00007fbb59c52490 is an unknown value
R11=0x00000001240ab010: Z3_inc_ref+0 in /usr/local/lib/libz3.dylib at 0x0000000124076000
R12=0x00000001251bdce8: g_z3_log_enabled+0 in /usr/local/lib/libz3.dylib at 0x0000000124076000
R13={method} {0x0000000110efa038} 'INTERNALincRef' '(JJ)V' in 'com/microsoft/z3/Native'
R14=0x0000700005fa6348 is pointing into the stack for thread: 0x00007fbb5b802000
R15=0x00007fbb5b8d4c08 is an unknown value


Stack: [0x0000700005ea8000,0x0000700005fa8000],  sp=0x0000700005fa6280,  free space=1016k
Native frames: (J=compiled Java code, j=interpreted, Vv=VM code, C=native code)
C  [libz3.dylib+0x3504e]  Z3_inc_ref+0x3e
C  0x0000700005fa6330

Java frames: (J=compiled Java code, j=interpreted, Vv=VM code)
j  com.microsoft.z3.Native.INTERNALincRef(JJ)V+0
j  com.microsoft.z3.Native.incRef(JJ)V+2
j  com.microsoft.z3.AST.incRef()V+11
j  com.microsoft.z3.Z3Object.<init>(Lcom/microsoft/z3/Context;J)V+20
j  com.microsoft.z3.AST.<init>(Lcom/microsoft/z3/Context;J)V+3
j  com.microsoft.z3.ASTVector.get(I)Lcom/microsoft/z3/AST;+23
j  com.microsoft.z3.ASTVector.ToBoolExprArray()[Lcom/microsoft/z3/BoolExpr;+25
j  com.microsoft.z3.Context.parseSMTLIB2File(Ljava/lang/String;[Lcom/microsoft/z3/Symbol;[Lcom/microsoft/z3/Sort;[Lcom/microsoft/z3/Symbol;[Lcom/microsoft/z3/FuncDecl;)[Lcom/microsoft/z3/BoolExpr;+98
j  uran.test.formula.testFormula.Case14()Lcom/microsoft/z3/Status;+54
j  uran.test.formula.testFormula.test1()V+12
v  ~StubRoutines::call_stub
j  sun.reflect.NativeMethodAccessorImpl.invoke0(Ljava/lang/reflect/Method;Ljava/lang/Object;[Ljava/lang/Object;)Ljava/lang/Object;+0
j  sun.reflect.NativeMethodAccessorImpl.invoke(Ljava/lang/Object;[Ljava/lang/Object;)Ljava/lang/Object;+100
j  sun.reflect.DelegatingMethodAccessorImpl.invoke(Ljava/lang/Object;[Ljava/lang/Object;)Ljava/lang/Object;+6
j  java.lang.reflect.Method.invoke(Ljava/lang/Object;[Ljava/lang/Object;)Ljava/lang/Object;+56
j  org.junit.runners.model.FrameworkMethod$1.runReflectiveCall()Ljava/lang/Object;+15
j  org.junit.internal.runners.model.ReflectiveCallable.run()Ljava/lang/Object;+1
j  org.junit.runners.model.FrameworkMethod.invokeExplosively(Ljava/lang/Object;[Ljava/lang/Object;)Ljava/lang/Object;+10
j  org.junit.internal.runners.statements.InvokeMethod.evaluate()V+12
j  org.junit.internal.runners.statements.RunBefores.evaluate()V+49
j  org.junit.internal.runners.statements.RunAfters.evaluate()V+18
j  org.junit.runners.BlockJUnit4ClassRunner.runChild(Lorg/junit/runners/model/FrameworkMethod;Lorg/junit/runner/notification/RunNotifier;)V+31
j  org.junit.runners.BlockJUnit4ClassRunner.runChild(Ljava/lang/Object;Lorg/junit/runner/notification/RunNotifier;)V+6
j  org.junit.runners.ParentRunner.runChildren(Lorg/junit/runner/notification/RunNotifier;)V+29
j  org.junit.runners.ParentRunner.access$000(Lorg/junit/runners/ParentRunner;Lorg/junit/runner/notification/RunNotifier;)V+2
j  org.junit.runners.ParentRunner$1.evaluate()V+8
j  org.junit.internal.runners.statements.RunBefores.evaluate()V+49
j  org.junit.internal.runners.statements.RunAfters.evaluate()V+18
j  org.junit.runners.ParentRunner.run(Lorg/junit/runner/notification/RunNotifier;)V+20
j  junit.framework.JUnit4TestAdapter.run(Ljunit/framework/TestResult;)V+13
j  org.apache.tools.ant.taskdefs.optional.junit.JUnitTestRunner.run()V+818
j  org.apache.tools.ant.taskdefs.optional.junit.JUnitTestRunner.launch(Lorg/apache/tools/ant/taskdefs/optional/junit/JUnitTest;[Ljava/lang/String;ZZZZZZ)I+41
j  org.apache.tools.ant.taskdefs.optional.junit.JUnitTestRunner.main([Ljava/lang/String;)V+1016
v  ~StubRoutines::call_stub

---------------  P R O C E S S  ---------------

Java Threads: ( => current thread )
  0x00007fbb5a030800 JavaThread "Service Thread" daemon [_thread_blocked, id=14595, stack(0x0000700006acc000,0x0000700006bcc000)]
  0x00007fbb5b094000 JavaThread "C1 CompilerThread2" daemon [_thread_blocked, id=14339, stack(0x00007000069c9000,0x0000700006ac9000)]
  0x00007fbb5b07a000 JavaThread "C2 CompilerThread1" daemon [_thread_blocked, id=14083, stack(0x00007000068c6000,0x00007000069c6000)]
  0x00007fbb5b079000 JavaThread "C2 CompilerThread0" daemon [_thread_blocked, id=13571, stack(0x00007000067c3000,0x00007000068c3000)]
  0x00007fbb5a811000 JavaThread "Signal Dispatcher" daemon [_thread_blocked, id=13067, stack(0x00007000066c0000,0x00007000067c0000)]
  0x00007fbb5a80c000 JavaThread "Finalizer" daemon [_thread_blocked, id=20483, stack(0x00007000065bd000,0x00007000066bd000)]
  0x00007fbb5a809000 JavaThread "Reference Handler" daemon [_thread_blocked, id=20995, stack(0x00007000064ba000,0x00007000065ba000)]
=>0x00007fbb5b802000 JavaThread "main" [_thread_in_native, id=6403, stack(0x0000700005ea8000,0x0000700005fa8000)]

Other Threads:
  0x00007fbb5b057000 VMThread [stack: 0x00007000063b7000,0x00007000064b7000] [id=11523]
  0x00007fbb5b0aa000 WatcherThread [stack: 0x0000700006bcf000,0x0000700006ccf000] [id=14851]

VM state:not at safepoint (normal execution)

VM Mutex/Monitor currently owned by a thread: None

Heap:
 PSYoungGen      total 38400K, used 6706K [0x0000000795580000, 0x0000000798000000, 0x00000007c0000000)
  eden space 33280K, 20% used [0x0000000795580000,0x0000000795c0cbc0,0x0000000797600000)
  from space 5120K, 0% used [0x0000000797b00000,0x0000000797b00000,0x0000000798000000)
  to   space 5120K, 0% used [0x0000000797600000,0x0000000797600000,0x0000000797b00000)
 ParOldGen       total 87552K, used 0K [0x0000000740000000, 0x0000000745580000, 0x0000000795580000)
  object space 87552K, 0% used [0x0000000740000000,0x0000000740000000,0x0000000745580000)
 Metaspace       used 5218K, capacity 5812K, committed 6016K, reserved 1056768K
  class space    used 603K, capacity 624K, committed 640K, reserved 1048576K

Card table byte_map: [0x000000010bf62000,0x000000010c363000] byte_map_base: 0x0000000108562000

Marking Bits: (ParMarkBitMap*) 0x000000010b4f0d30
 Begin Bits: [0x000000010c60e000, 0x000000010e60e000)
 End Bits:   [0x000000010e60e000, 0x000000011060e000)

Polling page: 0x000000010a39c000

CodeCache: size=245760Kb used=1802Kb max_used=1802Kb free=243957Kb
 bounds [0x00000001136ee000, 0x000000011395e000, 0x00000001226ee000]
 total_blobs=608 nmethods=284 adapters=238
 compilation: enabled

Compilation events (10 events):
Event: 0.220 Thread 0x00007fbb5b094000  269       1       java.util.jar.Manifest::getMainAttributes (5 bytes)
Event: 0.220 Thread 0x00007fbb5b094000 nmethod 269 0x0000000113897890 code [0x00000001138979e0, 0x0000000113897af0]
Event: 0.220 Thread 0x00007fbb5b094000  271       1       java.util.jar.JarFile::access$300 (5 bytes)
Event: 0.220 Thread 0x00007fbb5b094000 nmethod 271 0x00000001138975d0 code [0x0000000113897720, 0x0000000113897810]
Event: 0.220 Thread 0x00007fbb5b094000  282       3       java.io.File::<init> (113 bytes)
Event: 0.221 Thread 0x00007fbb5b094000 nmethod 282 0x00000001138aa1d0 code [0x00000001138aa400, 0x00000001138aaeb8]
Event: 0.222 Thread 0x00007fbb5b094000  283  s    3       java.util.Vector::addElement (38 bytes)
Event: 0.222 Thread 0x00007fbb5b094000 nmethod 283 0x00000001138ab390 code [0x00000001138ab520, 0x00000001138aba48]
Event: 0.234 Thread 0x00007fbb5b094000  284  s    1       java.util.Vector::size (5 bytes)
Event: 0.234 Thread 0x00007fbb5b094000 nmethod 284 0x00000001138b1110 code [0x00000001138b1260, 0x00000001138b14d0]

GC Heap History (0 events):
No events

Deoptimization events (0 events):
No events

Internal exceptions (6 events):
Event: 0.030 Thread 0x00007fbb5b802000 Exception <a 'java/lang/NoSuchMethodError': Method sun.misc.Unsafe.defineClass(Ljava/lang/String;[BII)Ljava/lang/Class; name or signature does not match> (0x0000000795587ca8) thrown at [/Users/java_re/workspace/8-2-build-macosx-x86_64/jdk8u121/8372/hotspo
Event: 0.030 Thread 0x00007fbb5b802000 Exception <a 'java/lang/NoSuchMethodError': Method sun.misc.Unsafe.prefetchRead(Ljava/lang/Object;J)V name or signature does not match> (0x0000000795587f90) thrown at [/Users/java_re/workspace/8-2-build-macosx-x86_64/jdk8u121/8372/hotspot/src/share/vm/pri
Event: 0.125 Thread 0x00007fbb5b802000 Exception <a 'java/security/PrivilegedActionException'> (0x0000000795834568) thrown at [/Users/java_re/workspace/8-2-build-macosx-x86_64/jdk8u121/8372/hotspot/src/share/vm/prims/jvm.cpp, line 1390]
Event: 0.125 Thread 0x00007fbb5b802000 Exception <a 'java/security/PrivilegedActionException'> (0x0000000795834960) thrown at [/Users/java_re/workspace/8-2-build-macosx-x86_64/jdk8u121/8372/hotspot/src/share/vm/prims/jvm.cpp, line 1390]
Event: 0.125 Thread 0x00007fbb5b802000 Exception <a 'java/security/PrivilegedActionException'> (0x0000000795838060) thrown at [/Users/java_re/workspace/8-2-build-macosx-x86_64/jdk8u121/8372/hotspot/src/share/vm/prims/jvm.cpp, line 1390]
Event: 0.125 Thread 0x00007fbb5b802000 Exception <a 'java/security/PrivilegedActionException'> (0x0000000795838458) thrown at [/Users/java_re/workspace/8-2-build-macosx-x86_64/jdk8u121/8372/hotspot/src/share/vm/prims/jvm.cpp, line 1390]

Events (10 events):
Event: 0.232 loading class com/microsoft/z3/enumerations/Z3_error_code
Event: 0.232 loading class com/microsoft/z3/enumerations/Z3_error_code done
Event: 0.233 loading class com/microsoft/z3/enumerations/Z3_error_code$Z3_error_code_MappingHolder
Event: 0.233 loading class com/microsoft/z3/enumerations/Z3_error_code$Z3_error_code_MappingHolder done
Event: 0.233 loading class com/microsoft/z3/Solver
Event: 0.233 loading class com/microsoft/z3/Solver done
Event: 0.234 loading class com/microsoft/z3/ASTVector
Event: 0.234 loading class com/microsoft/z3/ASTVector done
Event: 0.235 loading class com/microsoft/z3/Quantifier
Event: 0.235 loading class com/microsoft/z3/Quantifier done


Dynamic libraries:
0x0000000029c72000 	/System/Library/Frameworks/Cocoa.framework/Versions/A/Cocoa
0x0000000029c72000 	/System/Library/Frameworks/Security.framework/Versions/A/Security
0x0000000029c72000 	/System/Library/Frameworks/ApplicationServices.framework/Versions/A/ApplicationServices
0x0000000029c72000 	/usr/lib/libz.1.dylib
0x0000000029c72000 	/usr/lib/libSystem.B.dylib
0x0000000029c72000 	/usr/lib/libobjc.A.dylib
0x0000000029c72000 	/System/Library/Frameworks/CoreFoundation.framework/Versions/A/CoreFoundation
0x0000000029c72000 	/System/Library/Frameworks/Foundation.framework/Versions/C/Foundation
0x0000000029c72000 	/System/Library/Frameworks/AppKit.framework/Versions/C/AppKit
0x0000000029c72000 	/System/Library/Frameworks/CoreData.framework/Versions/A/CoreData
0x0000000029c72000 	/System/Library/PrivateFrameworks/RemoteViewServices.framework/Versions/A/RemoteViewServices
0x0000000029c72000 	/System/Library/PrivateFrameworks/UIFoundation.framework/Versions/A/UIFoundation
0x0000000029c72000 	/System/Library/PrivateFrameworks/DFRFoundation.framework/Versions/A/DFRFoundation
0x0000000029c72000 	/System/Library/Frameworks/Metal.framework/Versions/A/Metal
0x0000000029c72000 	/System/Library/PrivateFrameworks/DesktopServicesPriv.framework/Versions/A/DesktopServicesPriv
0x0000000029c72000 	/usr/lib/libenergytrace.dylib
0x0000000029c72000 	/System/Library/PrivateFrameworks/SkyLight.framework/Versions/A/SkyLight
0x0000000029c72000 	/System/Library/Frameworks/CoreGraphics.framework/Versions/A/CoreGraphics
0x0000000029c72000 	/usr/lib/libScreenReader.dylib
0x0000000029c72000 	/System/Library/Frameworks/Accelerate.framework/Versions/A/Accelerate
0x0000000029c72000 	/System/Library/Frameworks/IOSurface.framework/Versions/A/IOSurface
0x0000000029c72000 	/System/Library/Frameworks/AudioToolbox.framework/Versions/A/AudioToolbox
0x0000000029c72000 	/System/Library/Frameworks/AudioUnit.framework/Versions/A/AudioUnit
0x0000000029c72000 	/System/Library/PrivateFrameworks/DataDetectorsCore.framework/Versions/A/DataDetectorsCore
0x0000000029c72000 	/System/Library/Frameworks/Carbon.framework/Versions/A/Frameworks/HIToolbox.framework/Versions/A/HIToolbox
0x0000000029c72000 	/usr/lib/libicucore.A.dylib
0x0000000029c72000 	/System/Library/Frameworks/QuartzCore.framework/Versions/A/QuartzCore
0x0000000029c72000 	/System/Library/PrivateFrameworks/SignpostNotification.framework/Versions/A/SignpostNotification
0x0000000029c72000 	/System/Library/Frameworks/Carbon.framework/Versions/A/Frameworks/SpeechRecognition.framework/Versions/A/SpeechRecognition
0x0000000029c72000 	/usr/lib/libauto.dylib
0x0000000029c72000 	/usr/lib/libxml2.2.dylib
0x0000000029c72000 	/System/Library/PrivateFrameworks/CoreUI.framework/Versions/A/CoreUI
0x0000000029c72000 	/System/Library/Frameworks/CoreAudio.framework/Versions/A/CoreAudio
0x0000000029c72000 	/System/Library/Frameworks/DiskArbitration.framework/Versions/A/DiskArbitration
0x0000000029c72000 	/usr/lib/liblangid.dylib
0x0000000029c72000 	/System/Library/PrivateFrameworks/MultitouchSupport.framework/Versions/A/MultitouchSupport
0x0000000029c72000 	/System/Library/Frameworks/IOKit.framework/Versions/A/IOKit
0x0000000029c72000 	/usr/lib/libDiagnosticMessagesClient.dylib
0x0000000029c72000 	/System/Library/Frameworks/CoreServices.framework/Versions/A/CoreServices
0x0000000029c72000 	/System/Library/PrivateFrameworks/PerformanceAnalysis.framework/Versions/A/PerformanceAnalysis
0x0000000029c72000 	/System/Library/Frameworks/OpenGL.framework/Versions/A/OpenGL
0x0000000029c72000 	/System/Library/Frameworks/ColorSync.framework/Versions/A/ColorSync
0x0000000029c72000 	/System/Library/Frameworks/CoreImage.framework/Versions/A/CoreImage
0x0000000029c72000 	/System/Library/Frameworks/CoreText.framework/Versions/A/CoreText
0x0000000029c72000 	/System/Library/Frameworks/ImageIO.framework/Versions/A/ImageIO
0x0000000029c72000 	/System/Library/PrivateFrameworks/Backup.framework/Versions/A/Backup
0x0000000029c72000 	/usr/lib/libarchive.2.dylib
0x0000000029c72000 	/System/Library/Frameworks/CFNetwork.framework/Versions/A/CFNetwork
0x0000000029c72000 	/System/Library/Frameworks/SystemConfiguration.framework/Versions/A/SystemConfiguration
0x0000000029c72000 	/usr/lib/libCRFSuite.dylib
0x0000000029c72000 	/usr/lib/libc++.1.dylib
0x0000000029c72000 	/usr/lib/libc++abi.dylib
0x0000000029c72000 	/usr/lib/system/libcache.dylib
0x0000000029c72000 	/usr/lib/system/libcommonCrypto.dylib
0x0000000029c72000 	/usr/lib/system/libcompiler_rt.dylib
0x0000000029c72000 	/usr/lib/system/libcopyfile.dylib
0x0000000029c72000 	/usr/lib/system/libcorecrypto.dylib
0x0000000029c72000 	/usr/lib/system/libdispatch.dylib
0x0000000029c72000 	/usr/lib/system/libdyld.dylib
0x0000000029c72000 	/usr/lib/system/libkeymgr.dylib
0x0000000029c72000 	/usr/lib/system/liblaunch.dylib
0x0000000029c72000 	/usr/lib/system/libmacho.dylib
0x0000000029c72000 	/usr/lib/system/libquarantine.dylib
0x0000000029c72000 	/usr/lib/system/libremovefile.dylib
0x0000000029c72000 	/usr/lib/system/libsystem_asl.dylib
0x0000000029c72000 	/usr/lib/system/libsystem_blocks.dylib
0x0000000029c72000 	/usr/lib/system/libsystem_c.dylib
0x0000000029c72000 	/usr/lib/system/libsystem_configuration.dylib
0x0000000029c72000 	/usr/lib/system/libsystem_coreservices.dylib
0x0000000029c72000 	/usr/lib/system/libsystem_darwin.dylib
0x0000000029c72000 	/usr/lib/system/libsystem_dnssd.dylib
0x0000000029c72000 	/usr/lib/system/libsystem_info.dylib
0x0000000029c72000 	/usr/lib/system/libsystem_m.dylib
0x0000000029c72000 	/usr/lib/system/libsystem_malloc.dylib
0x0000000029c72000 	/usr/lib/system/libsystem_network.dylib
0x0000000029c72000 	/usr/lib/system/libsystem_networkextension.dylib
0x0000000029c72000 	/usr/lib/system/libsystem_notify.dylib
0x0000000029c72000 	/usr/lib/system/libsystem_sandbox.dylib
0x0000000029c72000 	/usr/lib/system/libsystem_secinit.dylib
0x0000000029c72000 	/usr/lib/system/libsystem_kernel.dylib
0x0000000029c72000 	/usr/lib/system/libsystem_platform.dylib
0x0000000029c72000 	/usr/lib/system/libsystem_pthread.dylib
0x0000000029c72000 	/usr/lib/system/libsystem_symptoms.dylib
0x0000000029c72000 	/usr/lib/system/libsystem_trace.dylib
0x0000000029c72000 	/usr/lib/system/libunwind.dylib
0x0000000029c72000 	/usr/lib/system/libxpc.dylib
0x0000000029c72000 	/usr/lib/closure/libclosured.dylib
0x0000000029c72000 	/usr/lib/libbsm.0.dylib
0x0000000029c72000 	/usr/lib/system/libkxld.dylib
0x0000000029c72000 	/usr/lib/libOpenScriptingUtil.dylib
0x0000000029c72000 	/usr/lib/libcoretls.dylib
0x0000000029c72000 	/usr/lib/libcoretls_cfhelpers.dylib
0x0000000029c72000 	/usr/lib/libpam.2.dylib
0x0000000029c72000 	/usr/lib/libsqlite3.dylib
0x0000000029c72000 	/usr/lib/libxar.1.dylib
0x0000000029c72000 	/usr/lib/libbz2.1.0.dylib
0x0000000029c72000 	/usr/lib/liblzma.5.dylib
0x0000000029c72000 	/usr/lib/libnetwork.dylib
0x0000000029c72000 	/usr/lib/libapple_nghttp2.dylib
0x0000000029c72000 	/usr/lib/libpcap.A.dylib
0x0000000029c72000 	/usr/lib/libboringssl.dylib
0x0000000029c72000 	/usr/lib/libusrtcp.dylib
0x0000000029c72000 	/usr/lib/libapple_crypto.dylib
0x0000000029c72000 	/System/Library/Frameworks/CoreServices.framework/Versions/A/Frameworks/FSEvents.framework/Versions/A/FSEvents
0x0000000029c72000 	/System/Library/Frameworks/CoreServices.framework/Versions/A/Frameworks/CarbonCore.framework/Versions/A/CarbonCore
0x0000000029c72000 	/System/Library/Frameworks/CoreServices.framework/Versions/A/Frameworks/Metadata.framework/Versions/A/Metadata
0x0000000029c72000 	/System/Library/Frameworks/CoreServices.framework/Versions/A/Frameworks/OSServices.framework/Versions/A/OSServices
0x0000000029c72000 	/System/Library/Frameworks/CoreServices.framework/Versions/A/Frameworks/SearchKit.framework/Versions/A/SearchKit
0x0000000029c72000 	/System/Library/Frameworks/CoreServices.framework/Versions/A/Frameworks/AE.framework/Versions/A/AE
0x0000000029c72000 	/System/Library/Frameworks/CoreServices.framework/Versions/A/Frameworks/LaunchServices.framework/Versions/A/LaunchServices
0x0000000029c72000 	/System/Library/Frameworks/CoreServices.framework/Versions/A/Frameworks/DictionaryServices.framework/Versions/A/DictionaryServices
0x0000000029c72000 	/System/Library/Frameworks/CoreServices.framework/Versions/A/Frameworks/SharedFileList.framework/Versions/A/SharedFileList
0x0000000029c72000 	/System/Library/Frameworks/NetFS.framework/Versions/A/NetFS
0x0000000029c72000 	/System/Library/PrivateFrameworks/NetAuth.framework/Versions/A/NetAuth
0x0000000029c72000 	/System/Library/PrivateFrameworks/login.framework/Versions/A/Frameworks/loginsupport.framework/Versions/A/loginsupport
0x0000000029c72000 	/System/Library/PrivateFrameworks/TCC.framework/Versions/A/TCC
0x0000000029c72000 	/usr/lib/libmecabra.dylib
0x0000000029c72000 	/System/Library/Frameworks/ApplicationServices.framework/Versions/A/Frameworks/ATS.framework/Versions/A/ATS
0x0000000029c72000 	/System/Library/Frameworks/ApplicationServices.framework/Versions/A/Frameworks/ColorSyncLegacy.framework/Versions/A/ColorSyncLegacy
0x0000000029c72000 	/System/Library/Frameworks/ApplicationServices.framework/Versions/A/Frameworks/HIServices.framework/Versions/A/HIServices
0x0000000029c72000 	/System/Library/Frameworks/ApplicationServices.framework/Versions/A/Frameworks/LangAnalysis.framework/Versions/A/LangAnalysis
0x0000000029c72000 	/System/Library/Frameworks/ApplicationServices.framework/Versions/A/Frameworks/PrintCore.framework/Versions/A/PrintCore
0x0000000029c72000 	/System/Library/Frameworks/ApplicationServices.framework/Versions/A/Frameworks/QD.framework/Versions/A/QD
0x0000000029c72000 	/System/Library/Frameworks/ApplicationServices.framework/Versions/A/Frameworks/SpeechSynthesis.framework/Versions/A/SpeechSynthesis
0x0000000029c72000 	/System/Library/Frameworks/CoreDisplay.framework/Versions/A/CoreDisplay
0x0000000029c72000 	/System/Library/Frameworks/Accelerate.framework/Versions/A/Frameworks/vImage.framework/Versions/A/vImage
0x0000000029c72000 	/System/Library/Frameworks/Accelerate.framework/Versions/A/Frameworks/vecLib.framework/Versions/A/vecLib
0x0000000029c72000 	/System/Library/Frameworks/Accelerate.framework/Versions/A/Frameworks/vecLib.framework/Versions/A/libvDSP.dylib
0x0000000029c72000 	/System/Library/Frameworks/Accelerate.framework/Versions/A/Frameworks/vecLib.framework/Versions/A/libBNNS.dylib
0x0000000029c72000 	/System/Library/Frameworks/Accelerate.framework/Versions/A/Frameworks/vecLib.framework/Versions/A/libQuadrature.dylib
0x0000000029c72000 	/System/Library/Frameworks/Accelerate.framework/Versions/A/Frameworks/vecLib.framework/Versions/A/libvMisc.dylib
0x0000000029c72000 	/System/Library/Frameworks/Accelerate.framework/Versions/A/Frameworks/vecLib.framework/Versions/A/libLAPACK.dylib
0x0000000029c72000 	/System/Library/Frameworks/Accelerate.framework/Versions/A/Frameworks/vecLib.framework/Versions/A/libBLAS.dylib
0x0000000029c72000 	/System/Library/Frameworks/Accelerate.framework/Versions/A/Frameworks/vecLib.framework/Versions/A/libLinearAlgebra.dylib
0x0000000029c72000 	/System/Library/Frameworks/Accelerate.framework/Versions/A/Frameworks/vecLib.framework/Versions/A/libSparse.dylib
0x0000000029c72000 	/System/Library/Frameworks/Accelerate.framework/Versions/A/Frameworks/vecLib.framework/Versions/A/libSparseBLAS.dylib
0x0000000029c72000 	/System/Library/PrivateFrameworks/GPUWrangler.framework/Versions/A/GPUWrangler
0x0000000029c72000 	/System/Library/PrivateFrameworks/IOAccelerator.framework/Versions/A/IOAccelerator
0x0000000029c72000 	/System/Library/PrivateFrameworks/IOPresentment.framework/Versions/A/IOPresentment
0x0000000029c72000 	/System/Library/PrivateFrameworks/DSExternalDisplay.framework/Versions/A/DSExternalDisplay
0x0000000029c72000 	/System/Library/Frameworks/OpenGL.framework/Versions/A/Libraries/libCoreFSCache.dylib
0x0000000029c72000 	/System/Library/Frameworks/CoreVideo.framework/Versions/A/CoreVideo
0x0000000029c72000 	/System/Library/PrivateFrameworks/GraphVisualizer.framework/Versions/A/GraphVisualizer
0x0000000029c72000 	/System/Library/Frameworks/MetalPerformanceShaders.framework/Versions/A/MetalPerformanceShaders
0x0000000029c72000 	/usr/lib/libFosl_dynamic.dylib
0x0000000029c72000 	/System/Library/PrivateFrameworks/FaceCore.framework/Versions/A/FaceCore
0x0000000029c72000 	/System/Library/Frameworks/OpenCL.framework/Versions/A/OpenCL
0x0000000029c72000 	/usr/lib/libcompression.dylib
0x0000000029c72000 	/System/Library/Frameworks/ApplicationServices.framework/Versions/A/Frameworks/ATS.framework/Versions/A/Resources/libFontParser.dylib
0x0000000029c72000 	/System/Library/Frameworks/ApplicationServices.framework/Versions/A/Frameworks/ATS.framework/Versions/A/Resources/libFontRegistry.dylib
0x0000000029c72000 	/System/Library/Frameworks/ImageIO.framework/Versions/A/Resources/libJPEG.dylib
0x0000000029c72000 	/System/Library/Frameworks/ImageIO.framework/Versions/A/Resources/libTIFF.dylib
0x0000000029c72000 	/System/Library/Frameworks/ImageIO.framework/Versions/A/Resources/libPng.dylib
0x0000000029c72000 	/System/Library/Frameworks/ImageIO.framework/Versions/A/Resources/libGIF.dylib
0x0000000029c72000 	/System/Library/Frameworks/ImageIO.framework/Versions/A/Resources/libJP2.dylib
0x0000000029c72000 	/System/Library/Frameworks/ImageIO.framework/Versions/A/Resources/libRadiance.dylib
0x0000000029c72000 	/System/Library/PrivateFrameworks/AppleJPEG.framework/Versions/A/AppleJPEG
0x0000000029c72000 	/System/Library/Frameworks/MetalPerformanceShaders.framework/Frameworks/MPSCore.framework/Versions/A/MPSCore
0x0000000029c72000 	/System/Library/Frameworks/MetalPerformanceShaders.framework/Frameworks/MPSImage.framework/Versions/A/MPSImage
0x0000000029c72000 	/System/Library/Frameworks/MetalPerformanceShaders.framework/Frameworks/MPSNeuralNetwork.framework/Versions/A/MPSNeuralNetwork
0x0000000029c72000 	/System/Library/Frameworks/MetalPerformanceShaders.framework/Frameworks/MPSMatrix.framework/Versions/A/MPSMatrix
0x0000000029c72000 	/System/Library/PrivateFrameworks/MetalTools.framework/Versions/A/MetalTools
0x0000000029c72000 	/System/Library/Frameworks/OpenGL.framework/Versions/A/Libraries/libGLU.dylib
0x0000000029c72000 	/System/Library/Frameworks/OpenGL.framework/Versions/A/Libraries/libGFXShared.dylib
0x0000000029c72000 	/System/Library/Frameworks/OpenGL.framework/Versions/A/Libraries/libGL.dylib
0x0000000029c72000 	/System/Library/Frameworks/OpenGL.framework/Versions/A/Libraries/libGLImage.dylib
0x0000000029c72000 	/System/Library/Frameworks/OpenGL.framework/Versions/A/Libraries/libCVMSPluginSupport.dylib
0x0000000029c72000 	/System/Library/Frameworks/OpenGL.framework/Versions/A/Libraries/libCoreVMClient.dylib
0x0000000029c72000 	/usr/lib/libcups.2.dylib
0x0000000029c72000 	/System/Library/Frameworks/Kerberos.framework/Versions/A/Kerberos
0x0000000029c72000 	/System/Library/Frameworks/GSS.framework/Versions/A/GSS
0x0000000029c72000 	/usr/lib/libresolv.9.dylib
0x0000000029c72000 	/usr/lib/libiconv.2.dylib
0x0000000029c72000 	/System/Library/PrivateFrameworks/Heimdal.framework/Versions/A/Heimdal
0x0000000029c72000 	/usr/lib/libheimdal-asn1.dylib
0x0000000029c72000 	/System/Library/Frameworks/OpenDirectory.framework/Versions/A/OpenDirectory
0x0000000029c72000 	/System/Library/PrivateFrameworks/CommonAuth.framework/Versions/A/CommonAuth
0x0000000029c72000 	/System/Library/Frameworks/OpenDirectory.framework/Versions/A/Frameworks/CFOpenDirectory.framework/Versions/A/CFOpenDirectory
0x0000000029c72000 	/System/Library/Frameworks/SecurityFoundation.framework/Versions/A/SecurityFoundation
0x0000000029c72000 	/System/Library/PrivateFrameworks/APFS.framework/Versions/A/APFS
0x0000000029c72000 	/usr/lib/libutil.dylib
0x0000000029c72000 	/System/Library/PrivateFrameworks/AppleSauce.framework/Versions/A/AppleSauce
0x0000000029c72000 	/System/Library/PrivateFrameworks/LinguisticData.framework/Versions/A/LinguisticData
0x0000000029c72000 	/usr/lib/libmarisa.dylib
0x0000000029c72000 	/System/Library/PrivateFrameworks/Lexicon.framework/Versions/A/Lexicon
0x0000000029c72000 	/usr/lib/libChineseTokenizer.dylib
0x0000000029c72000 	/usr/lib/libcmph.dylib
0x0000000029c72000 	/System/Library/PrivateFrameworks/LanguageModeling.framework/Versions/A/LanguageModeling
0x0000000029c72000 	/System/Library/PrivateFrameworks/CoreEmoji.framework/Versions/A/CoreEmoji
0x0000000029c72000 	/System/Library/Frameworks/ServiceManagement.framework/Versions/A/ServiceManagement
0x0000000029c72000 	/System/Library/PrivateFrameworks/BackgroundTaskManagement.framework/Versions/A/BackgroundTaskManagement
0x0000000029c72000 	/usr/lib/libxslt.1.dylib
0x0000000029c72000 	/System/Library/Frameworks/Carbon.framework/Versions/A/Frameworks/Ink.framework/Versions/A/Ink
0x0000000029c72000 	/System/Library/PrivateFrameworks/TextureIO.framework/Versions/A/TextureIO
0x0000000029c72000 	/usr/lib/libate.dylib
0x0000000029c72000 	/System/Library/PrivateFrameworks/CrashReporterSupport.framework/Versions/A/CrashReporterSupport
0x0000000029c72000 	/System/Library/PrivateFrameworks/Sharing.framework/Versions/A/Sharing
0x0000000029c72000 	/System/Library/PrivateFrameworks/IconServices.framework/Versions/A/IconServices
0x0000000029c72000 	/System/Library/PrivateFrameworks/Apple80211.framework/Versions/A/Apple80211
0x0000000029c72000 	/System/Library/PrivateFrameworks/CoreUtils.framework/Versions/A/CoreUtils
0x0000000029c72000 	/System/Library/Frameworks/CoreWLAN.framework/Versions/A/CoreWLAN
0x0000000029c72000 	/System/Library/Frameworks/IOBluetooth.framework/Versions/A/IOBluetooth
0x0000000029c72000 	/System/Library/PrivateFrameworks/ProtocolBuffer.framework/Versions/A/ProtocolBuffer
0x0000000029c72000 	/System/Library/PrivateFrameworks/CoreWiFi.framework/Versions/A/CoreWiFi
0x0000000029c72000 	/System/Library/Frameworks/CoreBluetooth.framework/Versions/A/CoreBluetooth
0x0000000029c72000 	/System/Library/PrivateFrameworks/DebugSymbols.framework/Versions/A/DebugSymbols
0x0000000029c72000 	/System/Library/PrivateFrameworks/CoreSymbolication.framework/Versions/A/CoreSymbolication
0x0000000029c72000 	/System/Library/PrivateFrameworks/Symbolication.framework/Versions/A/Symbolication
0x0000000029c72000 	/System/Library/PrivateFrameworks/AppleFSCompression.framework/Versions/A/AppleFSCompression
0x0000000029c72000 	/System/Library/PrivateFrameworks/SpeechRecognitionCore.framework/Versions/A/SpeechRecognitionCore
0x000000010ac00000 	/Library/Java/JavaVirtualMachines/jdk1.8.0_121.jdk/Contents/Home/jre/lib/server/libjvm.dylib
0x0000000029c72000 	/usr/lib/libstdc++.6.0.9.dylib
0x000000010a359000 	/Library/Java/JavaVirtualMachines/jdk1.8.0_121.jdk/Contents/Home/jre/lib/libverify.dylib
0x000000010a367000 	/Library/Java/JavaVirtualMachines/jdk1.8.0_121.jdk/Contents/Home/jre/lib/libjava.dylib
0x000000010a3e6000 	/Library/Java/JavaVirtualMachines/jdk1.8.0_121.jdk/Contents/Home/jre/lib/libzip.dylib
0x0000000029c72000 	/System/Library/Frameworks/JavaVM.framework/Versions/A/Frameworks/JavaRuntimeSupport.framework/Versions/A/JavaRuntimeSupport
0x0000000029c72000 	/System/Library/Frameworks/JavaVM.framework/Versions/A/Frameworks/JavaNativeFoundation.framework/Versions/A/JavaNativeFoundation
0x0000000029c72000 	/System/Library/Frameworks/JavaVM.framework/Versions/A/JavaVM
0x0000000029c72000 	/System/Library/Frameworks/Carbon.framework/Versions/A/Carbon
0x0000000029c72000 	/System/Library/PrivateFrameworks/JavaLaunching.framework/Versions/A/JavaLaunching
0x0000000029c72000 	/System/Library/Frameworks/Carbon.framework/Versions/A/Frameworks/CommonPanels.framework/Versions/A/CommonPanels
0x0000000029c72000 	/System/Library/Frameworks/Carbon.framework/Versions/A/Frameworks/Help.framework/Versions/A/Help
0x0000000029c72000 	/System/Library/Frameworks/Carbon.framework/Versions/A/Frameworks/ImageCapture.framework/Versions/A/ImageCapture
0x0000000029c72000 	/System/Library/Frameworks/Carbon.framework/Versions/A/Frameworks/OpenScripting.framework/Versions/A/OpenScripting
0x0000000029c72000 	/System/Library/Frameworks/Carbon.framework/Versions/A/Frameworks/Print.framework/Versions/A/Print
0x0000000029c72000 	/System/Library/Frameworks/Carbon.framework/Versions/A/Frameworks/SecurityHI.framework/Versions/A/SecurityHI
0x000000011256b000 	/Users/haowu/uran/lib/libz3java.dylib
0x0000000124076000 	/usr/local/lib/libz3.dylib

VM Arguments:
jvm_args: -Djava.library.path=/Users/haowu/uran/lib 
java_command: org.apache.tools.ant.taskdefs.optional.junit.JUnitTestRunner uran.test.formula.testFormula skipNonTests=false filtertrace=true haltOnError=false haltOnFailure=true formatter=org.apache.tools.ant.taskdefs.optional.junit.SummaryJUnitResultFormatter showoutput=false outputtoformatters=true logfailedtests=true threadid=0 logtestlistenerevents=false formatter=org.apache.tools.ant.taskdefs.optional.junit.BriefJUnitResultFormatter crashfile=/Users/haowu/uran/junitvmwatcher3259433134227447219.properties propsfile=/Users/haowu/uran/junit6468689103334164957.properties
java_class_path (initial): /Users/haowu/uran/lib/junit.jar:/Users/haowu/uran/build/classes:/Users/haowu/uran/lib/com.microsoft.z3.jar:/Users/haowu/uran/build/classes/test:/Users/haowu/uran:/Users/haowu/z3/build/com.microsoft.z3.jar:/opt/local/share/java/apache-ant/lib/ant-launcher.jar:/opt/local/share/java/apache-ant/lib/ant.jar:/opt/local/share/java/apache-ant/lib/ant-junit.jar:/opt/local/share/java/apache-ant/lib/ant-junit4.jar
Launcher Type: SUN_STANDARD

Environment Variables:
CLASSPATH=.:/Users/haowu/z3/build/com.microsoft.z3.jar:/Users/haowu/uran/build/classes
PATH=/opt/local/bin:/opt/local/sbin:/Users/haowu/llvm/clang+llvm-5.0.0-x86_64-apple-darwin/bin:/usr/local/bin:/usr/bin:/bin:/usr/sbin:/sbin:/Library/TeX/texbin:/opt/X11/bin
LD_LIBRARY_PATH=/Users/haowu/uran/lib
SHELL=/bin/bash
DISPLAY=/private/tmp/com.apple.launchd.ND4jbTS8A1/org.macosforge.xquartz:0

Signal Handlers:
SIGSEGV: [libjvm.dylib+0x5b1141], sa_mask[0]=11111111011111110111111111111111, sa_flags=SA_ONSTACK|SA_RESTART|SA_SIGINFO
SIGBUS: [libjvm.dylib+0x5b1141], sa_mask[0]=11111111011111110111111111111111, sa_flags=SA_RESTART|SA_SIGINFO
SIGFPE: [libjvm.dylib+0x487bc4], sa_mask[0]=11111111011111110111111111111111, sa_flags=SA_RESTART|SA_SIGINFO
SIGPIPE: [libjvm.dylib+0x487bc4], sa_mask[0]=11111111011111110111111111111111, sa_flags=SA_RESTART|SA_SIGINFO
SIGXFSZ: [libjvm.dylib+0x487bc4], sa_mask[0]=11111111011111110111111111111111, sa_flags=SA_RESTART|SA_SIGINFO
SIGILL: [libjvm.dylib+0x487bc4], sa_mask[0]=11111111011111110111111111111111, sa_flags=SA_RESTART|SA_SIGINFO
SIGUSR1: SIG_DFL, sa_mask[0]=11011111011111100000000111000110, sa_flags=none
SIGUSR2: [libjvm.dylib+0x4876e2], sa_mask[0]=00100000000000000000000000000000, sa_flags=SA_RESTART|SA_SIGINFO
SIGHUP: [libjvm.dylib+0x485cb9], sa_mask[0]=11111111011111110111111111111111, sa_flags=SA_RESTART|SA_SIGINFO
SIGINT: [libjvm.dylib+0x485cb9], sa_mask[0]=11111111011111110111111111111111, sa_flags=SA_RESTART|SA_SIGINFO
SIGTERM: [libjvm.dylib+0x485cb9], sa_mask[0]=11111111011111110111111111111111, sa_flags=SA_RESTART|SA_SIGINFO
SIGQUIT: [libjvm.dylib+0x485cb9], sa_mask[0]=11111111011111110111111111111111, sa_flags=SA_RESTART|SA_SIGINFO


---------------  S Y S T E M  ---------------

OS:Bsduname:Darwin 17.6.0 Darwin Kernel Version 17.6.0: Tue May  8 15:22:16 PDT 2018; root:xnu-4570.61.1~1/RELEASE_X86_64 x86_64
rlimit: STACK 8192k, CORE 0k, NPROC 709, NOFILE 10240, AS infinity
load average:1.54 1.68 2.28

CPU:total 4 (2 cores per cpu, 2 threads per core) family 6 model 61 stepping 4, cmov, cx8, fxsr, mmx, sse, sse2, sse3, ssse3, sse4.1, sse4.2, popcnt, avx, avx2, aes, clmul, erms, 3dnowpref, lzcnt, ht, tsc, tscinvbit, bmi1, bmi2, adx

Memory: 4k page, physical 8388608k(471780k free)

/proc/meminfo:


vm_info: Java HotSpot(TM) 64-Bit Server VM (25.121-b13) for bsd-amd64 JRE (1.8.0_121-b13), built on Dec 12 2016 20:39:32 by "java_re" with gcc 4.2.1 (Based on Apple Inc. build 5658) (LLVM build 2336.11.00)

time: Sat Jun 23 17:24:31 2018
elapsed time: 0 seconds (0d 0h 0m 0s)

