#
# A fatal error has been detected by the Java Runtime Environment:
#
#  SIGSEGV (0xb) at pc=0x00007f9432199653, pid=10831, tid=10833
#
# JRE version: OpenJDK Runtime Environment (10.0.2+13) (build 10.0.2+13-Ubuntu-1ubuntu0.18.04.4)
# Java VM: OpenJDK 64-Bit Server VM (10.0.2+13-Ubuntu-1ubuntu0.18.04.4, mixed mode, tiered, compressed oops, g1 gc, linux-amd64)
# Problematic frame:
# C  [libz3.so+0xd4653]  Z3_inc_ref+0x33
#
# Core dump will be written. Default location: Core dumps may be processed with "/usr/share/apport/apport %p %s %c %d %P" (or dumping to /home/haowu/uran/core.10831)
#
# If you would like to submit a bug report, please visit:
#   http://bugreport.java.com/bugreport/crash.jsp
# The crash happened outside the Java Virtual Machine in native code.
# See problematic frame for where to report the bug.
#

---------------  S U M M A R Y ------------

Command Line: -Djava.library.path=/home/haowu/uran/lib org.apache.tools.ant.taskdefs.optional.junit.JUnitTestRunner uran.test.formula.unsat.test skipNonTests=false filtertrace=true haltOnError=false haltOnFailure=true formatter=org.apache.tools.ant.taskdefs.optional.junit.SummaryJUnitResultFormatter showoutput=false outputtoformatters=true logfailedtests=true threadid=0 logtestlistenerevents=false formatter=org.apache.tools.ant.taskdefs.optional.junit.BriefJUnitResultFormatter crashfile=/home/haowu/uran/junitvmwatcher869232688982613417.properties propsfile=/home/haowu/uran/junit18412554945666677903.properties

Host: Intel(R) Xeon(R) CPU E5-1660 v4 @ 3.20GHz, 16 cores, 15G, Ubuntu 18.04.1 LTS
Time: Tue Jan 22 12:56:54 2019 GMT elapsed time: 1 seconds (0d 0h 0m 1s)

---------------  T H R E A D  ---------------

Current thread (0x00007f951c012000):  JavaThread "main" [_thread_in_native, id=10833, stack(0x00007f9525407000,0x00007f9525508000)]

Stack: [0x00007f9525407000,0x00007f9525508000],  sp=0x00007f95255053b0,  free space=1016k
Native frames: (J=compiled Java code, A=aot compiled Java code, j=interpreted, Vv=VM code, C=native code)
C  [libz3.so+0xd4653]  Z3_inc_ref+0x33

Java frames: (J=compiled Java code, j=interpreted, Vv=VM code)
j  com.microsoft.z3.Native.INTERNALincRef(JJ)V+0
j  com.microsoft.z3.Native.incRef(JJ)V+2
j  com.microsoft.z3.AST.incRef()V+11
j  com.microsoft.z3.Z3Object.<init>(Lcom/microsoft/z3/Context;J)V+20
j  com.microsoft.z3.AST.<init>(Lcom/microsoft/z3/Context;J)V+3
j  com.microsoft.z3.ASTVector.get(I)Lcom/microsoft/z3/AST;+23
j  com.microsoft.z3.ASTVector.ToBoolExprArray()[Lcom/microsoft/z3/BoolExpr;+25
j  com.microsoft.z3.Context.parseSMTLIB2File(Ljava/lang/String;[Lcom/microsoft/z3/Symbol;[Lcom/microsoft/z3/Sort;[Lcom/microsoft/z3/Symbol;[Lcom/microsoft/z3/FuncDecl;)[Lcom/microsoft/z3/BoolExpr;+98
j  uran.solver.Z3SMT2Solver.solve()Luran/solver/Result;+59
j  uran.test.formula.unsat.test.Case1()Luran/solver/Result;+117
j  uran.test.formula.unsat.test.test1()V+12
v  ~StubRoutines::call_stub
j  jdk.internal.reflect.NativeMethodAccessorImpl.invoke0(Ljava/lang/reflect/Method;Ljava/lang/Object;[Ljava/lang/Object;)Ljava/lang/Object;+0 java.base@10.0.2
j  jdk.internal.reflect.NativeMethodAccessorImpl.invoke(Ljava/lang/Object;[Ljava/lang/Object;)Ljava/lang/Object;+100 java.base@10.0.2
j  jdk.internal.reflect.DelegatingMethodAccessorImpl.invoke(Ljava/lang/Object;[Ljava/lang/Object;)Ljava/lang/Object;+6 java.base@10.0.2
j  java.lang.reflect.Method.invoke(Ljava/lang/Object;[Ljava/lang/Object;)Ljava/lang/Object;+59 java.base@10.0.2
j  org.junit.runners.model.FrameworkMethod$1.runReflectiveCall()Ljava/lang/Object;+15
j  org.junit.internal.runners.model.ReflectiveCallable.run()Ljava/lang/Object;+1
j  org.junit.runners.model.FrameworkMethod.invokeExplosively(Ljava/lang/Object;[Ljava/lang/Object;)Ljava/lang/Object;+10
j  org.junit.internal.runners.statements.InvokeMethod.evaluate()V+12
j  org.junit.internal.runners.statements.RunBefores.evaluate()V+49
j  org.junit.internal.runners.statements.RunAfters.evaluate()V+18
j  org.junit.runners.BlockJUnit4ClassRunner.runChild(Lorg/junit/runners/model/FrameworkMethod;Lorg/junit/runner/notification/RunNotifier;)V+31
j  org.junit.runners.BlockJUnit4ClassRunner.runChild(Ljava/lang/Object;Lorg/junit/runner/notification/RunNotifier;)V+6
j  org.junit.runners.ParentRunner.runChildren(Lorg/junit/runner/notification/RunNotifier;)V+29
j  org.junit.runners.ParentRunner.access$000(Lorg/junit/runners/ParentRunner;Lorg/junit/runner/notification/RunNotifier;)V+2
j  org.junit.runners.ParentRunner$1.evaluate()V+8
j  org.junit.internal.runners.statements.RunBefores.evaluate()V+49
j  org.junit.internal.runners.statements.RunAfters.evaluate()V+18
j  org.junit.runners.ParentRunner.run(Lorg/junit/runner/notification/RunNotifier;)V+20
j  junit.framework.JUnit4TestAdapter.run(Ljunit/framework/TestResult;)V+13
j  org.apache.tools.ant.taskdefs.optional.junit.JUnitTestRunner.run()V+820
j  org.apache.tools.ant.taskdefs.optional.junit.JUnitTestRunner.launch(Lorg/apache/tools/ant/taskdefs/optional/junit/JUnitTest;[Ljava/lang/String;ZZZZZZ)I+41
j  org.apache.tools.ant.taskdefs.optional.junit.JUnitTestRunner.main([Ljava/lang/String;)V+1072
v  ~StubRoutines::call_stub

siginfo: si_signo: 11 (SIGSEGV), si_code: 1 (SEGV_MAPERR), si_addr: 0x000000000000000f

Register to memory mapping:

RAX=0x00007f94335c2af0: Java_com_microsoft_z3_Native_INTERNALincRef+0x0000000000000000 in /home/haowu/uran/lib/libz3java.so at 0x00007f94335a7000
RBX=0x00007f94335a5950: <offset 0x00000000014e0950> in /home/haowu/uran/lib/libz3.so at 0x00007f94320c5000
RCX=0x0000000000000007 is an unknown value
RDX=0x00007f951c47d718 is an unknown value
RSP=0x00007f95255053b0 is pointing into the stack for thread: 0x00007f951c012000
RBP=0x0000000000000007 is an unknown value
RSI=0x0000000000000007 is an unknown value
RDI=0x00007f951c47d718 is an unknown value
R8 ={method} {0x00007f94337e60a0} 'INTERNALincRef' '(JJ)V' in 'com/microsoft/z3/Native'
R9 =0x0000000000000004 is an unknown value
R10=0x000000000000000b is an unknown value
R11=0x00007f9432199620: Z3_inc_ref+0x0000000000000000 in /home/haowu/uran/lib/libz3.so at 0x00007f94320c5000
R12=0x0000000000000000 is an unknown value
R13=0x00007f951c47d718 is an unknown value
R14=0x00007f9525505488 is pointing into the stack for thread: 0x00007f951c012000
R15=0x00007f951c012000 is a thread


Registers:
RAX=0x00007f94335c2af0, RBX=0x00007f94335a5950, RCX=0x0000000000000007, RDX=0x00007f951c47d718
RSP=0x00007f95255053b0, RBP=0x0000000000000007, RSI=0x0000000000000007, RDI=0x00007f951c47d718
R8 =0x00007f94337e60a0, R9 =0x0000000000000004, R10=0x000000000000000b, R11=0x00007f9432199620
R12=0x0000000000000000, R13=0x00007f951c47d718, R14=0x00007f9525505488, R15=0x00007f951c012000
RIP=0x00007f9432199653, EFLAGS=0x0000000000010202, CSGSFS=0x002b000000000033, ERR=0x0000000000000006
  TRAPNO=0x000000000000000e

Top of Stack: (sp=0x00007f95255053b0)
0x00007f95255053b0:   0000000000000000 00007f94337e60a0
0x00007f95255053c0:   00007f9525505450 0000000000000000
0x00007f95255053d0:   00007f94337e60a0 00007f9503b34850
0x00007f95255053e0:   00007f94337e60a0 00007f9525505488 

Instructions: (pc=0x00007f9432199653)
0x00007f9432199633:   19 c3 40 01 44 0f b6 23 c6 03 00 45 84 e4 75 25
0x00007f9432199643:   48 85 ed 41 c7 85 f0 05 00 00 00 00 00 00 74 04
0x00007f9432199653:   83 45 08 01 44 88 23 48 83 c4 08 5b 5d 41 5c 41
0x00007f9432199663:   5d c3 0f 1f 00 e8 93 b7 02 00 eb d4 48 83 ea 01 


---------------  P R O C E S S  ---------------

Threads class SMR info:
_java_thread_list=0x00007f951c2b1100, length=19, elements={
0x00007f951c012000, 0x00007f951c1f6000, 0x00007f951c1f8000, 0x00007f951c20b800,
0x00007f951c20d800, 0x00007f951c20f800, 0x00007f951c211800, 0x00007f951c213800,
0x00007f951c215800, 0x00007f951c217000, 0x00007f951c21b000, 0x00007f951c21d000,
0x00007f951c21e800, 0x00007f951c220800, 0x00007f951c222800, 0x00007f951c224000,
0x00007f951c226000, 0x00007f951c299000, 0x00007f951c2b1800
}

Java Threads: ( => current thread )
=>0x00007f951c012000 JavaThread "main" [_thread_in_native, id=10833, stack(0x00007f9525407000,0x00007f9525508000)]
  0x00007f951c1f6000 JavaThread "Reference Handler" daemon [_thread_blocked, id=10877, stack(0x00007f94b5587000,0x00007f94b5688000)]
  0x00007f951c1f8000 JavaThread "Finalizer" daemon [_thread_blocked, id=10878, stack(0x00007f94b5486000,0x00007f94b5587000)]
  0x00007f951c20b800 JavaThread "Signal Dispatcher" daemon [_thread_blocked, id=10879, stack(0x00007f94b4ef1000,0x00007f94b4ff2000)]
  0x00007f951c20d800 JavaThread "C2 CompilerThread0" daemon [_thread_blocked, id=10880, stack(0x00007f94b4df0000,0x00007f94b4ef1000)]
  0x00007f951c20f800 JavaThread "C2 CompilerThread1" daemon [_thread_blocked, id=10881, stack(0x00007f94b4cef000,0x00007f94b4df0000)]
  0x00007f951c211800 JavaThread "C2 CompilerThread2" daemon [_thread_blocked, id=10882, stack(0x00007f94b4bee000,0x00007f94b4cef000)]
  0x00007f951c213800 JavaThread "C2 CompilerThread3" daemon [_thread_blocked, id=10884, stack(0x00007f94b4aed000,0x00007f94b4bee000)]
  0x00007f951c215800 JavaThread "C2 CompilerThread4" daemon [_thread_blocked, id=10885, stack(0x00007f94b49ec000,0x00007f94b4aed000)]
  0x00007f951c217000 JavaThread "C2 CompilerThread5" daemon [_thread_blocked, id=10888, stack(0x00007f94b48eb000,0x00007f94b49ec000)]
  0x00007f951c21b000 JavaThread "C2 CompilerThread6" daemon [_thread_blocked, id=10889, stack(0x00007f94b47ea000,0x00007f94b48eb000)]
  0x00007f951c21d000 JavaThread "C2 CompilerThread7" daemon [_thread_blocked, id=10892, stack(0x00007f94b46e9000,0x00007f94b47ea000)]
  0x00007f951c21e800 JavaThread "C1 CompilerThread8" daemon [_thread_blocked, id=10893, stack(0x00007f94b45e8000,0x00007f94b46e9000)]
  0x00007f951c220800 JavaThread "C1 CompilerThread9" daemon [_thread_blocked, id=10897, stack(0x00007f94b44e7000,0x00007f94b45e8000)]
  0x00007f951c222800 JavaThread "C1 CompilerThread10" daemon [_thread_blocked, id=10898, stack(0x00007f94b43e6000,0x00007f94b44e7000)]
  0x00007f951c224000 JavaThread "C1 CompilerThread11" daemon [_thread_blocked, id=10900, stack(0x00007f94b42e5000,0x00007f94b43e6000)]
  0x00007f951c226000 JavaThread "Sweeper thread" daemon [_thread_blocked, id=10901, stack(0x00007f94b41e4000,0x00007f94b42e5000)]
  0x00007f951c299000 JavaThread "Service Thread" daemon [_thread_blocked, id=10905, stack(0x00007f94b40e3000,0x00007f94b41e4000)]
  0x00007f951c2b1800 JavaThread "Common-Cleaner" daemon [_thread_blocked, id=10907, stack(0x00007f9433dfd000,0x00007f9433efe000)]

Other Threads:
  0x00007f951c1ec000 VMThread "VM Thread" [stack: 0x00007f94b568a000,0x00007f94b578a000] [id=10874]
  0x00007f951c29b000 WatcherThread [stack: 0x00007f9433f00000,0x00007f9434000000] [id=10906]
  0x00007f951c029800 GCTaskThread "GC Thread#0" [stack: 0x00007f9521338000,0x00007f9521438000] [id=10835]
  0x00007f951c02b000 GCTaskThread "GC Thread#1" [stack: 0x00007f9521236000,0x00007f9521336000] [id=10837]
  0x00007f951c02c800 GCTaskThread "GC Thread#2" [stack: 0x00007f9521134000,0x00007f9521234000] [id=10842]
  0x00007f951c02e000 GCTaskThread "GC Thread#3" [stack: 0x00007f9521032000,0x00007f9521132000] [id=10843]
  0x00007f951c030000 GCTaskThread "GC Thread#4" [stack: 0x00007f9520f30000,0x00007f9521030000] [id=10845]
  0x00007f951c031800 GCTaskThread "GC Thread#5" [stack: 0x00007f9520e2e000,0x00007f9520f2e000] [id=10846]
  0x00007f951c033800 GCTaskThread "GC Thread#6" [stack: 0x00007f9520d2c000,0x00007f9520e2c000] [id=10847]
  0x00007f951c035000 GCTaskThread "GC Thread#7" [stack: 0x00007f9520c2a000,0x00007f9520d2a000] [id=10848]
  0x00007f951c036800 GCTaskThread "GC Thread#8" [stack: 0x00007f9520b28000,0x00007f9520c28000] [id=10849]
  0x00007f951c038800 GCTaskThread "GC Thread#9" [stack: 0x00007f9520a26000,0x00007f9520b26000] [id=10850]
  0x00007f951c03a000 GCTaskThread "GC Thread#10" [stack: 0x00007f9520924000,0x00007f9520a24000] [id=10851]
  0x00007f951c03c000 GCTaskThread "GC Thread#11" [stack: 0x00007f9520822000,0x00007f9520922000] [id=10852]
  0x00007f951c03d800 GCTaskThread "GC Thread#12" [stack: 0x00007f9520720000,0x00007f9520820000] [id=10853]
  0x00007f951c08c800 ConcurrentGCThread "G1 Main Marker" [stack: 0x00007f9501bc1000,0x00007f9501cc1000] [id=10854]
  0x00007f951c08e000 ConcurrentGCThread "G1 Conc#0" [stack: 0x00007f9501abf000,0x00007f9501bbf000] [id=10855]
  0x00007f951c090000 ConcurrentGCThread "G1 Conc#1" [stack: 0x00007f95019bd000,0x00007f9501abd000] [id=10856]
  0x00007f951c091800 ConcurrentGCThread "G1 Conc#2" [stack: 0x00007f95018bb000,0x00007f95019bb000] [id=10857]
  0x00007f951c171800 ConcurrentGCThread "G1 Refine#0" [stack: 0x00007f9500aac000,0x00007f9500bac000] [id=10858]
  0x00007f951c173000 ConcurrentGCThread "G1 Refine#1" [stack: 0x00007f95009aa000,0x00007f9500aaa000] [id=10859]
  0x00007f951c175000 ConcurrentGCThread "G1 Refine#2" [stack: 0x00007f95008a8000,0x00007f95009a8000] [id=10860]
  0x00007f951c176800 ConcurrentGCThread "G1 Refine#3" [stack: 0x00007f95007a6000,0x00007f95008a6000] [id=10861]
  0x00007f951c178800 ConcurrentGCThread "G1 Refine#4" [stack: 0x00007f95006a4000,0x00007f95007a4000] [id=10862]
  0x00007f951c17a000 ConcurrentGCThread "G1 Refine#5" [stack: 0x00007f95005a2000,0x00007f95006a2000] [id=10863]
  0x00007f951c17c000 ConcurrentGCThread "G1 Refine#6" [stack: 0x00007f95004a0000,0x00007f95005a0000] [id=10864]
  0x00007f951c17d800 ConcurrentGCThread "G1 Refine#7" [stack: 0x00007f950039e000,0x00007f950049e000] [id=10865]
  0x00007f951c17f800 ConcurrentGCThread "G1 Refine#8" [stack: 0x00007f950029c000,0x00007f950039c000] [id=10866]
  0x00007f951c181000 ConcurrentGCThread "G1 Refine#9" [stack: 0x00007f950019a000,0x00007f950029a000] [id=10867]
  0x00007f951c183000 ConcurrentGCThread "G1 Refine#10" [stack: 0x00007f9500098000,0x00007f9500198000] [id=10868]
  0x00007f951c184800 ConcurrentGCThread "G1 Refine#11" [stack: 0x00007f94c4240000,0x00007f94c4340000] [id=10869]
  0x00007f951c186800 ConcurrentGCThread "G1 Refine#12" [stack: 0x00007f94c413e000,0x00007f94c423e000] [id=10870]
  0x00007f951c188000 ConcurrentGCThread "G1 Young RemSet Sampling" [stack: 0x00007f94c403c000,0x00007f94c413c000] [id=10872]

Threads with active compile tasks:

VM state:not at safepoint (normal execution)

VM Mutex/Monitor currently owned by a thread: None

Heap address: 0x00000006c6800000, size: 3992 MB, Compressed Oops mode: Zero based, Oop shift amount: 3
Narrow klass base: 0x0000000000000000, Narrow klass shift: 3
Compressed class space size: 1073741824 Address: 0x00000007c0000000

Heap:
 garbage-first heap   total 256000K, used 7168K [0x00000006c6800000, 0x00000007c0000000)
  region size 1024K, 8 young (8192K), 0 survivors (0K)
 Metaspace       used 9417K, capacity 9515K, committed 9728K, reserved 1058816K
  class space    used 857K, capacity 897K, committed 1024K, reserved 1048576K
Heap Regions: E=young(eden), S=young(survivor), O=old, HS=humongous(starts), HC=humongous(continues), CS=collection set, F=free, A=archive, TS=gc time stamp, AC=allocation context, TAMS=top-at-mark-start (previous, next)
|   0|0x00000006c6800000, 0x00000006c6800000, 0x00000006c6900000|  0%| F|  |TS  0|AC  0|TAMS 0x00000006c6800000, 0x00000006c6800000|
|   1|0x00000006c6900000, 0x00000006c6900000, 0x00000006c6a00000|  0%| F|  |TS  0|AC  0|TAMS 0x00000006c6900000, 0x00000006c6900000|
|   2|0x00000006c6a00000, 0x00000006c6a00000, 0x00000006c6b00000|  0%| F|  |TS  0|AC  0|TAMS 0x00000006c6a00000, 0x00000006c6a00000|
|   3|0x00000006c6b00000, 0x00000006c6b00000, 0x00000006c6c00000|  0%| F|  |TS  0|AC  0|TAMS 0x00000006c6b00000, 0x00000006c6b00000|
|   4|0x00000006c6c00000, 0x00000006c6c00000, 0x00000006c6d00000|  0%| F|  |TS  0|AC  0|TAMS 0x00000006c6c00000, 0x00000006c6c00000|
|   5|0x00000006c6d00000, 0x00000006c6d00000, 0x00000006c6e00000|  0%| F|  |TS  0|AC  0|TAMS 0x00000006c6d00000, 0x00000006c6d00000|
|   6|0x00000006c6e00000, 0x00000006c6e00000, 0x00000006c6f00000|  0%| F|  |TS  0|AC  0|TAMS 0x00000006c6e00000, 0x00000006c6e00000|
|   7|0x00000006c6f00000, 0x00000006c6f00000, 0x00000006c7000000|  0%| F|  |TS  0|AC  0|TAMS 0x00000006c6f00000, 0x00000006c6f00000|
|   8|0x00000006c7000000, 0x00000006c7000000, 0x00000006c7100000|  0%| F|  |TS  0|AC  0|TAMS 0x00000006c7000000, 0x00000006c7000000|
|   9|0x00000006c7100000, 0x00000006c7100000, 0x00000006c7200000|  0%| F|  |TS  0|AC  0|TAMS 0x00000006c7100000, 0x00000006c7100000|
|  10|0x00000006c7200000, 0x00000006c7200000, 0x00000006c7300000|  0%| F|  |TS  0|AC  0|TAMS 0x00000006c7200000, 0x00000006c7200000|
|  11|0x00000006c7300000, 0x00000006c7300000, 0x00000006c7400000|  0%| F|  |TS  0|AC  0|TAMS 0x00000006c7300000, 0x00000006c7300000|
|  12|0x00000006c7400000, 0x00000006c7400000, 0x00000006c7500000|  0%| F|  |TS  0|AC  0|TAMS 0x00000006c7400000, 0x00000006c7400000|
|  13|0x00000006c7500000, 0x00000006c7500000, 0x00000006c7600000|  0%| F|  |TS  0|AC  0|TAMS 0x00000006c7500000, 0x00000006c7500000|
|  14|0x00000006c7600000, 0x00000006c7600000, 0x00000006c7700000|  0%| F|  |TS  0|AC  0|TAMS 0x00000006c7600000, 0x00000006c7600000|
|  15|0x00000006c7700000, 0x00000006c7700000, 0x00000006c7800000|  0%| F|  |TS  0|AC  0|TAMS 0x00000006c7700000, 0x00000006c7700000|
|  16|0x00000006c7800000, 0x00000006c7800000, 0x00000006c7900000|  0%| F|  |TS  0|AC  0|TAMS 0x00000006c7800000, 0x00000006c7800000|
|  17|0x00000006c7900000, 0x00000006c7900000, 0x00000006c7a00000|  0%| F|  |TS  0|AC  0|TAMS 0x00000006c7900000, 0x00000006c7900000|
|  18|0x00000006c7a00000, 0x00000006c7a00000, 0x00000006c7b00000|  0%| F|  |TS  0|AC  0|TAMS 0x00000006c7a00000, 0x00000006c7a00000|
|  19|0x00000006c7b00000, 0x00000006c7b00000, 0x00000006c7c00000|  0%| F|  |TS  0|AC  0|TAMS 0x00000006c7b00000, 0x00000006c7b00000|
|  20|0x00000006c7c00000, 0x00000006c7c00000, 0x00000006c7d00000|  0%| F|  |TS  0|AC  0|TAMS 0x00000006c7c00000, 0x00000006c7c00000|
|  21|0x00000006c7d00000, 0x00000006c7d00000, 0x00000006c7e00000|  0%| F|  |TS  0|AC  0|TAMS 0x00000006c7d00000, 0x00000006c7d00000|
|  22|0x00000006c7e00000, 0x00000006c7e00000, 0x00000006c7f00000|  0%| F|  |TS  0|AC  0|TAMS 0x00000006c7e00000, 0x00000006c7e00000|
|  23|0x00000006c7f00000, 0x00000006c7f00000, 0x00000006c8000000|  0%| F|  |TS  0|AC  0|TAMS 0x00000006c7f00000, 0x00000006c7f00000|
|  24|0x00000006c8000000, 0x00000006c8000000, 0x00000006c8100000|  0%| F|  |TS  0|AC  0|TAMS 0x00000006c8000000, 0x00000006c8000000|
|  25|0x00000006c8100000, 0x00000006c8100000, 0x00000006c8200000|  0%| F|  |TS  0|AC  0|TAMS 0x00000006c8100000, 0x00000006c8100000|
|  26|0x00000006c8200000, 0x00000006c8200000, 0x00000006c8300000|  0%| F|  |TS  0|AC  0|TAMS 0x00000006c8200000, 0x00000006c8200000|
|  27|0x00000006c8300000, 0x00000006c8300000, 0x00000006c8400000|  0%| F|  |TS  0|AC  0|TAMS 0x00000006c8300000, 0x00000006c8300000|
|  28|0x00000006c8400000, 0x00000006c8400000, 0x00000006c8500000|  0%| F|  |TS  0|AC  0|TAMS 0x00000006c8400000, 0x00000006c8400000|
|  29|0x00000006c8500000, 0x00000006c8500000, 0x00000006c8600000|  0%| F|  |TS  0|AC  0|TAMS 0x00000006c8500000, 0x00000006c8500000|
|  30|0x00000006c8600000, 0x00000006c8600000, 0x00000006c8700000|  0%| F|  |TS  0|AC  0|TAMS 0x00000006c8600000, 0x00000006c8600000|
|  31|0x00000006c8700000, 0x00000006c8700000, 0x00000006c8800000|  0%| F|  |TS  0|AC  0|TAMS 0x00000006c8700000, 0x00000006c8700000|
|  32|0x00000006c8800000, 0x00000006c8800000, 0x00000006c8900000|  0%| F|  |TS  0|AC  0|TAMS 0x00000006c8800000, 0x00000006c8800000|
|  33|0x00000006c8900000, 0x00000006c8900000, 0x00000006c8a00000|  0%| F|  |TS  0|AC  0|TAMS 0x00000006c8900000, 0x00000006c8900000|
|  34|0x00000006c8a00000, 0x00000006c8a00000, 0x00000006c8b00000|  0%| F|  |TS  0|AC  0|TAMS 0x00000006c8a00000, 0x00000006c8a00000|
|  35|0x00000006c8b00000, 0x00000006c8b00000, 0x00000006c8c00000|  0%| F|  |TS  0|AC  0|TAMS 0x00000006c8b00000, 0x00000006c8b00000|
|  36|0x00000006c8c00000, 0x00000006c8c00000, 0x00000006c8d00000|  0%| F|  |TS  0|AC  0|TAMS 0x00000006c8c00000, 0x00000006c8c00000|
|  37|0x00000006c8d00000, 0x00000006c8d00000, 0x00000006c8e00000|  0%| F|  |TS  0|AC  0|TAMS 0x00000006c8d00000, 0x00000006c8d00000|
|  38|0x00000006c8e00000, 0x00000006c8e00000, 0x00000006c8f00000|  0%| F|  |TS  0|AC  0|TAMS 0x00000006c8e00000, 0x00000006c8e00000|
|  39|0x00000006c8f00000, 0x00000006c8f00000, 0x00000006c9000000|  0%| F|  |TS  0|AC  0|TAMS 0x00000006c8f00000, 0x00000006c8f00000|
|  40|0x00000006c9000000, 0x00000006c9000000, 0x00000006c9100000|  0%| F|  |TS  0|AC  0|TAMS 0x00000006c9000000, 0x00000006c9000000|
|  41|0x00000006c9100000, 0x00000006c9100000, 0x00000006c9200000|  0%| F|  |TS  0|AC  0|TAMS 0x00000006c9100000, 0x00000006c9100000|
|  42|0x00000006c9200000, 0x00000006c9200000, 0x00000006c9300000|  0%| F|  |TS  0|AC  0|TAMS 0x00000006c9200000, 0x00000006c9200000|
|  43|0x00000006c9300000, 0x00000006c9300000, 0x00000006c9400000|  0%| F|  |TS  0|AC  0|TAMS 0x00000006c9300000, 0x00000006c9300000|
|  44|0x00000006c9400000, 0x00000006c9400000, 0x00000006c9500000|  0%| F|  |TS  0|AC  0|TAMS 0x00000006c9400000, 0x00000006c9400000|
|  45|0x00000006c9500000, 0x00000006c9500000, 0x00000006c9600000|  0%| F|  |TS  0|AC  0|TAMS 0x00000006c9500000, 0x00000006c9500000|
|  46|0x00000006c9600000, 0x00000006c9600000, 0x00000006c9700000|  0%| F|  |TS  0|AC  0|TAMS 0x00000006c9600000, 0x00000006c9600000|
|  47|0x00000006c9700000, 0x00000006c9700000, 0x00000006c9800000|  0%| F|  |TS  0|AC  0|TAMS 0x00000006c9700000, 0x00000006c9700000|
|  48|0x00000006c9800000, 0x00000006c9800000, 0x00000006c9900000|  0%| F|  |TS  0|AC  0|TAMS 0x00000006c9800000, 0x00000006c9800000|
|  49|0x00000006c9900000, 0x00000006c9900000, 0x00000006c9a00000|  0%| F|  |TS  0|AC  0|TAMS 0x00000006c9900000, 0x00000006c9900000|
|  50|0x00000006c9a00000, 0x00000006c9a00000, 0x00000006c9b00000|  0%| F|  |TS  0|AC  0|TAMS 0x00000006c9a00000, 0x00000006c9a00000|
|  51|0x00000006c9b00000, 0x00000006c9b00000, 0x00000006c9c00000|  0%| F|  |TS  0|AC  0|TAMS 0x00000006c9b00000, 0x00000006c9b00000|
|  52|0x00000006c9c00000, 0x00000006c9c00000, 0x00000006c9d00000|  0%| F|  |TS  0|AC  0|TAMS 0x00000006c9c00000, 0x00000006c9c00000|
|  53|0x00000006c9d00000, 0x00000006c9d00000, 0x00000006c9e00000|  0%| F|  |TS  0|AC  0|TAMS 0x00000006c9d00000, 0x00000006c9d00000|
|  54|0x00000006c9e00000, 0x00000006c9e00000, 0x00000006c9f00000|  0%| F|  |TS  0|AC  0|TAMS 0x00000006c9e00000, 0x00000006c9e00000|
|  55|0x00000006c9f00000, 0x00000006c9f00000, 0x00000006ca000000|  0%| F|  |TS  0|AC  0|TAMS 0x00000006c9f00000, 0x00000006c9f00000|
|  56|0x00000006ca000000, 0x00000006ca000000, 0x00000006ca100000|  0%| F|  |TS  0|AC  0|TAMS 0x00000006ca000000, 0x00000006ca000000|
|  57|0x00000006ca100000, 0x00000006ca100000, 0x00000006ca200000|  0%| F|  |TS  0|AC  0|TAMS 0x00000006ca100000, 0x00000006ca100000|
|  58|0x00000006ca200000, 0x00000006ca200000, 0x00000006ca300000|  0%| F|  |TS  0|AC  0|TAMS 0x00000006ca200000, 0x00000006ca200000|
|  59|0x00000006ca300000, 0x00000006ca300000, 0x00000006ca400000|  0%| F|  |TS  0|AC  0|TAMS 0x00000006ca300000, 0x00000006ca300000|
|  60|0x00000006ca400000, 0x00000006ca400000, 0x00000006ca500000|  0%| F|  |TS  0|AC  0|TAMS 0x00000006ca400000, 0x00000006ca400000|
|  61|0x00000006ca500000, 0x00000006ca500000, 0x00000006ca600000|  0%| F|  |TS  0|AC  0|TAMS 0x00000006ca500000, 0x00000006ca500000|
|  62|0x00000006ca600000, 0x00000006ca600000, 0x00000006ca700000|  0%| F|  |TS  0|AC  0|TAMS 0x00000006ca600000, 0x00000006ca600000|
|  63|0x00000006ca700000, 0x00000006ca700000, 0x00000006ca800000|  0%| F|  |TS  0|AC  0|TAMS 0x00000006ca700000, 0x00000006ca700000|
|  64|0x00000006ca800000, 0x00000006ca800000, 0x00000006ca900000|  0%| F|  |TS  0|AC  0|TAMS 0x00000006ca800000, 0x00000006ca800000|
|  65|0x00000006ca900000, 0x00000006ca900000, 0x00000006caa00000|  0%| F|  |TS  0|AC  0|TAMS 0x00000006ca900000, 0x00000006ca900000|
|  66|0x00000006caa00000, 0x00000006caa00000, 0x00000006cab00000|  0%| F|  |TS  0|AC  0|TAMS 0x00000006caa00000, 0x00000006caa00000|
|  67|0x00000006cab00000, 0x00000006cab00000, 0x00000006cac00000|  0%| F|  |TS  0|AC  0|TAMS 0x00000006cab00000, 0x00000006cab00000|
|  68|0x00000006cac00000, 0x00000006cac00000, 0x00000006cad00000|  0%| F|  |TS  0|AC  0|TAMS 0x00000006cac00000, 0x00000006cac00000|
|  69|0x00000006cad00000, 0x00000006cad00000, 0x00000006cae00000|  0%| F|  |TS  0|AC  0|TAMS 0x00000006cad00000, 0x00000006cad00000|
|  70|0x00000006cae00000, 0x00000006cae00000, 0x00000006caf00000|  0%| F|  |TS  0|AC  0|TAMS 0x00000006cae00000, 0x00000006cae00000|
|  71|0x00000006caf00000, 0x00000006caf00000, 0x00000006cb000000|  0%| F|  |TS  0|AC  0|TAMS 0x00000006caf00000, 0x00000006caf00000|
|  72|0x00000006cb000000, 0x00000006cb000000, 0x00000006cb100000|  0%| F|  |TS  0|AC  0|TAMS 0x00000006cb000000, 0x00000006cb000000|
|  73|0x00000006cb100000, 0x00000006cb100000, 0x00000006cb200000|  0%| F|  |TS  0|AC  0|TAMS 0x00000006cb100000, 0x00000006cb100000|
|  74|0x00000006cb200000, 0x00000006cb200000, 0x00000006cb300000|  0%| F|  |TS  0|AC  0|TAMS 0x00000006cb200000, 0x00000006cb200000|
|  75|0x00000006cb300000, 0x00000006cb300000, 0x00000006cb400000|  0%| F|  |TS  0|AC  0|TAMS 0x00000006cb300000, 0x00000006cb300000|
|  76|0x00000006cb400000, 0x00000006cb400000, 0x00000006cb500000|  0%| F|  |TS  0|AC  0|TAMS 0x00000006cb400000, 0x00000006cb400000|
|  77|0x00000006cb500000, 0x00000006cb500000, 0x00000006cb600000|  0%| F|  |TS  0|AC  0|TAMS 0x00000006cb500000, 0x00000006cb500000|
|  78|0x00000006cb600000, 0x00000006cb600000, 0x00000006cb700000|  0%| F|  |TS  0|AC  0|TAMS 0x00000006cb600000, 0x00000006cb600000|
|  79|0x00000006cb700000, 0x00000006cb700000, 0x00000006cb800000|  0%| F|  |TS  0|AC  0|TAMS 0x00000006cb700000, 0x00000006cb700000|
|  80|0x00000006cb800000, 0x00000006cb800000, 0x00000006cb900000|  0%| F|  |TS  0|AC  0|TAMS 0x00000006cb800000, 0x00000006cb800000|
|  81|0x00000006cb900000, 0x00000006cb900000, 0x00000006cba00000|  0%| F|  |TS  0|AC  0|TAMS 0x00000006cb900000, 0x00000006cb900000|
|  82|0x00000006cba00000, 0x00000006cba00000, 0x00000006cbb00000|  0%| F|  |TS  0|AC  0|TAMS 0x00000006cba00000, 0x00000006cba00000|
|  83|0x00000006cbb00000, 0x00000006cbb00000, 0x00000006cbc00000|  0%| F|  |TS  0|AC  0|TAMS 0x00000006cbb00000, 0x00000006cbb00000|
|  84|0x00000006cbc00000, 0x00000006cbc00000, 0x00000006cbd00000|  0%| F|  |TS  0|AC  0|TAMS 0x00000006cbc00000, 0x00000006cbc00000|
|  85|0x00000006cbd00000, 0x00000006cbd00000, 0x00000006cbe00000|  0%| F|  |TS  0|AC  0|TAMS 0x00000006cbd00000, 0x00000006cbd00000|
|  86|0x00000006cbe00000, 0x00000006cbe00000, 0x00000006cbf00000|  0%| F|  |TS  0|AC  0|TAMS 0x00000006cbe00000, 0x00000006cbe00000|
|  87|0x00000006cbf00000, 0x00000006cbf00000, 0x00000006cc000000|  0%| F|  |TS  0|AC  0|TAMS 0x00000006cbf00000, 0x00000006cbf00000|
|  88|0x00000006cc000000, 0x00000006cc000000, 0x00000006cc100000|  0%| F|  |TS  0|AC  0|TAMS 0x00000006cc000000, 0x00000006cc000000|
|  89|0x00000006cc100000, 0x00000006cc100000, 0x00000006cc200000|  0%| F|  |TS  0|AC  0|TAMS 0x00000006cc100000, 0x00000006cc100000|
|  90|0x00000006cc200000, 0x00000006cc200000, 0x00000006cc300000|  0%| F|  |TS  0|AC  0|TAMS 0x00000006cc200000, 0x00000006cc200000|
|  91|0x00000006cc300000, 0x00000006cc300000, 0x00000006cc400000|  0%| F|  |TS  0|AC  0|TAMS 0x00000006cc300000, 0x00000006cc300000|
|  92|0x00000006cc400000, 0x00000006cc400000, 0x00000006cc500000|  0%| F|  |TS  0|AC  0|TAMS 0x00000006cc400000, 0x00000006cc400000|
|  93|0x00000006cc500000, 0x00000006cc500000, 0x00000006cc600000|  0%| F|  |TS  0|AC  0|TAMS 0x00000006cc500000, 0x00000006cc500000|
|  94|0x00000006cc600000, 0x00000006cc600000, 0x00000006cc700000|  0%| F|  |TS  0|AC  0|TAMS 0x00000006cc600000, 0x00000006cc600000|
|  95|0x00000006cc700000, 0x00000006cc700000, 0x00000006cc800000|  0%| F|  |TS  0|AC  0|TAMS 0x00000006cc700000, 0x00000006cc700000|
|  96|0x00000006cc800000, 0x00000006cc800000, 0x00000006cc900000|  0%| F|  |TS  0|AC  0|TAMS 0x00000006cc800000, 0x00000006cc800000|
|  97|0x00000006cc900000, 0x00000006cc900000, 0x00000006cca00000|  0%| F|  |TS  0|AC  0|TAMS 0x00000006cc900000, 0x00000006cc900000|
|  98|0x00000006cca00000, 0x00000006cca00000, 0x00000006ccb00000|  0%| F|  |TS  0|AC  0|TAMS 0x00000006cca00000, 0x00000006cca00000|
|  99|0x00000006ccb00000, 0x00000006ccb00000, 0x00000006ccc00000|  0%| F|  |TS  0|AC  0|TAMS 0x00000006ccb00000, 0x00000006ccb00000|
| 100|0x00000006ccc00000, 0x00000006ccc00000, 0x00000006ccd00000|  0%| F|  |TS  0|AC  0|TAMS 0x00000006ccc00000, 0x00000006ccc00000|
| 101|0x00000006ccd00000, 0x00000006ccd00000, 0x00000006cce00000|  0%| F|  |TS  0|AC  0|TAMS 0x00000006ccd00000, 0x00000006ccd00000|
| 102|0x00000006cce00000, 0x00000006cce00000, 0x00000006ccf00000|  0%| F|  |TS  0|AC  0|TAMS 0x00000006cce00000, 0x00000006cce00000|
| 103|0x00000006ccf00000, 0x00000006ccf00000, 0x00000006cd000000|  0%| F|  |TS  0|AC  0|TAMS 0x00000006ccf00000, 0x00000006ccf00000|
| 104|0x00000006cd000000, 0x00000006cd000000, 0x00000006cd100000|  0%| F|  |TS  0|AC  0|TAMS 0x00000006cd000000, 0x00000006cd000000|
| 105|0x00000006cd100000, 0x00000006cd100000, 0x00000006cd200000|  0%| F|  |TS  0|AC  0|TAMS 0x00000006cd100000, 0x00000006cd100000|
| 106|0x00000006cd200000, 0x00000006cd200000, 0x00000006cd300000|  0%| F|  |TS  0|AC  0|TAMS 0x00000006cd200000, 0x00000006cd200000|
| 107|0x00000006cd300000, 0x00000006cd300000, 0x00000006cd400000|  0%| F|  |TS  0|AC  0|TAMS 0x00000006cd300000, 0x00000006cd300000|
| 108|0x00000006cd400000, 0x00000006cd400000, 0x00000006cd500000|  0%| F|  |TS  0|AC  0|TAMS 0x00000006cd400000, 0x00000006cd400000|
| 109|0x00000006cd500000, 0x00000006cd500000, 0x00000006cd600000|  0%| F|  |TS  0|AC  0|TAMS 0x00000006cd500000, 0x00000006cd500000|
| 110|0x00000006cd600000, 0x00000006cd600000, 0x00000006cd700000|  0%| F|  |TS  0|AC  0|TAMS 0x00000006cd600000, 0x00000006cd600000|
| 111|0x00000006cd700000, 0x00000006cd700000, 0x00000006cd800000|  0%| F|  |TS  0|AC  0|TAMS 0x00000006cd700000, 0x00000006cd700000|
| 112|0x00000006cd800000, 0x00000006cd800000, 0x00000006cd900000|  0%| F|  |TS  0|AC  0|TAMS 0x00000006cd800000, 0x00000006cd800000|
| 113|0x00000006cd900000, 0x00000006cd900000, 0x00000006cda00000|  0%| F|  |TS  0|AC  0|TAMS 0x00000006cd900000, 0x00000006cd900000|
| 114|0x00000006cda00000, 0x00000006cda00000, 0x00000006cdb00000|  0%| F|  |TS  0|AC  0|TAMS 0x00000006cda00000, 0x00000006cda00000|
| 115|0x00000006cdb00000, 0x00000006cdb00000, 0x00000006cdc00000|  0%| F|  |TS  0|AC  0|TAMS 0x00000006cdb00000, 0x00000006cdb00000|
| 116|0x00000006cdc00000, 0x00000006cdc00000, 0x00000006cdd00000|  0%| F|  |TS  0|AC  0|TAMS 0x00000006cdc00000, 0x00000006cdc00000|
| 117|0x00000006cdd00000, 0x00000006cdd00000, 0x00000006cde00000|  0%| F|  |TS  0|AC  0|TAMS 0x00000006cdd00000, 0x00000006cdd00000|
| 118|0x00000006cde00000, 0x00000006cde00000, 0x00000006cdf00000|  0%| F|  |TS  0|AC  0|TAMS 0x00000006cde00000, 0x00000006cde00000|
| 119|0x00000006cdf00000, 0x00000006cdf00000, 0x00000006ce000000|  0%| F|  |TS  0|AC  0|TAMS 0x00000006cdf00000, 0x00000006cdf00000|
| 120|0x00000006ce000000, 0x00000006ce000000, 0x00000006ce100000|  0%| F|  |TS  0|AC  0|TAMS 0x00000006ce000000, 0x00000006ce000000|
| 121|0x00000006ce100000, 0x00000006ce100000, 0x00000006ce200000|  0%| F|  |TS  0|AC  0|TAMS 0x00000006ce100000, 0x00000006ce100000|
| 122|0x00000006ce200000, 0x00000006ce200000, 0x00000006ce300000|  0%| F|  |TS  0|AC  0|TAMS 0x00000006ce200000, 0x00000006ce200000|
| 123|0x00000006ce300000, 0x00000006ce300000, 0x00000006ce400000|  0%| F|  |TS  0|AC  0|TAMS 0x00000006ce300000, 0x00000006ce300000|
| 124|0x00000006ce400000, 0x00000006ce400000, 0x00000006ce500000|  0%| F|  |TS  0|AC  0|TAMS 0x00000006ce400000, 0x00000006ce400000|
| 125|0x00000006ce500000, 0x00000006ce500000, 0x00000006ce600000|  0%| F|  |TS  0|AC  0|TAMS 0x00000006ce500000, 0x00000006ce500000|
| 126|0x00000006ce600000, 0x00000006ce600000, 0x00000006ce700000|  0%| F|  |TS  0|AC  0|TAMS 0x00000006ce600000, 0x00000006ce600000|
| 127|0x00000006ce700000, 0x00000006ce700000, 0x00000006ce800000|  0%| F|  |TS  0|AC  0|TAMS 0x00000006ce700000, 0x00000006ce700000|
| 128|0x00000006ce800000, 0x00000006ce800000, 0x00000006ce900000|  0%| F|  |TS  0|AC  0|TAMS 0x00000006ce800000, 0x00000006ce800000|
| 129|0x00000006ce900000, 0x00000006ce900000, 0x00000006cea00000|  0%| F|  |TS  0|AC  0|TAMS 0x00000006ce900000, 0x00000006ce900000|
| 130|0x00000006cea00000, 0x00000006cea00000, 0x00000006ceb00000|  0%| F|  |TS  0|AC  0|TAMS 0x00000006cea00000, 0x00000006cea00000|
| 131|0x00000006ceb00000, 0x00000006ceb00000, 0x00000006cec00000|  0%| F|  |TS  0|AC  0|TAMS 0x00000006ceb00000, 0x00000006ceb00000|
| 132|0x00000006cec00000, 0x00000006cec00000, 0x00000006ced00000|  0%| F|  |TS  0|AC  0|TAMS 0x00000006cec00000, 0x00000006cec00000|
| 133|0x00000006ced00000, 0x00000006ced00000, 0x00000006cee00000|  0%| F|  |TS  0|AC  0|TAMS 0x00000006ced00000, 0x00000006ced00000|
| 134|0x00000006cee00000, 0x00000006cee00000, 0x00000006cef00000|  0%| F|  |TS  0|AC  0|TAMS 0x00000006cee00000, 0x00000006cee00000|
| 135|0x00000006cef00000, 0x00000006cef00000, 0x00000006cf000000|  0%| F|  |TS  0|AC  0|TAMS 0x00000006cef00000, 0x00000006cef00000|
| 136|0x00000006cf000000, 0x00000006cf000000, 0x00000006cf100000|  0%| F|  |TS  0|AC  0|TAMS 0x00000006cf000000, 0x00000006cf000000|
| 137|0x00000006cf100000, 0x00000006cf100000, 0x00000006cf200000|  0%| F|  |TS  0|AC  0|TAMS 0x00000006cf100000, 0x00000006cf100000|
| 138|0x00000006cf200000, 0x00000006cf200000, 0x00000006cf300000|  0%| F|  |TS  0|AC  0|TAMS 0x00000006cf200000, 0x00000006cf200000|
| 139|0x00000006cf300000, 0x00000006cf300000, 0x00000006cf400000|  0%| F|  |TS  0|AC  0|TAMS 0x00000006cf300000, 0x00000006cf300000|
| 140|0x00000006cf400000, 0x00000006cf400000, 0x00000006cf500000|  0%| F|  |TS  0|AC  0|TAMS 0x00000006cf400000, 0x00000006cf400000|
| 141|0x00000006cf500000, 0x00000006cf500000, 0x00000006cf600000|  0%| F|  |TS  0|AC  0|TAMS 0x00000006cf500000, 0x00000006cf500000|
| 142|0x00000006cf600000, 0x00000006cf600000, 0x00000006cf700000|  0%| F|  |TS  0|AC  0|TAMS 0x00000006cf600000, 0x00000006cf600000|
| 143|0x00000006cf700000, 0x00000006cf700000, 0x00000006cf800000|  0%| F|  |TS  0|AC  0|TAMS 0x00000006cf700000, 0x00000006cf700000|
| 144|0x00000006cf800000, 0x00000006cf800000, 0x00000006cf900000|  0%| F|  |TS  0|AC  0|TAMS 0x00000006cf800000, 0x00000006cf800000|
| 145|0x00000006cf900000, 0x00000006cf900000, 0x00000006cfa00000|  0%| F|  |TS  0|AC  0|TAMS 0x00000006cf900000, 0x00000006cf900000|
| 146|0x00000006cfa00000, 0x00000006cfa00000, 0x00000006cfb00000|  0%| F|  |TS  0|AC  0|TAMS 0x00000006cfa00000, 0x00000006cfa00000|
| 147|0x00000006cfb00000, 0x00000006cfb00000, 0x00000006cfc00000|  0%| F|  |TS  0|AC  0|TAMS 0x00000006cfb00000, 0x00000006cfb00000|
| 148|0x00000006cfc00000, 0x00000006cfc00000, 0x00000006cfd00000|  0%| F|  |TS  0|AC  0|TAMS 0x00000006cfc00000, 0x00000006cfc00000|
| 149|0x00000006cfd00000, 0x00000006cfd00000, 0x00000006cfe00000|  0%| F|  |TS  0|AC  0|TAMS 0x00000006cfd00000, 0x00000006cfd00000|
| 150|0x00000006cfe00000, 0x00000006cfe00000, 0x00000006cff00000|  0%| F|  |TS  0|AC  0|TAMS 0x00000006cfe00000, 0x00000006cfe00000|
| 151|0x00000006cff00000, 0x00000006cff00000, 0x00000006d0000000|  0%| F|  |TS  0|AC  0|TAMS 0x00000006cff00000, 0x00000006cff00000|
| 152|0x00000006d0000000, 0x00000006d0000000, 0x00000006d0100000|  0%| F|  |TS  0|AC  0|TAMS 0x00000006d0000000, 0x00000006d0000000|
| 153|0x00000006d0100000, 0x00000006d0100000, 0x00000006d0200000|  0%| F|  |TS  0|AC  0|TAMS 0x00000006d0100000, 0x00000006d0100000|
| 154|0x00000006d0200000, 0x00000006d0200000, 0x00000006d0300000|  0%| F|  |TS  0|AC  0|TAMS 0x00000006d0200000, 0x00000006d0200000|
| 155|0x00000006d0300000, 0x00000006d0300000, 0x00000006d0400000|  0%| F|  |TS  0|AC  0|TAMS 0x00000006d0300000, 0x00000006d0300000|
| 156|0x00000006d0400000, 0x00000006d0400000, 0x00000006d0500000|  0%| F|  |TS  0|AC  0|TAMS 0x00000006d0400000, 0x00000006d0400000|
| 157|0x00000006d0500000, 0x00000006d0500000, 0x00000006d0600000|  0%| F|  |TS  0|AC  0|TAMS 0x00000006d0500000, 0x00000006d0500000|
| 158|0x00000006d0600000, 0x00000006d0600000, 0x00000006d0700000|  0%| F|  |TS  0|AC  0|TAMS 0x00000006d0600000, 0x00000006d0600000|
| 159|0x00000006d0700000, 0x00000006d0700000, 0x00000006d0800000|  0%| F|  |TS  0|AC  0|TAMS 0x00000006d0700000, 0x00000006d0700000|
| 160|0x00000006d0800000, 0x00000006d0800000, 0x00000006d0900000|  0%| F|  |TS  0|AC  0|TAMS 0x00000006d0800000, 0x00000006d0800000|
| 161|0x00000006d0900000, 0x00000006d0900000, 0x00000006d0a00000|  0%| F|  |TS  0|AC  0|TAMS 0x00000006d0900000, 0x00000006d0900000|
| 162|0x00000006d0a00000, 0x00000006d0a00000, 0x00000006d0b00000|  0%| F|  |TS  0|AC  0|TAMS 0x00000006d0a00000, 0x00000006d0a00000|
| 163|0x00000006d0b00000, 0x00000006d0b00000, 0x00000006d0c00000|  0%| F|  |TS  0|AC  0|TAMS 0x00000006d0b00000, 0x00000006d0b00000|
| 164|0x00000006d0c00000, 0x00000006d0c00000, 0x00000006d0d00000|  0%| F|  |TS  0|AC  0|TAMS 0x00000006d0c00000, 0x00000006d0c00000|
| 165|0x00000006d0d00000, 0x00000006d0d00000, 0x00000006d0e00000|  0%| F|  |TS  0|AC  0|TAMS 0x00000006d0d00000, 0x00000006d0d00000|
| 166|0x00000006d0e00000, 0x00000006d0e00000, 0x00000006d0f00000|  0%| F|  |TS  0|AC  0|TAMS 0x00000006d0e00000, 0x00000006d0e00000|
| 167|0x00000006d0f00000, 0x00000006d0f00000, 0x00000006d1000000|  0%| F|  |TS  0|AC  0|TAMS 0x00000006d0f00000, 0x00000006d0f00000|
| 168|0x00000006d1000000, 0x00000006d1000000, 0x00000006d1100000|  0%| F|  |TS  0|AC  0|TAMS 0x00000006d1000000, 0x00000006d1000000|
| 169|0x00000006d1100000, 0x00000006d1100000, 0x00000006d1200000|  0%| F|  |TS  0|AC  0|TAMS 0x00000006d1100000, 0x00000006d1100000|
| 170|0x00000006d1200000, 0x00000006d1200000, 0x00000006d1300000|  0%| F|  |TS  0|AC  0|TAMS 0x00000006d1200000, 0x00000006d1200000|
| 171|0x00000006d1300000, 0x00000006d1300000, 0x00000006d1400000|  0%| F|  |TS  0|AC  0|TAMS 0x00000006d1300000, 0x00000006d1300000|
| 172|0x00000006d1400000, 0x00000006d1400000, 0x00000006d1500000|  0%| F|  |TS  0|AC  0|TAMS 0x00000006d1400000, 0x00000006d1400000|
| 173|0x00000006d1500000, 0x00000006d1500000, 0x00000006d1600000|  0%| F|  |TS  0|AC  0|TAMS 0x00000006d1500000, 0x00000006d1500000|
| 174|0x00000006d1600000, 0x00000006d1600000, 0x00000006d1700000|  0%| F|  |TS  0|AC  0|TAMS 0x00000006d1600000, 0x00000006d1600000|
| 175|0x00000006d1700000, 0x00000006d1700000, 0x00000006d1800000|  0%| F|  |TS  0|AC  0|TAMS 0x00000006d1700000, 0x00000006d1700000|
| 176|0x00000006d1800000, 0x00000006d1800000, 0x00000006d1900000|  0%| F|  |TS  0|AC  0|TAMS 0x00000006d1800000, 0x00000006d1800000|
| 177|0x00000006d1900000, 0x00000006d1900000, 0x00000006d1a00000|  0%| F|  |TS  0|AC  0|TAMS 0x00000006d1900000, 0x00000006d1900000|
| 178|0x00000006d1a00000, 0x00000006d1a00000, 0x00000006d1b00000|  0%| F|  |TS  0|AC  0|TAMS 0x00000006d1a00000, 0x00000006d1a00000|
| 179|0x00000006d1b00000, 0x00000006d1b00000, 0x00000006d1c00000|  0%| F|  |TS  0|AC  0|TAMS 0x00000006d1b00000, 0x00000006d1b00000|
| 180|0x00000006d1c00000, 0x00000006d1c00000, 0x00000006d1d00000|  0%| F|  |TS  0|AC  0|TAMS 0x00000006d1c00000, 0x00000006d1c00000|
| 181|0x00000006d1d00000, 0x00000006d1d00000, 0x00000006d1e00000|  0%| F|  |TS  0|AC  0|TAMS 0x00000006d1d00000, 0x00000006d1d00000|
| 182|0x00000006d1e00000, 0x00000006d1e00000, 0x00000006d1f00000|  0%| F|  |TS  0|AC  0|TAMS 0x00000006d1e00000, 0x00000006d1e00000|
| 183|0x00000006d1f00000, 0x00000006d1f00000, 0x00000006d2000000|  0%| F|  |TS  0|AC  0|TAMS 0x00000006d1f00000, 0x00000006d1f00000|
| 184|0x00000006d2000000, 0x00000006d2000000, 0x00000006d2100000|  0%| F|  |TS  0|AC  0|TAMS 0x00000006d2000000, 0x00000006d2000000|
| 185|0x00000006d2100000, 0x00000006d2100000, 0x00000006d2200000|  0%| F|  |TS  0|AC  0|TAMS 0x00000006d2100000, 0x00000006d2100000|
| 186|0x00000006d2200000, 0x00000006d2200000, 0x00000006d2300000|  0%| F|  |TS  0|AC  0|TAMS 0x00000006d2200000, 0x00000006d2200000|
| 187|0x00000006d2300000, 0x00000006d2300000, 0x00000006d2400000|  0%| F|  |TS  0|AC  0|TAMS 0x00000006d2300000, 0x00000006d2300000|
| 188|0x00000006d2400000, 0x00000006d2400000, 0x00000006d2500000|  0%| F|  |TS  0|AC  0|TAMS 0x00000006d2400000, 0x00000006d2400000|
| 189|0x00000006d2500000, 0x00000006d2500000, 0x00000006d2600000|  0%| F|  |TS  0|AC  0|TAMS 0x00000006d2500000, 0x00000006d2500000|
| 190|0x00000006d2600000, 0x00000006d2600000, 0x00000006d2700000|  0%| F|  |TS  0|AC  0|TAMS 0x00000006d2600000, 0x00000006d2600000|
| 191|0x00000006d2700000, 0x00000006d2700000, 0x00000006d2800000|  0%| F|  |TS  0|AC  0|TAMS 0x00000006d2700000, 0x00000006d2700000|
| 192|0x00000006d2800000, 0x00000006d2800000, 0x00000006d2900000|  0%| F|  |TS  0|AC  0|TAMS 0x00000006d2800000, 0x00000006d2800000|
| 193|0x00000006d2900000, 0x00000006d2900000, 0x00000006d2a00000|  0%| F|  |TS  0|AC  0|TAMS 0x00000006d2900000, 0x00000006d2900000|
| 194|0x00000006d2a00000, 0x00000006d2a00000, 0x00000006d2b00000|  0%| F|  |TS  0|AC  0|TAMS 0x00000006d2a00000, 0x00000006d2a00000|
| 195|0x00000006d2b00000, 0x00000006d2b00000, 0x00000006d2c00000|  0%| F|  |TS  0|AC  0|TAMS 0x00000006d2b00000, 0x00000006d2b00000|
| 196|0x00000006d2c00000, 0x00000006d2c00000, 0x00000006d2d00000|  0%| F|  |TS  0|AC  0|TAMS 0x00000006d2c00000, 0x00000006d2c00000|
| 197|0x00000006d2d00000, 0x00000006d2d00000, 0x00000006d2e00000|  0%| F|  |TS  0|AC  0|TAMS 0x00000006d2d00000, 0x00000006d2d00000|
| 198|0x00000006d2e00000, 0x00000006d2e00000, 0x00000006d2f00000|  0%| F|  |TS  0|AC  0|TAMS 0x00000006d2e00000, 0x00000006d2e00000|
| 199|0x00000006d2f00000, 0x00000006d2f00000, 0x00000006d3000000|  0%| F|  |TS  0|AC  0|TAMS 0x00000006d2f00000, 0x00000006d2f00000|
| 200|0x00000006d3000000, 0x00000006d3000000, 0x00000006d3100000|  0%| F|  |TS  0|AC  0|TAMS 0x00000006d3000000, 0x00000006d3000000|
| 201|0x00000006d3100000, 0x00000006d3100000, 0x00000006d3200000|  0%| F|  |TS  0|AC  0|TAMS 0x00000006d3100000, 0x00000006d3100000|
| 202|0x00000006d3200000, 0x00000006d3200000, 0x00000006d3300000|  0%| F|  |TS  0|AC  0|TAMS 0x00000006d3200000, 0x00000006d3200000|
| 203|0x00000006d3300000, 0x00000006d3300000, 0x00000006d3400000|  0%| F|  |TS  0|AC  0|TAMS 0x00000006d3300000, 0x00000006d3300000|
| 204|0x00000006d3400000, 0x00000006d3400000, 0x00000006d3500000|  0%| F|  |TS  0|AC  0|TAMS 0x00000006d3400000, 0x00000006d3400000|
| 205|0x00000006d3500000, 0x00000006d3500000, 0x00000006d3600000|  0%| F|  |TS  0|AC  0|TAMS 0x00000006d3500000, 0x00000006d3500000|
| 206|0x00000006d3600000, 0x00000006d3600000, 0x00000006d3700000|  0%| F|  |TS  0|AC  0|TAMS 0x00000006d3600000, 0x00000006d3600000|
| 207|0x00000006d3700000, 0x00000006d3700000, 0x00000006d3800000|  0%| F|  |TS  0|AC  0|TAMS 0x00000006d3700000, 0x00000006d3700000|
| 208|0x00000006d3800000, 0x00000006d3800000, 0x00000006d3900000|  0%| F|  |TS  0|AC  0|TAMS 0x00000006d3800000, 0x00000006d3800000|
| 209|0x00000006d3900000, 0x00000006d3900000, 0x00000006d3a00000|  0%| F|  |TS  0|AC  0|TAMS 0x00000006d3900000, 0x00000006d3900000|
| 210|0x00000006d3a00000, 0x00000006d3a00000, 0x00000006d3b00000|  0%| F|  |TS  0|AC  0|TAMS 0x00000006d3a00000, 0x00000006d3a00000|
| 211|0x00000006d3b00000, 0x00000006d3b00000, 0x00000006d3c00000|  0%| F|  |TS  0|AC  0|TAMS 0x00000006d3b00000, 0x00000006d3b00000|
| 212|0x00000006d3c00000, 0x00000006d3c00000, 0x00000006d3d00000|  0%| F|  |TS  0|AC  0|TAMS 0x00000006d3c00000, 0x00000006d3c00000|
| 213|0x00000006d3d00000, 0x00000006d3d00000, 0x00000006d3e00000|  0%| F|  |TS  0|AC  0|TAMS 0x00000006d3d00000, 0x00000006d3d00000|
| 214|0x00000006d3e00000, 0x00000006d3e00000, 0x00000006d3f00000|  0%| F|  |TS  0|AC  0|TAMS 0x00000006d3e00000, 0x00000006d3e00000|
| 215|0x00000006d3f00000, 0x00000006d3f00000, 0x00000006d4000000|  0%| F|  |TS  0|AC  0|TAMS 0x00000006d3f00000, 0x00000006d3f00000|
| 216|0x00000006d4000000, 0x00000006d4000000, 0x00000006d4100000|  0%| F|  |TS  0|AC  0|TAMS 0x00000006d4000000, 0x00000006d4000000|
| 217|0x00000006d4100000, 0x00000006d4100000, 0x00000006d4200000|  0%| F|  |TS  0|AC  0|TAMS 0x00000006d4100000, 0x00000006d4100000|
| 218|0x00000006d4200000, 0x00000006d4200000, 0x00000006d4300000|  0%| F|  |TS  0|AC  0|TAMS 0x00000006d4200000, 0x00000006d4200000|
| 219|0x00000006d4300000, 0x00000006d4300000, 0x00000006d4400000|  0%| F|  |TS  0|AC  0|TAMS 0x00000006d4300000, 0x00000006d4300000|
| 220|0x00000006d4400000, 0x00000006d4400000, 0x00000006d4500000|  0%| F|  |TS  0|AC  0|TAMS 0x00000006d4400000, 0x00000006d4400000|
| 221|0x00000006d4500000, 0x00000006d4500000, 0x00000006d4600000|  0%| F|  |TS  0|AC  0|TAMS 0x00000006d4500000, 0x00000006d4500000|
| 222|0x00000006d4600000, 0x00000006d4600000, 0x00000006d4700000|  0%| F|  |TS  0|AC  0|TAMS 0x00000006d4600000, 0x00000006d4600000|
| 223|0x00000006d4700000, 0x00000006d4700000, 0x00000006d4800000|  0%| F|  |TS  0|AC  0|TAMS 0x00000006d4700000, 0x00000006d4700000|
| 224|0x00000006d4800000, 0x00000006d4800000, 0x00000006d4900000|  0%| F|  |TS  0|AC  0|TAMS 0x00000006d4800000, 0x00000006d4800000|
| 225|0x00000006d4900000, 0x00000006d4900000, 0x00000006d4a00000|  0%| F|  |TS  0|AC  0|TAMS 0x00000006d4900000, 0x00000006d4900000|
| 226|0x00000006d4a00000, 0x00000006d4a00000, 0x00000006d4b00000|  0%| F|  |TS  0|AC  0|TAMS 0x00000006d4a00000, 0x00000006d4a00000|
| 227|0x00000006d4b00000, 0x00000006d4b00000, 0x00000006d4c00000|  0%| F|  |TS  0|AC  0|TAMS 0x00000006d4b00000, 0x00000006d4b00000|
| 228|0x00000006d4c00000, 0x00000006d4c00000, 0x00000006d4d00000|  0%| F|  |TS  0|AC  0|TAMS 0x00000006d4c00000, 0x00000006d4c00000|
| 229|0x00000006d4d00000, 0x00000006d4d00000, 0x00000006d4e00000|  0%| F|  |TS  0|AC  0|TAMS 0x00000006d4d00000, 0x00000006d4d00000|
| 230|0x00000006d4e00000, 0x00000006d4e00000, 0x00000006d4f00000|  0%| F|  |TS  0|AC  0|TAMS 0x00000006d4e00000, 0x00000006d4e00000|
| 231|0x00000006d4f00000, 0x00000006d4f00000, 0x00000006d5000000|  0%| F|  |TS  0|AC  0|TAMS 0x00000006d4f00000, 0x00000006d4f00000|
| 232|0x00000006d5000000, 0x00000006d5000000, 0x00000006d5100000|  0%| F|  |TS  0|AC  0|TAMS 0x00000006d5000000, 0x00000006d5000000|
| 233|0x00000006d5100000, 0x00000006d5100000, 0x00000006d5200000|  0%| F|  |TS  0|AC  0|TAMS 0x00000006d5100000, 0x00000006d5100000|
| 234|0x00000006d5200000, 0x00000006d5200000, 0x00000006d5300000|  0%| F|  |TS  0|AC  0|TAMS 0x00000006d5200000, 0x00000006d5200000|
| 235|0x00000006d5300000, 0x00000006d5300000, 0x00000006d5400000|  0%| F|  |TS  0|AC  0|TAMS 0x00000006d5300000, 0x00000006d5300000|
| 236|0x00000006d5400000, 0x00000006d5400000, 0x00000006d5500000|  0%| F|  |TS  0|AC  0|TAMS 0x00000006d5400000, 0x00000006d5400000|
| 237|0x00000006d5500000, 0x00000006d5500000, 0x00000006d5600000|  0%| F|  |TS  0|AC  0|TAMS 0x00000006d5500000, 0x00000006d5500000|
| 238|0x00000006d5600000, 0x00000006d5600000, 0x00000006d5700000|  0%| F|  |TS  0|AC  0|TAMS 0x00000006d5600000, 0x00000006d5600000|
| 239|0x00000006d5700000, 0x00000006d5700000, 0x00000006d5800000|  0%| F|  |TS  0|AC  0|TAMS 0x00000006d5700000, 0x00000006d5700000|
| 240|0x00000006d5800000, 0x00000006d5800000, 0x00000006d5900000|  0%| F|  |TS  0|AC  0|TAMS 0x00000006d5800000, 0x00000006d5800000|
| 241|0x00000006d5900000, 0x00000006d5900000, 0x00000006d5a00000|  0%| F|  |TS  0|AC  0|TAMS 0x00000006d5900000, 0x00000006d5900000|
| 242|0x00000006d5a00000, 0x00000006d5a7c220, 0x00000006d5b00000| 48%| E|  |TS  0|AC  0|TAMS 0x00000006d5a00000, 0x00000006d5a00000|
| 243|0x00000006d5b00000, 0x00000006d5c00000, 0x00000006d5c00000|100%| E|CS|TS  0|AC  0|TAMS 0x00000006d5b00000, 0x00000006d5b00000|
| 244|0x00000006d5c00000, 0x00000006d5d00000, 0x00000006d5d00000|100%| E|CS|TS  0|AC  0|TAMS 0x00000006d5c00000, 0x00000006d5c00000|
| 245|0x00000006d5d00000, 0x00000006d5e00000, 0x00000006d5e00000|100%| E|CS|TS  0|AC  0|TAMS 0x00000006d5d00000, 0x00000006d5d00000|
| 246|0x00000006d5e00000, 0x00000006d5f00000, 0x00000006d5f00000|100%| E|CS|TS  0|AC  0|TAMS 0x00000006d5e00000, 0x00000006d5e00000|
| 247|0x00000006d5f00000, 0x00000006d6000000, 0x00000006d6000000|100%| E|CS|TS  0|AC  0|TAMS 0x00000006d5f00000, 0x00000006d5f00000|
| 248|0x00000006d6000000, 0x00000006d6100000, 0x00000006d6100000|100%| E|CS|TS  0|AC  0|TAMS 0x00000006d6000000, 0x00000006d6000000|
| 249|0x00000006d6100000, 0x00000006d6200000, 0x00000006d6200000|100%| E|CS|TS  0|AC  0|TAMS 0x00000006d6100000, 0x00000006d6100000|

Card table byte_map: [0x00007f9502587000,0x00007f9502d53000] byte_map_base: 0x00007f94fef53000

Marking Bits (Prev, Next): (CMBitMap*) 0x00007f951c08b890, (CMBitMap*) 0x00007f951c08b8c8
 Prev Bits: [0x00007f94c81a0000, 0x00007f94cc000000)
 Next Bits: [0x00007f94c4340000, 0x00007f94c81a0000)

Polling page: 0x00007f952552b000

CodeHeap 'non-profiled nmethods': size=119172Kb used=120Kb max_used=120Kb free=119051Kb
 bounds [0x00007f950b6c4000, 0x00007f950b934000, 0x00007f9512b25000]
CodeHeap 'profiled nmethods': size=119172Kb used=807Kb max_used=807Kb free=118364Kb
 bounds [0x00007f9504263000, 0x00007f95044d3000, 0x00007f950b6c4000]
CodeHeap 'non-nmethods': size=7416Kb used=2775Kb max_used=2786Kb free=4641Kb
 bounds [0x00007f9503b25000, 0x00007f9503de5000, 0x00007f9504263000]
 total_blobs=988 nmethods=467 adapters=331
 compilation: enabled

Compilation events (10 events):
Event: 1.196 Thread 0x00007f951c220800 nmethod 469 0x00007f9504315a90 code [0x00007f9504315ca0, 0x00007f9504316278]
Event: 1.196 Thread 0x00007f951c220800  470       3       java.util.zip.ZipUtils::CENTIM (9 bytes)
Event: 1.196 Thread 0x00007f951c220800 nmethod 470 0x00007f9504316490 code [0x00007f9504316660, 0x00007f9504316970]
Event: 1.196 Thread 0x00007f951c220800  471       3       java.util.zip.ZipUtils::CENCRC (9 bytes)
Event: 1.197 Thread 0x00007f951c222800 nmethod 467 0x00007f9504316b10 code [0x00007f9504316ce0, 0x00007f9504316fa8]
Event: 1.197 Thread 0x00007f951c220800 nmethod 471 0x00007f9504317090 code [0x00007f9504317260, 0x00007f9504317570]
Event: 1.198 Thread 0x00007f951c224000 nmethod 465 0x00007f9504317710 code [0x00007f9504317b80, 0x00007f950431a7c8]
Event: 1.198 Thread 0x00007f951c224000  472       3       java.util.Vector::add (23 bytes)
Event: 1.198 Thread 0x00007f951c224000 nmethod 472 0x00007f950431b910 code [0x00007f950431bb20, 0x00007f950431c0b8]
Event: 1.199 Thread 0x00007f951c21b000 nmethod 466 0x00007f950b6e1d10 code [0x00007f950b6e1ea0, 0x00007f950b6e20f8]

GC Heap History (0 events):
No events

Deoptimization events (4 events):
Event: 0.634 Thread 0x00007f951c012000 Uncommon trap: reason=unstable_if action=reinterpret pc=0x00007f950b6c92e0 method=java.lang.String.hashCode()I @ 14 c2
Event: 0.820 Thread 0x00007f951c012000 Uncommon trap: reason=unstable_if action=reinterpret pc=0x00007f950b6cd090 method=java.lang.String.isLatin1()Z @ 10 c2
Event: 0.822 Thread 0x00007f951c012000 Uncommon trap: reason=unstable_if action=reinterpret pc=0x00007f950b6ca5f8 method=java.lang.String.isLatin1()Z @ 10 c2
Event: 1.091 Thread 0x00007f951c012000 Uncommon trap: reason=unstable_if action=reinterpret pc=0x00007f950b6d2830 method=java.lang.String.equals(Ljava/lang/Object;)Z @ 27 c2

Classes redefined (0 events):
No events

Internal exceptions (5 events):
Event: 0.785 Thread 0x00007f951c012000 Exception <a 'java/lang/NoSuchMethodError'{0x00000006d5e2e188}: java.lang.invoke.DirectMethodHandle$Holder.invokeVirtual(Ljava/lang/Object;Ljava/lang/Object;Ljava/lang/Object;Ljava/lang/Object;)Ljava/lang/Object;> (0x00000006d5e2e188) thrown at [/build/op
Event: 0.889 Thread 0x00007f951c012000 Exception <a 'java/lang/NoSuchMethodError'{0x00000006d5d6fe78}: method resolution failed> (0x00000006d5d6fe78) thrown at [/build/openjdk-lts-Ae5PRQ/openjdk-lts-10.0.2+13/src/hotspot/share/prims/methodHandles.cpp, line 1226]
Event: 0.898 Thread 0x00007f951c012000 Exception <a 'java/lang/NoSuchMethodError'{0x00000006d5d7c460}: java.lang.invoke.DirectMethodHandle$Holder.invokeStatic(Ljava/lang/Object;Ljava/lang/Object;)I> (0x00000006d5d7c460) thrown at [/build/openjdk-lts-Ae5PRQ/openjdk-lts-10.0.2+13/src/hotspot/sha
Event: 0.900 Thread 0x00007f951c012000 Exception <a 'java/lang/NoSuchMethodError'{0x00000006d5d898b0}: java.lang.Object.of([Ljava/lang/Object;)Ljava/util/stream/Stream;> (0x00000006d5d898b0) thrown at [/build/openjdk-lts-Ae5PRQ/openjdk-lts-10.0.2+13/src/hotspot/share/interpreter/linkResolver.c
Event: 1.025 Thread 0x00007f951c012000 Exception <a 'java/lang/NoSuchMethodError'{0x00000006d5c18a30}: java.lang.Object.lambda$union$2(Ljava/util/regex/Pattern$CharPredicate;I)Z> (0x00000006d5c18a30) thrown at [/build/openjdk-lts-Ae5PRQ/openjdk-lts-10.0.2+13/src/hotspot/share/interpreter/linkR

Events (10 events):
Event: 1.162 loading class com/microsoft/z3/enumerations/Z3_error_code
Event: 1.162 loading class com/microsoft/z3/enumerations/Z3_error_code done
Event: 1.162 loading class com/microsoft/z3/enumerations/Z3_error_code$Z3_error_code_MappingHolder
Event: 1.162 loading class com/microsoft/z3/enumerations/Z3_error_code$Z3_error_code_MappingHolder done
Event: 1.163 loading class com/microsoft/z3/Solver
Event: 1.163 loading class com/microsoft/z3/Solver done
Event: 1.164 loading class com/microsoft/z3/ASTVector
Event: 1.164 loading class com/microsoft/z3/ASTVector done
Event: 1.197 loading class com/microsoft/z3/Quantifier
Event: 1.197 loading class com/microsoft/z3/Quantifier done


Dynamic libraries:
6c6800000-6d6200000 rw-p 00000000 00:00 0 
6d6200000-7c0000000 ---p 00000000 00:00 0 
7c0000000-7c0100000 rw-p 00000000 00:00 0 
7c0100000-800000000 ---p 00000000 00:00 0 
563a1368e000-563a1368f000 r-xp 00000000 fd:00 917705                     /usr/lib/jvm/java-11-openjdk-amd64/bin/java
563a1388f000-563a13890000 r--p 00001000 fd:00 917705                     /usr/lib/jvm/java-11-openjdk-amd64/bin/java
563a13890000-563a13891000 rw-p 00002000 fd:00 917705                     /usr/lib/jvm/java-11-openjdk-amd64/bin/java
563a14756000-563a14777000 rw-p 00000000 00:00 0                          [heap]
7f9420000000-7f9420021000 rw-p 00000000 00:00 0 
7f9420021000-7f9424000000 ---p 00000000 00:00 0 
7f9428000000-7f9428021000 rw-p 00000000 00:00 0 
7f9428021000-7f942c000000 ---p 00000000 00:00 0 
7f942c000000-7f942c021000 rw-p 00000000 00:00 0 
7f942c021000-7f9430000000 ---p 00000000 00:00 0 
7f9431e96000-7f9431ec4000 r-xp 00000000 fd:00 655868                     /usr/lib/x86_64-linux-gnu/libgomp.so.1.0.0
7f9431ec4000-7f94320c3000 ---p 0002e000 fd:00 655868                     /usr/lib/x86_64-linux-gnu/libgomp.so.1.0.0
7f94320c3000-7f94320c4000 r--p 0002d000 fd:00 655868                     /usr/lib/x86_64-linux-gnu/libgomp.so.1.0.0
7f94320c4000-7f94320c5000 rw-p 0002e000 fd:00 655868                     /usr/lib/x86_64-linux-gnu/libgomp.so.1.0.0
7f94320c5000-7f9433381000 r-xp 00000000 fd:00 5374072                    /home/haowu/uran/lib/libz3.so
7f9433381000-7f9433580000 ---p 012bc000 fd:00 5374072                    /home/haowu/uran/lib/libz3.so
7f9433580000-7f94335a3000 r--p 012bb000 fd:00 5374072                    /home/haowu/uran/lib/libz3.so
7f94335a3000-7f94335a6000 rw-p 012de000 fd:00 5374072                    /home/haowu/uran/lib/libz3.so
7f94335a6000-7f94335a7000 rw-p 00000000 00:00 0 
7f94335a7000-7f94335d1000 r-xp 00000000 fd:00 5374074                    /home/haowu/uran/lib/libz3java.so
7f94335d1000-7f94337d0000 ---p 0002a000 fd:00 5374074                    /home/haowu/uran/lib/libz3java.so
7f94337d0000-7f94337d1000 r--p 00029000 fd:00 5374074                    /home/haowu/uran/lib/libz3java.so
7f94337d1000-7f94337d3000 rw-p 0002a000 fd:00 5374074                    /home/haowu/uran/lib/libz3java.so
7f94337d3000-7f9433853000 rw-p 00000000 00:00 0 
7f9433853000-7f94339d3000 ---p 00000000 00:00 0 
7f94339d3000-7f94339ea000 r-xp 00000000 fd:00 1313580                    /usr/lib/jvm/java-11-openjdk-amd64/lib/libnet.so
7f94339ea000-7f9433be9000 ---p 00017000 fd:00 1313580                    /usr/lib/jvm/java-11-openjdk-amd64/lib/libnet.so
7f9433be9000-7f9433bea000 r--p 00016000 fd:00 1313580                    /usr/lib/jvm/java-11-openjdk-amd64/lib/libnet.so
7f9433bea000-7f9433beb000 rw-p 00017000 fd:00 1313580                    /usr/lib/jvm/java-11-openjdk-amd64/lib/libnet.so
7f9433beb000-7f9433bfc000 r-xp 00000000 fd:00 1313584                    /usr/lib/jvm/java-11-openjdk-amd64/lib/libnio.so
7f9433bfc000-7f9433dfb000 ---p 00011000 fd:00 1313584                    /usr/lib/jvm/java-11-openjdk-amd64/lib/libnio.so
7f9433dfb000-7f9433dfc000 r--p 00010000 fd:00 1313584                    /usr/lib/jvm/java-11-openjdk-amd64/lib/libnio.so
7f9433dfc000-7f9433dfd000 rw-p 00011000 fd:00 1313584                    /usr/lib/jvm/java-11-openjdk-amd64/lib/libnio.so
7f9433dfd000-7f9433e01000 ---p 00000000 00:00 0 
7f9433e01000-7f9433efe000 rw-p 00000000 00:00 0 
7f9433efe000-7f9433eff000 ---p 00000000 00:00 0 
7f9433eff000-7f9434000000 rw-p 00000000 00:00 0 
7f9434000000-7f94340d8000 rw-p 00000000 00:00 0 
7f94340d8000-7f9438000000 ---p 00000000 00:00 0 
7f9438000000-7f9438021000 rw-p 00000000 00:00 0 
7f9438021000-7f943c000000 ---p 00000000 00:00 0 
7f943c000000-7f943c093000 rw-p 00000000 00:00 0 
7f943c093000-7f9440000000 ---p 00000000 00:00 0 
7f9440000000-7f9440082000 rw-p 00000000 00:00 0 
7f9440082000-7f9444000000 ---p 00000000 00:00 0 
7f9444000000-7f9444021000 rw-p 00000000 00:00 0 
7f9444021000-7f9448000000 ---p 00000000 00:00 0 
7f9448000000-7f9448344000 rw-p 00000000 00:00 0 
7f9448344000-7f944c000000 ---p 00000000 00:00 0 
7f944c000000-7f944c086000 rw-p 00000000 00:00 0 
7f944c086000-7f9450000000 ---p 00000000 00:00 0 
7f9450000000-7f945005a000 rw-p 00000000 00:00 0 
7f945005a000-7f9454000000 ---p 00000000 00:00 0 
7f9454000000-7f945402e000 rw-p 00000000 00:00 0 
7f945402e000-7f9458000000 ---p 00000000 00:00 0 
7f9458000000-7f9458021000 rw-p 00000000 00:00 0 
7f9458021000-7f945c000000 ---p 00000000 00:00 0 
7f945c000000-7f945c026000 rw-p 00000000 00:00 0 
7f945c026000-7f9460000000 ---p 00000000 00:00 0 
7f9460000000-7f9460021000 rw-p 00000000 00:00 0 
7f9460021000-7f9464000000 ---p 00000000 00:00 0 
7f9464000000-7f9464021000 rw-p 00000000 00:00 0 
7f9464021000-7f9468000000 ---p 00000000 00:00 0 
7f9468000000-7f9468066000 rw-p 00000000 00:00 0 
7f9468066000-7f946c000000 ---p 00000000 00:00 0 
7f946c000000-7f946c021000 rw-p 00000000 00:00 0 
7f946c021000-7f9470000000 ---p 00000000 00:00 0 
7f9470000000-7f9470021000 rw-p 00000000 00:00 0 
7f9470021000-7f9474000000 ---p 00000000 00:00 0 
7f9474000000-7f9474021000 rw-p 00000000 00:00 0 
7f9474021000-7f9478000000 ---p 00000000 00:00 0 
7f9478000000-7f9478021000 rw-p 00000000 00:00 0 
7f9478021000-7f947c000000 ---p 00000000 00:00 0 
7f947c000000-7f947c021000 rw-p 00000000 00:00 0 
7f947c021000-7f9480000000 ---p 00000000 00:00 0 
7f9480000000-7f9480021000 rw-p 00000000 00:00 0 
7f9480021000-7f9484000000 ---p 00000000 00:00 0 
7f9484000000-7f9484021000 rw-p 00000000 00:00 0 
7f9484021000-7f9488000000 ---p 00000000 00:00 0 
7f9488000000-7f9488021000 rw-p 00000000 00:00 0 
7f9488021000-7f948c000000 ---p 00000000 00:00 0 
7f948c000000-7f948c021000 rw-p 00000000 00:00 0 
7f948c021000-7f9490000000 ---p 00000000 00:00 0 
7f9490000000-7f9490021000 rw-p 00000000 00:00 0 
7f9490021000-7f9494000000 ---p 00000000 00:00 0 
7f9494000000-7f9494021000 rw-p 00000000 00:00 0 
7f9494021000-7f9498000000 ---p 00000000 00:00 0 
7f9498000000-7f9498021000 rw-p 00000000 00:00 0 
7f9498021000-7f949c000000 ---p 00000000 00:00 0 
7f949c000000-7f949c021000 rw-p 00000000 00:00 0 
7f949c021000-7f94a0000000 ---p 00000000 00:00 0 
7f94a0000000-7f94a0021000 rw-p 00000000 00:00 0 
7f94a0021000-7f94a4000000 ---p 00000000 00:00 0 
7f94a4000000-7f94a4021000 rw-p 00000000 00:00 0 
7f94a4021000-7f94a8000000 ---p 00000000 00:00 0 
7f94a8000000-7f94a8021000 rw-p 00000000 00:00 0 
7f94a8021000-7f94ac000000 ---p 00000000 00:00 0 
7f94ac000000-7f94ac021000 rw-p 00000000 00:00 0 
7f94ac021000-7f94b0000000 ---p 00000000 00:00 0 
7f94b0000000-7f94b0021000 rw-p 00000000 00:00 0 
7f94b0021000-7f94b4000000 ---p 00000000 00:00 0 
7f94b40e3000-7f94b40e7000 ---p 00000000 00:00 0 
7f94b40e7000-7f94b41e4000 rw-p 00000000 00:00 0 
7f94b41e4000-7f94b41e8000 ---p 00000000 00:00 0 
7f94b41e8000-7f94b42e5000 rw-p 00000000 00:00 0 
7f94b42e5000-7f94b42e9000 ---p 00000000 00:00 0 
7f94b42e9000-7f94b43e6000 rw-p 00000000 00:00 0 
7f94b43e6000-7f94b43ea000 ---p 00000000 00:00 0 
7f94b43ea000-7f94b44e7000 rw-p 00000000 00:00 0 
7f94b44e7000-7f94b44eb000 ---p 00000000 00:00 0 
7f94b44eb000-7f94b45e8000 rw-p 00000000 00:00 0 
7f94b45e8000-7f94b45ec000 ---p 00000000 00:00 0 
7f94b45ec000-7f94b46e9000 rw-p 00000000 00:00 0 
7f94b46e9000-7f94b46ed000 ---p 00000000 00:00 0 
7f94b46ed000-7f94b47ea000 rw-p 00000000 00:00 0 
7f94b47ea000-7f94b47ee000 ---p 00000000 00:00 0 
7f94b47ee000-7f94b48eb000 rw-p 00000000 00:00 0 
7f94b48eb000-7f94b48ef000 ---p 00000000 00:00 0 
7f94b48ef000-7f94b49ec000 rw-p 00000000 00:00 0 
7f94b49ec000-7f94b49f0000 ---p 00000000 00:00 0 
7f94b49f0000-7f94b4aed000 rw-p 00000000 00:00 0 
7f94b4aed000-7f94b4af1000 ---p 00000000 00:00 0 
7f94b4af1000-7f94b4bee000 rw-p 00000000 00:00 0 
7f94b4bee000-7f94b4bf2000 ---p 00000000 00:00 0 
7f94b4bf2000-7f94b4cef000 rw-p 00000000 00:00 0 
7f94b4cef000-7f94b4cf3000 ---p 00000000 00:00 0 
7f94b4cf3000-7f94b4df0000 rw-p 00000000 00:00 0 
7f94b4df0000-7f94b4df4000 ---p 00000000 00:00 0 
7f94b4df4000-7f94b4ef1000 rw-p 00000000 00:00 0 
7f94b4ef1000-7f94b4ef5000 ---p 00000000 00:00 0 
7f94b4ef5000-7f94b4ff2000 rw-p 00000000 00:00 0 
7f94b4ff2000-7f94b5486000 r--p 00000000 fd:00 660691                     /usr/lib/locale/locale-archive
7f94b5486000-7f94b548a000 ---p 00000000 00:00 0 
7f94b548a000-7f94b5587000 rw-p 00000000 00:00 0 
7f94b5587000-7f94b558b000 ---p 00000000 00:00 0 
7f94b558b000-7f94b5688000 rw-p 00000000 00:00 0 
7f94b5688000-7f94b5689000 ---p 00000000 00:00 0 
7f94b5689000-7f94b8000000 rw-p 00000000 00:00 0 
7f94b8000000-7f94b8021000 rw-p 00000000 00:00 0 
7f94b8021000-7f94bc000000 ---p 00000000 00:00 0 
7f94bc000000-7f94bc021000 rw-p 00000000 00:00 0 
7f94bc021000-7f94c0000000 ---p 00000000 00:00 0 
7f94c0000000-7f94c0021000 rw-p 00000000 00:00 0 
7f94c0021000-7f94c4000000 ---p 00000000 00:00 0 
7f94c403a000-7f94c403b000 ---p 00000000 00:00 0 
7f94c403b000-7f94c413c000 rw-p 00000000 00:00 0 
7f94c413c000-7f94c413d000 ---p 00000000 00:00 0 
7f94c413d000-7f94c423e000 rw-p 00000000 00:00 0 
7f94c423e000-7f94c423f000 ---p 00000000 00:00 0 
7f94c423f000-7f94c4728000 rw-p 00000000 00:00 0 
7f94c4728000-7f94c81a0000 ---p 00000000 00:00 0 
7f94c81a0000-7f94c8588000 rw-p 00000000 00:00 0 
7f94c8588000-7f94cc000000 ---p 00000000 00:00 0 
7f94cc000000-7f94cc021000 rw-p 00000000 00:00 0 
7f94cc021000-7f94d0000000 ---p 00000000 00:00 0 
7f94d0000000-7f94d0021000 rw-p 00000000 00:00 0 
7f94d0021000-7f94d4000000 ---p 00000000 00:00 0 
7f94d4000000-7f94d4021000 rw-p 00000000 00:00 0 
7f94d4021000-7f94d8000000 ---p 00000000 00:00 0 
7f94d8000000-7f94d8021000 rw-p 00000000 00:00 0 
7f94d8021000-7f94dc000000 ---p 00000000 00:00 0 
7f94dc000000-7f94dc021000 rw-p 00000000 00:00 0 
7f94dc021000-7f94e0000000 ---p 00000000 00:00 0 
7f94e0000000-7f94e0021000 rw-p 00000000 00:00 0 
7f94e0021000-7f94e4000000 ---p 00000000 00:00 0 
7f94e4000000-7f94e4021000 rw-p 00000000 00:00 0 
7f94e4021000-7f94e8000000 ---p 00000000 00:00 0 
7f94e8000000-7f94e8021000 rw-p 00000000 00:00 0 
7f94e8021000-7f94ec000000 ---p 00000000 00:00 0 
7f94ec000000-7f94ec021000 rw-p 00000000 00:00 0 
7f94ec021000-7f94f0000000 ---p 00000000 00:00 0 
7f94f0000000-7f94f0021000 rw-p 00000000 00:00 0 
7f94f0021000-7f94f4000000 ---p 00000000 00:00 0 
7f94f4000000-7f94f4021000 rw-p 00000000 00:00 0 
7f94f4021000-7f94f8000000 ---p 00000000 00:00 0 
7f94f8000000-7f94f8021000 rw-p 00000000 00:00 0 
7f94f8021000-7f94fc000000 ---p 00000000 00:00 0 
7f94fc000000-7f94fc021000 rw-p 00000000 00:00 0 
7f94fc021000-7f9500000000 ---p 00000000 00:00 0 
7f950000a000-7f9500096000 rw-p 00000000 00:00 0 
7f9500096000-7f9500097000 ---p 00000000 00:00 0 
7f9500097000-7f9500198000 rw-p 00000000 00:00 0 
7f9500198000-7f9500199000 ---p 00000000 00:00 0 
7f9500199000-7f950029a000 rw-p 00000000 00:00 0 
7f950029a000-7f950029b000 ---p 00000000 00:00 0 
7f950029b000-7f950039c000 rw-p 00000000 00:00 0 
7f950039c000-7f950039d000 ---p 00000000 00:00 0 
7f950039d000-7f950049e000 rw-p 00000000 00:00 0 
7f950049e000-7f950049f000 ---p 00000000 00:00 0 
7f950049f000-7f95005a0000 rw-p 00000000 00:00 0 
7f95005a0000-7f95005a1000 ---p 00000000 00:00 0 
7f95005a1000-7f95006a2000 rw-p 00000000 00:00 0 
7f95006a2000-7f95006a3000 ---p 00000000 00:00 0 
7f95006a3000-7f95007a4000 rw-p 00000000 00:00 0 
7f95007a4000-7f95007a5000 ---p 00000000 00:00 0 
7f95007a5000-7f95008a6000 rw-p 00000000 00:00 0 
7f95008a6000-7f95008a7000 ---p 00000000 00:00 0 
7f95008a7000-7f95009a8000 rw-p 00000000 00:00 0 
7f95009a8000-7f95009a9000 ---p 00000000 00:00 0 
7f95009a9000-7f9500aaa000 rw-p 00000000 00:00 0 
7f9500aaa000-7f9500aab000 ---p 00000000 00:00 0 
7f9500aab000-7f95018b9000 rw-p 00000000 00:00 0 
7f95018b9000-7f95018ba000 ---p 00000000 00:00 0 
7f95018ba000-7f95019bb000 rw-p 00000000 00:00 0 
7f95019bb000-7f95019bc000 ---p 00000000 00:00 0 
7f95019bc000-7f9501abd000 rw-p 00000000 00:00 0 
7f9501abd000-7f9501abe000 ---p 00000000 00:00 0 
7f9501abe000-7f9501bbf000 rw-p 00000000 00:00 0 
7f9501bbf000-7f9501bc0000 ---p 00000000 00:00 0 
7f9501bc0000-7f9501e38000 rw-p 00000000 00:00 0 
7f9501e38000-7f9502587000 ---p 00000000 00:00 0 
7f9502587000-7f9502604000 rw-p 00000000 00:00 0 
7f9502604000-7f9502d53000 ---p 00000000 00:00 0 
7f9502d53000-7f9502dd0000 rw-p 00000000 00:00 0 
7f9502dd0000-7f950351f000 ---p 00000000 00:00 0 
7f950351f000-7f9503b25000 rw-p 00000000 00:00 0 
7f9503b25000-7f9503de5000 rwxp 00000000 00:00 0 
7f9503de5000-7f9504263000 ---p 00000000 00:00 0 
7f9504263000-7f95044d3000 rwxp 00000000 00:00 0 
7f95044d3000-7f950b6c4000 ---p 00000000 00:00 0 
7f950b6c4000-7f950b934000 rwxp 00000000 00:00 0 
7f950b934000-7f9512b25000 ---p 00000000 00:00 0 
7f9512b25000-7f951c000000 r--s 00000000 fd:00 1313621                    /usr/lib/jvm/java-11-openjdk-amd64/lib/modules
7f951c000000-7f951c4fc000 rw-p 00000000 00:00 0 
7f951c4fc000-7f9520000000 ---p 00000000 00:00 0 
7f9520017000-7f952071e000 rw-p 00000000 00:00 0 
7f952071e000-7f952071f000 ---p 00000000 00:00 0 
7f952071f000-7f9520820000 rw-p 00000000 00:00 0 
7f9520820000-7f9520821000 ---p 00000000 00:00 0 
7f9520821000-7f9520922000 rw-p 00000000 00:00 0 
7f9520922000-7f9520923000 ---p 00000000 00:00 0 
7f9520923000-7f9520a24000 rw-p 00000000 00:00 0 
7f9520a24000-7f9520a25000 ---p 00000000 00:00 0 
7f9520a25000-7f9520b26000 rw-p 00000000 00:00 0 
7f9520b26000-7f9520b27000 ---p 00000000 00:00 0 
7f9520b27000-7f9520c28000 rw-p 00000000 00:00 0 
7f9520c28000-7f9520c29000 ---p 00000000 00:00 0 
7f9520c29000-7f9520d2a000 rw-p 00000000 00:00 0 
7f9520d2a000-7f9520d2b000 ---p 00000000 00:00 0 
7f9520d2b000-7f9520e2c000 rw-p 00000000 00:00 0 
7f9520e2c000-7f9520e2d000 ---p 00000000 00:00 0 
7f9520e2d000-7f9520f2e000 rw-p 00000000 00:00 0 
7f9520f2e000-7f9520f2f000 ---p 00000000 00:00 0 
7f9520f2f000-7f9521030000 rw-p 00000000 00:00 0 
7f9521030000-7f9521031000 ---p 00000000 00:00 0 
7f9521031000-7f9521132000 rw-p 00000000 00:00 0 
7f9521132000-7f9521133000 ---p 00000000 00:00 0 
7f9521133000-7f9521234000 rw-p 00000000 00:00 0 
7f9521234000-7f9521235000 ---p 00000000 00:00 0 
7f9521235000-7f9521336000 rw-p 00000000 00:00 0 
7f9521336000-7f9521337000 ---p 00000000 00:00 0 
7f9521337000-7f952143d000 rw-p 00000000 00:00 0 
7f952143d000-7f9521521000 ---p 00000000 00:00 0 
7f9521521000-7f9521526000 rw-p 00000000 00:00 0 
7f9521526000-7f952160a000 ---p 00000000 00:00 0 
7f952160a000-7f952160f000 r-xp 00000000 fd:00 1313479                    /usr/lib/jvm/java-11-openjdk-amd64/lib/libjimage.so
7f952160f000-7f952180e000 ---p 00005000 fd:00 1313479                    /usr/lib/jvm/java-11-openjdk-amd64/lib/libjimage.so
7f952180e000-7f952180f000 r--p 00004000 fd:00 1313479                    /usr/lib/jvm/java-11-openjdk-amd64/lib/libjimage.so
7f952180f000-7f9521810000 rw-p 00005000 fd:00 1313479                    /usr/lib/jvm/java-11-openjdk-amd64/lib/libjimage.so
7f9521810000-7f9521817000 r-xp 00000000 fd:00 1313611                    /usr/lib/jvm/java-11-openjdk-amd64/lib/libzip.so
7f9521817000-7f9521a16000 ---p 00007000 fd:00 1313611                    /usr/lib/jvm/java-11-openjdk-amd64/lib/libzip.so
7f9521a16000-7f9521a17000 r--p 00006000 fd:00 1313611                    /usr/lib/jvm/java-11-openjdk-amd64/lib/libzip.so
7f9521a17000-7f9521a18000 rw-p 00007000 fd:00 1313611                    /usr/lib/jvm/java-11-openjdk-amd64/lib/libzip.so
7f9521a18000-7f9521a23000 r-xp 00000000 fd:00 11010322                   /lib/x86_64-linux-gnu/libnss_files-2.27.so
7f9521a23000-7f9521c22000 ---p 0000b000 fd:00 11010322                   /lib/x86_64-linux-gnu/libnss_files-2.27.so
7f9521c22000-7f9521c23000 r--p 0000a000 fd:00 11010322                   /lib/x86_64-linux-gnu/libnss_files-2.27.so
7f9521c23000-7f9521c24000 rw-p 0000b000 fd:00 11010322                   /lib/x86_64-linux-gnu/libnss_files-2.27.so
7f9521c24000-7f9521c2a000 rw-p 00000000 00:00 0 
7f9521c2a000-7f9521c41000 r-xp 00000000 fd:00 11010318                   /lib/x86_64-linux-gnu/libnsl-2.27.so
7f9521c41000-7f9521e40000 ---p 00017000 fd:00 11010318                   /lib/x86_64-linux-gnu/libnsl-2.27.so
7f9521e40000-7f9521e41000 r--p 00016000 fd:00 11010318                   /lib/x86_64-linux-gnu/libnsl-2.27.so
7f9521e41000-7f9521e42000 rw-p 00017000 fd:00 11010318                   /lib/x86_64-linux-gnu/libnsl-2.27.so
7f9521e42000-7f9521e44000 rw-p 00000000 00:00 0 
7f9521e44000-7f9521e4f000 r-xp 00000000 fd:00 11010327                   /lib/x86_64-linux-gnu/libnss_nis-2.27.so
7f9521e4f000-7f952204e000 ---p 0000b000 fd:00 11010327                   /lib/x86_64-linux-gnu/libnss_nis-2.27.so
7f952204e000-7f952204f000 r--p 0000a000 fd:00 11010327                   /lib/x86_64-linux-gnu/libnss_nis-2.27.so
7f952204f000-7f9522050000 rw-p 0000b000 fd:00 11010327                   /lib/x86_64-linux-gnu/libnss_nis-2.27.so
7f9522050000-7f9522058000 r-xp 00000000 fd:00 11010319                   /lib/x86_64-linux-gnu/libnss_compat-2.27.so
7f9522058000-7f9522258000 ---p 00008000 fd:00 11010319                   /lib/x86_64-linux-gnu/libnss_compat-2.27.so
7f9522258000-7f9522259000 r--p 00008000 fd:00 11010319                   /lib/x86_64-linux-gnu/libnss_compat-2.27.so
7f9522259000-7f952225a000 rw-p 00009000 fd:00 11010319                   /lib/x86_64-linux-gnu/libnss_compat-2.27.so
7f952225a000-7f9522286000 r-xp 00000000 fd:00 1313420                    /usr/lib/jvm/java-11-openjdk-amd64/lib/libjava.so
7f9522286000-7f9522485000 ---p 0002c000 fd:00 1313420                    /usr/lib/jvm/java-11-openjdk-amd64/lib/libjava.so
7f9522485000-7f9522486000 r--p 0002b000 fd:00 1313420                    /usr/lib/jvm/java-11-openjdk-amd64/lib/libjava.so
7f9522486000-7f9522488000 rw-p 0002c000 fd:00 1313420                    /usr/lib/jvm/java-11-openjdk-amd64/lib/libjava.so
7f9522488000-7f9522495000 r-xp 00000000 fd:00 1313608                    /usr/lib/jvm/java-11-openjdk-amd64/lib/libverify.so
7f9522495000-7f9522694000 ---p 0000d000 fd:00 1313608                    /usr/lib/jvm/java-11-openjdk-amd64/lib/libverify.so
7f9522694000-7f9522696000 r--p 0000c000 fd:00 1313608                    /usr/lib/jvm/java-11-openjdk-amd64/lib/libverify.so
7f9522696000-7f9522697000 rw-p 0000e000 fd:00 1313608                    /usr/lib/jvm/java-11-openjdk-amd64/lib/libverify.so
7f9522697000-7f952269e000 r-xp 00000000 fd:00 11010337                   /lib/x86_64-linux-gnu/librt-2.27.so
7f952269e000-7f952289d000 ---p 00007000 fd:00 11010337                   /lib/x86_64-linux-gnu/librt-2.27.so
7f952289d000-7f952289e000 r--p 00006000 fd:00 11010337                   /lib/x86_64-linux-gnu/librt-2.27.so
7f952289e000-7f952289f000 rw-p 00007000 fd:00 11010337                   /lib/x86_64-linux-gnu/librt-2.27.so
7f952289f000-7f95228b6000 r-xp 00000000 fd:00 11010236                   /lib/x86_64-linux-gnu/libgcc_s.so.1
7f95228b6000-7f9522ab5000 ---p 00017000 fd:00 11010236                   /lib/x86_64-linux-gnu/libgcc_s.so.1
7f9522ab5000-7f9522ab6000 r--p 00016000 fd:00 11010236                   /lib/x86_64-linux-gnu/libgcc_s.so.1
7f9522ab6000-7f9522ab7000 rw-p 00017000 fd:00 11010236                   /lib/x86_64-linux-gnu/libgcc_s.so.1
7f9522ab7000-7f9522c54000 r-xp 00000000 fd:00 11010313                   /lib/x86_64-linux-gnu/libm-2.27.so
7f9522c54000-7f9522e53000 ---p 0019d000 fd:00 11010313                   /lib/x86_64-linux-gnu/libm-2.27.so
7f9522e53000-7f9522e54000 r--p 0019c000 fd:00 11010313                   /lib/x86_64-linux-gnu/libm-2.27.so
7f9522e54000-7f9522e55000 rw-p 0019d000 fd:00 11010313                   /lib/x86_64-linux-gnu/libm-2.27.so
7f9522e55000-7f9522fce000 r-xp 00000000 fd:00 656275                     /usr/lib/x86_64-linux-gnu/libstdc++.so.6.0.25
7f9522fce000-7f95231ce000 ---p 00179000 fd:00 656275                     /usr/lib/x86_64-linux-gnu/libstdc++.so.6.0.25
7f95231ce000-7f95231d8000 r--p 00179000 fd:00 656275                     /usr/lib/x86_64-linux-gnu/libstdc++.so.6.0.25
7f95231d8000-7f95231da000 rw-p 00183000 fd:00 656275                     /usr/lib/x86_64-linux-gnu/libstdc++.so.6.0.25
7f95231da000-7f95231de000 rw-p 00000000 00:00 0 
7f95231de000-7f952417b000 r-xp 00000000 fd:00 1966113                    /usr/lib/jvm/java-11-openjdk-amd64/lib/server/libjvm.so
7f952417b000-7f952437b000 ---p 00f9d000 fd:00 1966113                    /usr/lib/jvm/java-11-openjdk-amd64/lib/server/libjvm.so
7f952437b000-7f952443f000 r--p 00f9d000 fd:00 1966113                    /usr/lib/jvm/java-11-openjdk-amd64/lib/server/libjvm.so
7f952443f000-7f9524477000 rw-p 01061000 fd:00 1966113                    /usr/lib/jvm/java-11-openjdk-amd64/lib/server/libjvm.so
7f9524477000-7f95244c0000 rw-p 00000000 00:00 0 
7f95244c0000-7f95244dc000 r-xp 00000000 fd:00 11010131                   /lib/x86_64-linux-gnu/libz.so.1.2.11
7f95244dc000-7f95246db000 ---p 0001c000 fd:00 11010131                   /lib/x86_64-linux-gnu/libz.so.1.2.11
7f95246db000-7f95246dc000 r--p 0001b000 fd:00 11010131                   /lib/x86_64-linux-gnu/libz.so.1.2.11
7f95246dc000-7f95246dd000 rw-p 0001c000 fd:00 11010131                   /lib/x86_64-linux-gnu/libz.so.1.2.11
7f95246dd000-7f95246f7000 r-xp 00000000 fd:00 11010333                   /lib/x86_64-linux-gnu/libpthread-2.27.so
7f95246f7000-7f95248f6000 ---p 0001a000 fd:00 11010333                   /lib/x86_64-linux-gnu/libpthread-2.27.so
7f95248f6000-7f95248f7000 r--p 00019000 fd:00 11010333                   /lib/x86_64-linux-gnu/libpthread-2.27.so
7f95248f7000-7f95248f8000 rw-p 0001a000 fd:00 11010333                   /lib/x86_64-linux-gnu/libpthread-2.27.so
7f95248f8000-7f95248fc000 rw-p 00000000 00:00 0 
7f95248fc000-7f95248ff000 r-xp 00000000 fd:00 11010311                   /lib/x86_64-linux-gnu/libdl-2.27.so
7f95248ff000-7f9524afe000 ---p 00003000 fd:00 11010311                   /lib/x86_64-linux-gnu/libdl-2.27.so
7f9524afe000-7f9524aff000 r--p 00002000 fd:00 11010311                   /lib/x86_64-linux-gnu/libdl-2.27.so
7f9524aff000-7f9524b00000 rw-p 00003000 fd:00 11010311                   /lib/x86_64-linux-gnu/libdl-2.27.so
7f9524b00000-7f9524ce7000 r-xp 00000000 fd:00 11010303                   /lib/x86_64-linux-gnu/libc-2.27.so
7f9524ce7000-7f9524ee7000 ---p 001e7000 fd:00 11010303                   /lib/x86_64-linux-gnu/libc-2.27.so
7f9524ee7000-7f9524eeb000 r--p 001e7000 fd:00 11010303                   /lib/x86_64-linux-gnu/libc-2.27.so
7f9524eeb000-7f9524eed000 rw-p 001eb000 fd:00 11010303                   /lib/x86_64-linux-gnu/libc-2.27.so
7f9524eed000-7f9524ef1000 rw-p 00000000 00:00 0 
7f9524ef1000-7f9524f00000 r-xp 00000000 fd:00 1443380                    /usr/lib/jvm/java-11-openjdk-amd64/lib/jli/libjli.so
7f9524f00000-7f95250ff000 ---p 0000f000 fd:00 1443380                    /usr/lib/jvm/java-11-openjdk-amd64/lib/jli/libjli.so
7f95250ff000-7f9525100000 r--p 0000e000 fd:00 1443380                    /usr/lib/jvm/java-11-openjdk-amd64/lib/jli/libjli.so
7f9525100000-7f9525101000 rw-p 0000f000 fd:00 1443380                    /usr/lib/jvm/java-11-openjdk-amd64/lib/jli/libjli.so
7f9525101000-7f9525107000 r-xp 00000000 fd:00 656253                     /usr/lib/x86_64-linux-gnu/libgtk3-nocsd.so.0
7f9525107000-7f9525306000 ---p 00006000 fd:00 656253                     /usr/lib/x86_64-linux-gnu/libgtk3-nocsd.so.0
7f9525306000-7f9525307000 r--p 00005000 fd:00 656253                     /usr/lib/x86_64-linux-gnu/libgtk3-nocsd.so.0
7f9525307000-7f9525308000 rw-p 00006000 fd:00 656253                     /usr/lib/x86_64-linux-gnu/libgtk3-nocsd.so.0
7f9525308000-7f952532f000 r-xp 00000000 fd:00 11010273                   /lib/x86_64-linux-gnu/ld-2.27.so
7f952535a000-7f9525407000 rw-p 00000000 00:00 0 
7f9525407000-7f952540b000 ---p 00000000 00:00 0 
7f952540b000-7f952550d000 rw-p 00000000 00:00 0 
7f9525513000-7f952551a000 rw-p 00000000 00:00 0 
7f952551a000-7f9525523000 ---p 00000000 00:00 0 
7f9525523000-7f952552b000 rw-s 00000000 fd:00 8279183                    /tmp/hsperfdata_haowu/10831
7f952552b000-7f952552c000 ---p 00000000 00:00 0 
7f952552c000-7f952552d000 r--p 00000000 00:00 0 
7f952552d000-7f952552f000 rw-p 00000000 00:00 0 
7f952552f000-7f9525530000 r--p 00027000 fd:00 11010273                   /lib/x86_64-linux-gnu/ld-2.27.so
7f9525530000-7f9525531000 rw-p 00028000 fd:00 11010273                   /lib/x86_64-linux-gnu/ld-2.27.so
7f9525531000-7f9525532000 rw-p 00000000 00:00 0 
7ffea9b55000-7ffea9b77000 rw-p 00000000 00:00 0                          [stack]
7ffea9ba3000-7ffea9ba6000 r--p 00000000 00:00 0                          [vvar]
7ffea9ba6000-7ffea9ba8000 r-xp 00000000 00:00 0                          [vdso]
ffffffffff600000-ffffffffff601000 r-xp 00000000 00:00 0                  [vsyscall]


VM Arguments:
jvm_args: -Djava.library.path=/home/haowu/uran/lib 
java_command: org.apache.tools.ant.taskdefs.optional.junit.JUnitTestRunner uran.test.formula.unsat.test skipNonTests=false filtertrace=true haltOnError=false haltOnFailure=true formatter=org.apache.tools.ant.taskdefs.optional.junit.SummaryJUnitResultFormatter showoutput=false outputtoformatters=true logfailedtests=true threadid=0 logtestlistenerevents=false formatter=org.apache.tools.ant.taskdefs.optional.junit.BriefJUnitResultFormatter crashfile=/home/haowu/uran/junitvmwatcher869232688982613417.properties propsfile=/home/haowu/uran/junit18412554945666677903.properties
java_class_path (initial): /home/haowu/uran/lib/junit.jar:/home/haowu/uran/build/classes:/home/haowu/uran/lib/com.microsoft.z3.jar:/home/haowu/uran/build/classes/test:/home/haowu/lib/com.microsoft.z3.jar:/usr/share/java/ant-launcher-1.10.3.jar:/usr/share/ant/lib/ant.jar:/usr/share/ant/lib/ant-junit.jar:/usr/share/ant/lib/ant-junit4.jar
Launcher Type: SUN_STANDARD

Logging:
Log output configuration:
#0: stdout all=warning uptime,level,tags
#1: stderr all=off uptime,level,tags

Environment Variables:
CLASSPATH=:/home/haowu/lib/com.microsoft.z3.jar:/home/haowu/uran/build/classes
PATH=/home/haowu/bin:/home/haowu/.local/bin:/usr/local/sbin:/usr/local/bin:/usr/sbin:/usr/bin:/sbin:/bin:/usr/games:/usr/local/games:/snap/bin
USERNAME=haowu
LD_LIBRARY_PATH=/home/haowu/uran/lib
LD_PRELOAD=libgtk3-nocsd.so.0
SHELL=/bin/bash
DISPLAY=:1

Signal Handlers:
SIGSEGV: [libjvm.so+0xd28b70], sa_mask[0]=11111111011111111101111111111110, sa_flags=SA_RESTART|SA_SIGINFO
SIGBUS: [libjvm.so+0xd28b70], sa_mask[0]=11111111011111111101111111111110, sa_flags=SA_RESTART|SA_SIGINFO
SIGFPE: [libjvm.so+0xd28b70], sa_mask[0]=11111111011111111101111111111110, sa_flags=SA_RESTART|SA_SIGINFO
SIGPIPE: [libjvm.so+0xb2a1f0], sa_mask[0]=11111111011111111101111111111110, sa_flags=SA_RESTART|SA_SIGINFO
SIGXFSZ: [libjvm.so+0xb2a1f0], sa_mask[0]=11111111011111111101111111111110, sa_flags=SA_RESTART|SA_SIGINFO
SIGILL: [libjvm.so+0xd28b70], sa_mask[0]=11111111011111111101111111111110, sa_flags=SA_RESTART|SA_SIGINFO
SIGUSR2: [libjvm.so+0xb2a030], sa_mask[0]=00100000000000000000000000000000, sa_flags=SA_RESTART|SA_SIGINFO
SIGHUP: [libjvm.so+0xb2a180], sa_mask[0]=11111111011111111101111111111110, sa_flags=SA_RESTART|SA_SIGINFO
SIGINT: [libjvm.so+0xb2a180], sa_mask[0]=11111111011111111101111111111110, sa_flags=SA_RESTART|SA_SIGINFO
SIGTERM: [libjvm.so+0xb2a180], sa_mask[0]=11111111011111111101111111111110, sa_flags=SA_RESTART|SA_SIGINFO
SIGQUIT: [libjvm.so+0xb2a180], sa_mask[0]=11111111011111111101111111111110, sa_flags=SA_RESTART|SA_SIGINFO


---------------  S Y S T E M  ---------------

OS:DISTRIB_ID=Ubuntu
DISTRIB_RELEASE=18.04
DISTRIB_CODENAME=bionic
DISTRIB_DESCRIPTION="Ubuntu 18.04.1 LTS"
uname:Linux 4.15.0-39-generic #42-Ubuntu SMP Tue Oct 23 15:48:01 UTC 2018 x86_64
libc:glibc 2.27 NPTL 2.27 
rlimit: STACK infinity, CORE 0k, NPROC 62987, NOFILE 4096, AS infinity, DATA infinity, FSIZE infinity
load average:12.05 5.32 2.90

/proc/meminfo:
MemTotal:       16343460 kB
MemFree:          182480 kB
MemAvailable:    1167152 kB
Buffers:          152140 kB
Cached:           749660 kB
SwapCached:          996 kB
Active:         13436540 kB
Inactive:        1626352 kB
Active(anon):   13067312 kB
Inactive(anon):  1218224 kB
Active(file):     369228 kB
Inactive(file):   408128 kB
Unevictable:          16 kB
Mlocked:              16 kB
SwapTotal:      16695292 kB
SwapFree:       16641276 kB
Dirty:             14176 kB
Writeback:             0 kB
AnonPages:      14161056 kB
Mapped:           595836 kB
Shmem:            123972 kB
Slab:             672692 kB
SReclaimable:     544496 kB
SUnreclaim:       128196 kB
KernelStack:       24720 kB
PageTables:        97940 kB
NFS_Unstable:          0 kB
Bounce:                0 kB
WritebackTmp:          0 kB
CommitLimit:    24867020 kB
Committed_AS:   24236036 kB
VmallocTotal:   34359738367 kB
VmallocUsed:           0 kB
VmallocChunk:          0 kB
HardwareCorrupted:     0 kB
AnonHugePages:         0 kB
ShmemHugePages:        0 kB
ShmemPmdMapped:        0 kB
CmaTotal:              0 kB
CmaFree:               0 kB
HugePages_Total:       0
HugePages_Free:        0
HugePages_Rsvd:        0
HugePages_Surp:        0
Hugepagesize:       2048 kB
DirectMap4k:      746036 kB
DirectMap2M:    15951872 kB
DirectMap1G:           0 kB

container (cgroup) information:
container_type: cgroupv1
cpu_cpuset_cpus: 0-15
cpu_memory_nodes: 0
active_processor_count: 16
cpu_quota: -1
cpu_period: 100000
cpu_shares: -1
memory_limit_in_bytes: -1
memory_and_swap_limit_in_bytes: -2
memory_soft_limit_in_bytes: -1
memory_usage_in_bytes: 15426924544
memory_max_usage_in_bytes: 5017600


CPU:total 16 (initial active 16) (8 cores per cpu, 2 threads per core) family 6 model 79 stepping 1, cmov, cx8, fxsr, mmx, sse, sse2, sse3, ssse3, sse4.1, sse4.2, popcnt, avx, avx2, aes, clmul, erms, rtm, 3dnowpref, lzcnt, ht, tsc, tscinvbit, bmi1, bmi2, adx, fma
CPU Model and flags from /proc/cpuinfo:
model name	: Intel(R) Xeon(R) CPU E5-1660 v4 @ 3.20GHz
flags		: fpu vme de pse tsc msr pae mce cx8 apic sep mtrr pge mca cmov pat pse36 clflush dts acpi mmx fxsr sse sse2 ss ht tm pbe syscall nx pdpe1gb rdtscp lm constant_tsc arch_perfmon pebs bts rep_good nopl xtopology nonstop_tsc cpuid aperfmperf pni pclmulqdq dtes64 monitor ds_cpl vmx smx est tm2 ssse3 sdbg fma cx16 xtpr pdcm pcid dca sse4_1 sse4_2 x2apic movbe popcnt tsc_deadline_timer aes xsave avx f16c rdrand lahf_lm abm 3dnowprefetch cpuid_fault epb cat_l3 cdp_l3 invpcid_single pti intel_ppin ssbd ibrs ibpb stibp tpr_shadow vnmi flexpriority ept vpid fsgsbase tsc_adjust bmi1 hle avx2 smep bmi2 erms invpcid rtm cqm rdt_a rdseed adx smap intel_pt xsaveopt cqm_llc cqm_occup_llc cqm_mbm_total cqm_mbm_local dtherm ida arat pln pts flush_l1d

Memory: 4k page, physical 16343460k(184564k free), swap 16695292k(16641276k free)

vm_info: OpenJDK 64-Bit Server VM (10.0.2+13-Ubuntu-1ubuntu0.18.04.4) for linux-amd64 JRE (10.0.2+13-Ubuntu-1ubuntu0.18.04.4), built on Nov 13 2018 12:53:39 by "buildd" with gcc 7.3.0

END.
